[1.209s] Invoking command in '/home/albert/ros2_ws/src/task_4': PYTHONPATH=/home/albert/ros2_ws/build/task_4/prefix_override:/usr/lib/python3/dist-packages/colcon_core/task/python/colcon_distutils_commands:/home/albert/ros2_ws/install/task_4/lib/python3.10/site-packages:${PYTHONPATH} /usr/bin/python3 -W ignore:setup.py install is deprecated -W ignore:easy_install command is deprecated setup.py egg_info --egg-base ../../build/task_4 build --build-base /home/albert/ros2_ws/build/task_4/build install --record /home/albert/ros2_ws/build/task_4/install.log --single-version-externally-managed install_data
[1.463s] running egg_info
[1.463s] writing ../../build/task_4/task_4.egg-info/PKG-INFO
[1.463s] writing dependency_links to ../../build/task_4/task_4.egg-info/dependency_links.txt
[1.464s] writing entry points to ../../build/task_4/task_4.egg-info/entry_points.txt
[1.464s] writing requirements to ../../build/task_4/task_4.egg-info/requires.txt
[1.464s] writing top-level names to ../../build/task_4/task_4.egg-info/top_level.txt
[1.466s] reading manifest file '../../build/task_4/task_4.egg-info/SOURCES.txt'
[1.467s] writing manifest file '../../build/task_4/task_4.egg-info/SOURCES.txt'
[1.467s] running build
[1.467s] running build_py
[1.467s] copying task_4/auto_navigator.py -> /home/albert/ros2_ws/build/task_4/build/lib/task_4
[1.467s] running install
[1.468s] running install_lib
[1.469s] copying /home/albert/ros2_ws/build/task_4/build/lib/task_4/auto_navigator.py -> /home/albert/ros2_ws/install/task_4/lib/python3.10/site-packages/task_4
[1.469s] byte-compiling /home/albert/ros2_ws/install/task_4/lib/python3.10/site-packages/task_4/auto_navigator.py to auto_navigator.cpython-310.pyc
[1.474s] running install_data
[1.474s] running install_egg_info
[1.476s] removing '/home/albert/ros2_ws/install/task_4/lib/python3.10/site-packages/task_4-0.0.0-py3.10.egg-info' (and everything under it)
[1.476s] Copying ../../build/task_4/task_4.egg-info to /home/albert/ros2_ws/install/task_4/lib/python3.10/site-packages/task_4-0.0.0-py3.10.egg-info
[1.477s] running install_scripts
[1.497s] Installing navigation script to /home/albert/ros2_ws/install/task_4/lib/task_4
[1.497s] writing list of installed files to '/home/albert/ros2_ws/build/task_4/install.log'
