running egg_info
creating ../../build/task_3/task_3.egg-info
writing ../../build/task_3/task_3.egg-info/PKG-INFO
writing dependency_links to ../../build/task_3/task_3.egg-info/dependency_links.txt
writing entry points to ../../build/task_3/task_3.egg-info/entry_points.txt
writing requirements to ../../build/task_3/task_3.egg-info/requires.txt
writing top-level names to ../../build/task_3/task_3.egg-info/top_level.txt
writing manifest file '../../build/task_3/task_3.egg-info/SOURCES.txt'
reading manifest file '../../build/task_3/task_3.egg-info/SOURCES.txt'
adding license file 'LICENSE'
writing manifest file '../../build/task_3/task_3.egg-info/SOURCES.txt'
running build
running build_py
creating /home/albert/ros2_ws/build/task_3/build
creating /home/albert/ros2_ws/build/task_3/build/lib
creating /home/albert/ros2_ws/build/task_3/build/lib/task_3
copying task_3/pid_controller.py -> /home/albert/ros2_ws/build/task_3/build/lib/task_3
copying task_3/__init__.py -> /home/albert/ros2_ws/build/task_3/build/lib/task_3
copying task_3/find_angel.py -> /home/albert/ros2_ws/build/task_3/build/lib/task_3
running install
running install_lib
creating /home/albert/ros2_ws/install/task_3/lib/python3.10/site-packages/task_3
copying /home/albert/ros2_ws/build/task_3/build/lib/task_3/pid_controller.py -> /home/albert/ros2_ws/install/task_3/lib/python3.10/site-packages/task_3
copying /home/albert/ros2_ws/build/task_3/build/lib/task_3/__init__.py -> /home/albert/ros2_ws/install/task_3/lib/python3.10/site-packages/task_3
copying /home/albert/ros2_ws/build/task_3/build/lib/task_3/find_angel.py -> /home/albert/ros2_ws/install/task_3/lib/python3.10/site-packages/task_3
byte-compiling /home/albert/ros2_ws/install/task_3/lib/python3.10/site-packages/task_3/pid_controller.py to pid_controller.cpython-310.pyc
byte-compiling /home/albert/ros2_ws/install/task_3/lib/python3.10/site-packages/task_3/__init__.py to __init__.cpython-310.pyc
byte-compiling /home/albert/ros2_ws/install/task_3/lib/python3.10/site-packages/task_3/find_angel.py to find_angel.cpython-310.pyc
running install_data
creating /home/albert/ros2_ws/install/task_3/share/ament_index
creating /home/albert/ros2_ws/install/task_3/share/ament_index/resource_index
creating /home/albert/ros2_ws/install/task_3/share/ament_index/resource_index/packages
copying resource/task_3 -> /home/albert/ros2_ws/install/task_3/share/ament_index/resource_index/packages
copying package.xml -> /home/albert/ros2_ws/install/task_3/share/task_3
creating /home/albert/ros2_ws/install/task_3/share/task_3/launch
creating /home/albert/ros2_ws/install/task_3/share/task_3/launch/pid_control_launch.py
copying launch/pid_control_launch.py -> /home/albert/ros2_ws/install/task_3/share/task_3/launch/pid_control_launch.py
running install_egg_info
Copying ../../build/task_3/task_3.egg-info to /home/albert/ros2_ws/install/task_3/lib/python3.10/site-packages/task_3-0.0.0-py3.10.egg-info
running install_scripts
Installing pid_speed_controller script to /home/albert/ros2_ws/install/task_3/lib/task_3
writing list of installed files to '/home/albert/ros2_ws/build/task_3/install.log'
