[1.806s] Invoking command in '/home/albert/ros2_ws/src/task_4': PYTHONPATH=/home/albert/ros2_ws/build/task_4/prefix_override:/usr/lib/python3/dist-packages/colcon_core/task/python/colcon_distutils_commands:/home/albert/ros2_ws/install/task_4/lib/python3.10/site-packages:${PYTHONPATH} /usr/bin/python3 -W ignore:setup.py install is deprecated -W ignore:easy_install command is deprecated setup.py egg_info --egg-base ../../build/task_4 build --build-base /home/albert/ros2_ws/build/task_4/build install --record /home/albert/ros2_ws/build/task_4/install.log --single-version-externally-managed install_data
[2.558s] running egg_info
[2.560s] writing ../../build/task_4/task_4.egg-info/PKG-INFO
[2.561s] writing dependency_links to ../../build/task_4/task_4.egg-info/dependency_links.txt
[2.561s] writing entry points to ../../build/task_4/task_4.egg-info/entry_points.txt
[2.562s] writing requirements to ../../build/task_4/task_4.egg-info/requires.txt
[2.562s] writing top-level names to ../../build/task_4/task_4.egg-info/top_level.txt
[2.566s] reading manifest file '../../build/task_4/task_4.egg-info/SOURCES.txt'
[2.570s] writing manifest file '../../build/task_4/task_4.egg-info/SOURCES.txt'
[2.570s] running build
[2.570s] running build_py
[2.571s] copying task_4/auto_navigator.py -> /home/albert/ros2_ws/build/task_4/build/lib/task_4
[2.571s] running install
[2.572s] running install_lib
[2.575s] copying /home/albert/ros2_ws/build/task_4/build/lib/task_4/auto_navigator.py -> /home/albert/ros2_ws/install/task_4/lib/python3.10/site-packages/task_4
[2.577s] byte-compiling /home/albert/ros2_ws/install/task_4/lib/python3.10/site-packages/task_4/auto_navigator.py to auto_navigator.cpython-310.pyc
[2.588s] running install_data
[2.588s] running install_egg_info
[2.595s] removing '/home/albert/ros2_ws/install/task_4/lib/python3.10/site-packages/task_4-0.0.0-py3.10.egg-info' (and everything under it)
[2.596s] Copying ../../build/task_4/task_4.egg-info to /home/albert/ros2_ws/install/task_4/lib/python3.10/site-packages/task_4-0.0.0-py3.10.egg-info
[2.598s] running install_scripts
[2.650s] Installing Navigation script to /home/albert/ros2_ws/install/task_4/lib/task_4
[2.652s] writing list of installed files to '/home/albert/ros2_ws/build/task_4/install.log'
[2.726s] Invoked command in '/home/albert/ros2_ws/src/task_4' returned '0': PYTHONPATH=/home/albert/ros2_ws/build/task_4/prefix_override:/usr/lib/python3/dist-packages/colcon_core/task/python/colcon_distutils_commands:/home/albert/ros2_ws/install/task_4/lib/python3.10/site-packages:${PYTHONPATH} /usr/bin/python3 -W ignore:setup.py install is deprecated -W ignore:easy_install command is deprecated setup.py egg_info --egg-base ../../build/task_4 build --build-base /home/albert/ros2_ws/build/task_4/build install --record /home/albert/ros2_ws/build/task_4/install.log --single-version-externally-managed install_data
