[0.253s] DEBUG:colcon:Command line arguments: ['/usr/bin/colcon', 'build', '--packages-select', 'task_4']
[0.253s] DEBUG:colcon:Parsed command line arguments: Namespace(log_base=None, log_level=None, verb_name='build', build_base='build', install_base='install', merge_install=False, symlink_install=False, test_result_base=None, continue_on_error=False, executor='parallel', parallel_workers=12, event_handlers=None, ignore_user_meta=False, metas=['./colcon.meta'], base_paths=['.'], packages_ignore=None, packages_ignore_regex=None, paths=None, packages_up_to=None, packages_up_to_regex=None, packages_above=None, packages_above_and_dependencies=None, packages_above_depth=None, packages_select_by_dep=None, packages_skip_by_dep=None, packages_skip_up_to=None, packages_select_build_failed=False, packages_skip_build_finished=False, packages_select_test_failures=False, packages_skip_test_passed=False, packages_select=['task_4'], packages_skip=None, packages_select_regex=None, packages_skip_regex=None, packages_start=None, packages_end=None, allow_overriding=[], cmake_args=None, cmake_target=None, cmake_target_skip_unavailable=False, cmake_clean_cache=False, cmake_clean_first=False, cmake_force_configure=False, ament_cmake_args=None, catkin_cmake_args=None, catkin_skip_building_tests=False, verb_parser=<colcon_defaults.argument_parser.defaults.DefaultArgumentsDecorator object at 0x7c6d36460bb0>, verb_extension=<colcon_core.verb.build.BuildVerb object at 0x7c6d365de470>, main=<bound method BuildVerb.main of <colcon_core.verb.build.BuildVerb object at 0x7c6d365de470>>)
[0.656s] Level 1:colcon.colcon_core.package_discovery:discover_packages(colcon_meta) check parameters
[0.656s] Level 1:colcon.colcon_core.package_discovery:discover_packages(recursive) check parameters
[0.656s] Level 1:colcon.colcon_core.package_discovery:discover_packages(ignore) check parameters
[0.656s] Level 1:colcon.colcon_core.package_discovery:discover_packages(path) check parameters
[0.657s] Level 1:colcon.colcon_core.package_discovery:discover_packages(colcon_meta) discover
[0.657s] Level 1:colcon.colcon_core.package_discovery:discover_packages(recursive) discover
[0.657s] INFO:colcon.colcon_core.package_discovery:Crawling recursively for packages in '/home/albert/ros2_ws'
[0.657s] Level 1:colcon.colcon_core.package_identification:_identify(.) by extensions ['ignore', 'ignore_ament_install']
[0.657s] Level 1:colcon.colcon_core.package_identification:_identify(.) by extension 'ignore'
[0.657s] Level 1:colcon.colcon_core.package_identification:_identify(.) by extension 'ignore_ament_install'
[0.657s] Level 1:colcon.colcon_core.package_identification:_identify(.) by extensions ['colcon_pkg']
[0.657s] Level 1:colcon.colcon_core.package_identification:_identify(.) by extension 'colcon_pkg'
[0.657s] Level 1:colcon.colcon_core.package_identification:_identify(.) by extensions ['colcon_meta']
[0.657s] Level 1:colcon.colcon_core.package_identification:_identify(.) by extension 'colcon_meta'
[0.657s] Level 1:colcon.colcon_core.package_identification:_identify(.) by extensions ['ros']
[0.658s] Level 1:colcon.colcon_core.package_identification:_identify(.) by extension 'ros'
[0.737s] Level 1:colcon.colcon_core.package_identification:_identify(.) by extensions ['cmake', 'python']
[0.737s] Level 1:colcon.colcon_core.package_identification:_identify(.) by extension 'cmake'
[0.737s] Level 1:colcon.colcon_core.package_identification:_identify(.) by extension 'python'
[0.737s] Level 1:colcon.colcon_core.package_identification:_identify(.) by extensions ['python_setup_py']
[0.737s] Level 1:colcon.colcon_core.package_identification:_identify(.) by extension 'python_setup_py'
[0.738s] Level 1:colcon.colcon_core.package_identification:_identify(ME597-Spring2025) by extensions ['ignore', 'ignore_ament_install']
[0.738s] Level 1:colcon.colcon_core.package_identification:_identify(ME597-Spring2025) by extension 'ignore'
[0.739s] Level 1:colcon.colcon_core.package_identification:_identify(ME597-Spring2025) by extension 'ignore_ament_install'
[0.739s] Level 1:colcon.colcon_core.package_identification:_identify(ME597-Spring2025) by extensions ['colcon_pkg']
[0.739s] Level 1:colcon.colcon_core.package_identification:_identify(ME597-Spring2025) by extension 'colcon_pkg'
[0.739s] Level 1:colcon.colcon_core.package_identification:_identify(ME597-Spring2025) by extensions ['colcon_meta']
[0.739s] Level 1:colcon.colcon_core.package_identification:_identify(ME597-Spring2025) by extension 'colcon_meta'
[0.739s] Level 1:colcon.colcon_core.package_identification:_identify(ME597-Spring2025) by extensions ['ros']
[0.739s] Level 1:colcon.colcon_core.package_identification:_identify(ME597-Spring2025) by extension 'ros'
[0.740s] Level 1:colcon.colcon_core.package_identification:_identify(ME597-Spring2025) by extensions ['cmake', 'python']
[0.740s] Level 1:colcon.colcon_core.package_identification:_identify(ME597-Spring2025) by extension 'cmake'
[0.740s] Level 1:colcon.colcon_core.package_identification:_identify(ME597-Spring2025) by extension 'python'
[0.740s] Level 1:colcon.colcon_core.package_identification:_identify(ME597-Spring2025) by extensions ['python_setup_py']
[0.740s] Level 1:colcon.colcon_core.package_identification:_identify(ME597-Spring2025) by extension 'python_setup_py'
[0.740s] Level 1:colcon.colcon_core.package_identification:_identify(ME597-Spring2025/0-Setup) by extensions ['ignore', 'ignore_ament_install']
[0.741s] Level 1:colcon.colcon_core.package_identification:_identify(ME597-Spring2025/0-Setup) by extension 'ignore'
[0.741s] Level 1:colcon.colcon_core.package_identification:_identify(ME597-Spring2025/0-Setup) by extension 'ignore_ament_install'
[0.741s] Level 1:colcon.colcon_core.package_identification:_identify(ME597-Spring2025/0-Setup) by extensions ['colcon_pkg']
[0.741s] Level 1:colcon.colcon_core.package_identification:_identify(ME597-Spring2025/0-Setup) by extension 'colcon_pkg'
[0.741s] Level 1:colcon.colcon_core.package_identification:_identify(ME597-Spring2025/0-Setup) by extensions ['colcon_meta']
[0.741s] Level 1:colcon.colcon_core.package_identification:_identify(ME597-Spring2025/0-Setup) by extension 'colcon_meta'
[0.742s] Level 1:colcon.colcon_core.package_identification:_identify(ME597-Spring2025/0-Setup) by extensions ['ros']
[0.742s] Level 1:colcon.colcon_core.package_identification:_identify(ME597-Spring2025/0-Setup) by extension 'ros'
[0.742s] Level 1:colcon.colcon_core.package_identification:_identify(ME597-Spring2025/0-Setup) by extensions ['cmake', 'python']
[0.743s] Level 1:colcon.colcon_core.package_identification:_identify(ME597-Spring2025/0-Setup) by extension 'cmake'
[0.743s] Level 1:colcon.colcon_core.package_identification:_identify(ME597-Spring2025/0-Setup) by extension 'python'
[0.743s] Level 1:colcon.colcon_core.package_identification:_identify(ME597-Spring2025/0-Setup) by extensions ['python_setup_py']
[0.743s] Level 1:colcon.colcon_core.package_identification:_identify(ME597-Spring2025/0-Setup) by extension 'python_setup_py'
[0.743s] Level 1:colcon.colcon_core.package_identification:_identify(ME597-Spring2025/0-Setup/Resources) by extensions ['ignore', 'ignore_ament_install']
[0.744s] Level 1:colcon.colcon_core.package_identification:_identify(ME597-Spring2025/0-Setup/Resources) by extension 'ignore'
[0.744s] Level 1:colcon.colcon_core.package_identification:_identify(ME597-Spring2025/0-Setup/Resources) by extension 'ignore_ament_install'
[0.745s] Level 1:colcon.colcon_core.package_identification:_identify(ME597-Spring2025/0-Setup/Resources) by extensions ['colcon_pkg']
[0.745s] Level 1:colcon.colcon_core.package_identification:_identify(ME597-Spring2025/0-Setup/Resources) by extension 'colcon_pkg'
[0.745s] Level 1:colcon.colcon_core.package_identification:_identify(ME597-Spring2025/0-Setup/Resources) by extensions ['colcon_meta']
[0.745s] Level 1:colcon.colcon_core.package_identification:_identify(ME597-Spring2025/0-Setup/Resources) by extension 'colcon_meta'
[0.745s] Level 1:colcon.colcon_core.package_identification:_identify(ME597-Spring2025/0-Setup/Resources) by extensions ['ros']
[0.745s] Level 1:colcon.colcon_core.package_identification:_identify(ME597-Spring2025/0-Setup/Resources) by extension 'ros'
[0.745s] Level 1:colcon.colcon_core.package_identification:_identify(ME597-Spring2025/0-Setup/Resources) by extensions ['cmake', 'python']
[0.746s] Level 1:colcon.colcon_core.package_identification:_identify(ME597-Spring2025/0-Setup/Resources) by extension 'cmake'
[0.746s] Level 1:colcon.colcon_core.package_identification:_identify(ME597-Spring2025/0-Setup/Resources) by extension 'python'
[0.746s] Level 1:colcon.colcon_core.package_identification:_identify(ME597-Spring2025/0-Setup/Resources) by extensions ['python_setup_py']
[0.746s] Level 1:colcon.colcon_core.package_identification:_identify(ME597-Spring2025/0-Setup/Resources) by extension 'python_setup_py'
[0.746s] Level 1:colcon.colcon_core.package_identification:_identify(ME597-Spring2025/1-ROS_2_Basics) by extensions ['ignore', 'ignore_ament_install']
[0.747s] Level 1:colcon.colcon_core.package_identification:_identify(ME597-Spring2025/1-ROS_2_Basics) by extension 'ignore'
[0.747s] Level 1:colcon.colcon_core.package_identification:_identify(ME597-Spring2025/1-ROS_2_Basics) by extension 'ignore_ament_install'
[0.747s] Level 1:colcon.colcon_core.package_identification:_identify(ME597-Spring2025/1-ROS_2_Basics) by extensions ['colcon_pkg']
[0.747s] Level 1:colcon.colcon_core.package_identification:_identify(ME597-Spring2025/1-ROS_2_Basics) by extension 'colcon_pkg'
[0.747s] Level 1:colcon.colcon_core.package_identification:_identify(ME597-Spring2025/1-ROS_2_Basics) by extensions ['colcon_meta']
[0.747s] Level 1:colcon.colcon_core.package_identification:_identify(ME597-Spring2025/1-ROS_2_Basics) by extension 'colcon_meta'
[0.747s] Level 1:colcon.colcon_core.package_identification:_identify(ME597-Spring2025/1-ROS_2_Basics) by extensions ['ros']
[0.747s] Level 1:colcon.colcon_core.package_identification:_identify(ME597-Spring2025/1-ROS_2_Basics) by extension 'ros'
[0.748s] Level 1:colcon.colcon_core.package_identification:_identify(ME597-Spring2025/1-ROS_2_Basics) by extensions ['cmake', 'python']
[0.748s] Level 1:colcon.colcon_core.package_identification:_identify(ME597-Spring2025/1-ROS_2_Basics) by extension 'cmake'
[0.748s] Level 1:colcon.colcon_core.package_identification:_identify(ME597-Spring2025/1-ROS_2_Basics) by extension 'python'
[0.748s] Level 1:colcon.colcon_core.package_identification:_identify(ME597-Spring2025/1-ROS_2_Basics) by extensions ['python_setup_py']
[0.748s] Level 1:colcon.colcon_core.package_identification:_identify(ME597-Spring2025/1-ROS_2_Basics) by extension 'python_setup_py'
[0.748s] Level 1:colcon.colcon_core.package_identification:_identify(ME597-Spring2025/1-ROS_2_Basics/Resources) by extensions ['ignore', 'ignore_ament_install']
[0.749s] Level 1:colcon.colcon_core.package_identification:_identify(ME597-Spring2025/1-ROS_2_Basics/Resources) by extension 'ignore'
[0.749s] Level 1:colcon.colcon_core.package_identification:_identify(ME597-Spring2025/1-ROS_2_Basics/Resources) by extension 'ignore_ament_install'
[0.749s] Level 1:colcon.colcon_core.package_identification:_identify(ME597-Spring2025/1-ROS_2_Basics/Resources) by extensions ['colcon_pkg']
[0.749s] Level 1:colcon.colcon_core.package_identification:_identify(ME597-Spring2025/1-ROS_2_Basics/Resources) by extension 'colcon_pkg'
[0.749s] Level 1:colcon.colcon_core.package_identification:_identify(ME597-Spring2025/1-ROS_2_Basics/Resources) by extensions ['colcon_meta']
[0.749s] Level 1:colcon.colcon_core.package_identification:_identify(ME597-Spring2025/1-ROS_2_Basics/Resources) by extension 'colcon_meta'
[0.749s] Level 1:colcon.colcon_core.package_identification:_identify(ME597-Spring2025/1-ROS_2_Basics/Resources) by extensions ['ros']
[0.749s] Level 1:colcon.colcon_core.package_identification:_identify(ME597-Spring2025/1-ROS_2_Basics/Resources) by extension 'ros'
[0.750s] Level 1:colcon.colcon_core.package_identification:_identify(ME597-Spring2025/1-ROS_2_Basics/Resources) by extensions ['cmake', 'python']
[0.750s] Level 1:colcon.colcon_core.package_identification:_identify(ME597-Spring2025/1-ROS_2_Basics/Resources) by extension 'cmake'
[0.750s] Level 1:colcon.colcon_core.package_identification:_identify(ME597-Spring2025/1-ROS_2_Basics/Resources) by extension 'python'
[0.750s] Level 1:colcon.colcon_core.package_identification:_identify(ME597-Spring2025/1-ROS_2_Basics/Resources) by extensions ['python_setup_py']
[0.750s] Level 1:colcon.colcon_core.package_identification:_identify(ME597-Spring2025/1-ROS_2_Basics/Resources) by extension 'python_setup_py'
[0.751s] Level 1:colcon.colcon_core.package_identification:_identify(ME597-Spring2025/1-ROS_2_Basics/Resources/1-Lecture) by extensions ['ignore', 'ignore_ament_install']
[0.752s] Level 1:colcon.colcon_core.package_identification:_identify(ME597-Spring2025/1-ROS_2_Basics/Resources/1-Lecture) by extension 'ignore'
[0.753s] Level 1:colcon.colcon_core.package_identification:_identify(ME597-Spring2025/1-ROS_2_Basics/Resources/1-Lecture) by extension 'ignore_ament_install'
[0.753s] Level 1:colcon.colcon_core.package_identification:_identify(ME597-Spring2025/1-ROS_2_Basics/Resources/1-Lecture) by extensions ['colcon_pkg']
[0.754s] Level 1:colcon.colcon_core.package_identification:_identify(ME597-Spring2025/1-ROS_2_Basics/Resources/1-Lecture) by extension 'colcon_pkg'
[0.754s] Level 1:colcon.colcon_core.package_identification:_identify(ME597-Spring2025/1-ROS_2_Basics/Resources/1-Lecture) by extensions ['colcon_meta']
[0.754s] Level 1:colcon.colcon_core.package_identification:_identify(ME597-Spring2025/1-ROS_2_Basics/Resources/1-Lecture) by extension 'colcon_meta'
[0.754s] Level 1:colcon.colcon_core.package_identification:_identify(ME597-Spring2025/1-ROS_2_Basics/Resources/1-Lecture) by extensions ['ros']
[0.754s] Level 1:colcon.colcon_core.package_identification:_identify(ME597-Spring2025/1-ROS_2_Basics/Resources/1-Lecture) by extension 'ros'
[0.754s] Level 1:colcon.colcon_core.package_identification:_identify(ME597-Spring2025/1-ROS_2_Basics/Resources/1-Lecture) by extensions ['cmake', 'python']
[0.754s] Level 1:colcon.colcon_core.package_identification:_identify(ME597-Spring2025/1-ROS_2_Basics/Resources/1-Lecture) by extension 'cmake'
[0.754s] Level 1:colcon.colcon_core.package_identification:_identify(ME597-Spring2025/1-ROS_2_Basics/Resources/1-Lecture) by extension 'python'
[0.754s] Level 1:colcon.colcon_core.package_identification:_identify(ME597-Spring2025/1-ROS_2_Basics/Resources/1-Lecture) by extensions ['python_setup_py']
[0.755s] Level 1:colcon.colcon_core.package_identification:_identify(ME597-Spring2025/1-ROS_2_Basics/Resources/1-Lecture) by extension 'python_setup_py'
[0.755s] Level 1:colcon.colcon_core.package_identification:_identify(ME597-Spring2025/1-ROS_2_Basics/Resources/1-Lecture/Demo_1) by extensions ['ignore', 'ignore_ament_install']
[0.755s] Level 1:colcon.colcon_core.package_identification:_identify(ME597-Spring2025/1-ROS_2_Basics/Resources/1-Lecture/Demo_1) by extension 'ignore'
[0.755s] Level 1:colcon.colcon_core.package_identification:_identify(ME597-Spring2025/1-ROS_2_Basics/Resources/1-Lecture/Demo_1) by extension 'ignore_ament_install'
[0.755s] Level 1:colcon.colcon_core.package_identification:_identify(ME597-Spring2025/1-ROS_2_Basics/Resources/1-Lecture/Demo_1) by extensions ['colcon_pkg']
[0.756s] Level 1:colcon.colcon_core.package_identification:_identify(ME597-Spring2025/1-ROS_2_Basics/Resources/1-Lecture/Demo_1) by extension 'colcon_pkg'
[0.756s] Level 1:colcon.colcon_core.package_identification:_identify(ME597-Spring2025/1-ROS_2_Basics/Resources/1-Lecture/Demo_1) by extensions ['colcon_meta']
[0.756s] Level 1:colcon.colcon_core.package_identification:_identify(ME597-Spring2025/1-ROS_2_Basics/Resources/1-Lecture/Demo_1) by extension 'colcon_meta'
[0.756s] Level 1:colcon.colcon_core.package_identification:_identify(ME597-Spring2025/1-ROS_2_Basics/Resources/1-Lecture/Demo_1) by extensions ['ros']
[0.757s] Level 1:colcon.colcon_core.package_identification:_identify(ME597-Spring2025/1-ROS_2_Basics/Resources/1-Lecture/Demo_1) by extension 'ros'
[0.757s] Level 1:colcon.colcon_core.package_identification:_identify(ME597-Spring2025/1-ROS_2_Basics/Resources/1-Lecture/Demo_1) by extensions ['cmake', 'python']
[0.758s] Level 1:colcon.colcon_core.package_identification:_identify(ME597-Spring2025/1-ROS_2_Basics/Resources/1-Lecture/Demo_1) by extension 'cmake'
[0.758s] Level 1:colcon.colcon_core.package_identification:_identify(ME597-Spring2025/1-ROS_2_Basics/Resources/1-Lecture/Demo_1) by extension 'python'
[0.758s] Level 1:colcon.colcon_core.package_identification:_identify(ME597-Spring2025/1-ROS_2_Basics/Resources/1-Lecture/Demo_1) by extensions ['python_setup_py']
[0.758s] Level 1:colcon.colcon_core.package_identification:_identify(ME597-Spring2025/1-ROS_2_Basics/Resources/1-Lecture/Demo_1) by extension 'python_setup_py'
[0.759s] Level 1:colcon.colcon_core.package_identification:_identify(ME597-Spring2025/1-ROS_2_Basics/Resources/1-Lecture/Demo_2) by extensions ['ignore', 'ignore_ament_install']
[0.759s] Level 1:colcon.colcon_core.package_identification:_identify(ME597-Spring2025/1-ROS_2_Basics/Resources/1-Lecture/Demo_2) by extension 'ignore'
[0.759s] Level 1:colcon.colcon_core.package_identification:_identify(ME597-Spring2025/1-ROS_2_Basics/Resources/1-Lecture/Demo_2) by extension 'ignore_ament_install'
[0.759s] Level 1:colcon.colcon_core.package_identification:_identify(ME597-Spring2025/1-ROS_2_Basics/Resources/1-Lecture/Demo_2) by extensions ['colcon_pkg']
[0.759s] Level 1:colcon.colcon_core.package_identification:_identify(ME597-Spring2025/1-ROS_2_Basics/Resources/1-Lecture/Demo_2) by extension 'colcon_pkg'
[0.759s] Level 1:colcon.colcon_core.package_identification:_identify(ME597-Spring2025/1-ROS_2_Basics/Resources/1-Lecture/Demo_2) by extensions ['colcon_meta']
[0.759s] Level 1:colcon.colcon_core.package_identification:_identify(ME597-Spring2025/1-ROS_2_Basics/Resources/1-Lecture/Demo_2) by extension 'colcon_meta'
[0.759s] Level 1:colcon.colcon_core.package_identification:_identify(ME597-Spring2025/1-ROS_2_Basics/Resources/1-Lecture/Demo_2) by extensions ['ros']
[0.759s] Level 1:colcon.colcon_core.package_identification:_identify(ME597-Spring2025/1-ROS_2_Basics/Resources/1-Lecture/Demo_2) by extension 'ros'
[0.760s] Level 1:colcon.colcon_core.package_identification:_identify(ME597-Spring2025/1-ROS_2_Basics/Resources/1-Lecture/Demo_2) by extensions ['cmake', 'python']
[0.760s] Level 1:colcon.colcon_core.package_identification:_identify(ME597-Spring2025/1-ROS_2_Basics/Resources/1-Lecture/Demo_2) by extension 'cmake'
[0.760s] Level 1:colcon.colcon_core.package_identification:_identify(ME597-Spring2025/1-ROS_2_Basics/Resources/1-Lecture/Demo_2) by extension 'python'
[0.760s] Level 1:colcon.colcon_core.package_identification:_identify(ME597-Spring2025/1-ROS_2_Basics/Resources/1-Lecture/Demo_2) by extensions ['python_setup_py']
[0.760s] Level 1:colcon.colcon_core.package_identification:_identify(ME597-Spring2025/1-ROS_2_Basics/Resources/1-Lecture/Demo_2) by extension 'python_setup_py'
[0.760s] Level 1:colcon.colcon_core.package_identification:_identify(ME597-Spring2025/1-ROS_2_Basics/Resources/1-Lecture/Demo_2/src) by extensions ['ignore', 'ignore_ament_install']
[0.760s] Level 1:colcon.colcon_core.package_identification:_identify(ME597-Spring2025/1-ROS_2_Basics/Resources/1-Lecture/Demo_2/src) by extension 'ignore'
[0.760s] Level 1:colcon.colcon_core.package_identification:_identify(ME597-Spring2025/1-ROS_2_Basics/Resources/1-Lecture/Demo_2/src) by extension 'ignore_ament_install'
[0.761s] Level 1:colcon.colcon_core.package_identification:_identify(ME597-Spring2025/1-ROS_2_Basics/Resources/1-Lecture/Demo_2/src) by extensions ['colcon_pkg']
[0.761s] Level 1:colcon.colcon_core.package_identification:_identify(ME597-Spring2025/1-ROS_2_Basics/Resources/1-Lecture/Demo_2/src) by extension 'colcon_pkg'
[0.761s] Level 1:colcon.colcon_core.package_identification:_identify(ME597-Spring2025/1-ROS_2_Basics/Resources/1-Lecture/Demo_2/src) by extensions ['colcon_meta']
[0.761s] Level 1:colcon.colcon_core.package_identification:_identify(ME597-Spring2025/1-ROS_2_Basics/Resources/1-Lecture/Demo_2/src) by extension 'colcon_meta'
[0.761s] Level 1:colcon.colcon_core.package_identification:_identify(ME597-Spring2025/1-ROS_2_Basics/Resources/1-Lecture/Demo_2/src) by extensions ['ros']
[0.761s] Level 1:colcon.colcon_core.package_identification:_identify(ME597-Spring2025/1-ROS_2_Basics/Resources/1-Lecture/Demo_2/src) by extension 'ros'
[0.761s] Level 1:colcon.colcon_core.package_identification:_identify(ME597-Spring2025/1-ROS_2_Basics/Resources/1-Lecture/Demo_2/src) by extensions ['cmake', 'python']
[0.761s] Level 1:colcon.colcon_core.package_identification:_identify(ME597-Spring2025/1-ROS_2_Basics/Resources/1-Lecture/Demo_2/src) by extension 'cmake'
[0.763s] Level 1:colcon.colcon_core.package_identification:_identify(ME597-Spring2025/1-ROS_2_Basics/Resources/1-Lecture/Demo_2/src) by extension 'python'
[0.764s] DEBUG:colcon.colcon_core.package_identification:Package 'ME597-Spring2025/1-ROS_2_Basics/Resources/1-Lecture/Demo_2/src' with type 'cmake' and name 'my_project_name'
[0.765s] Level 1:colcon.colcon_core.package_identification:_identify(ME597-Spring2025/2-Kinematics_&_Control) by extensions ['ignore', 'ignore_ament_install']
[0.765s] Level 1:colcon.colcon_core.package_identification:_identify(ME597-Spring2025/2-Kinematics_&_Control) by extension 'ignore'
[0.765s] Level 1:colcon.colcon_core.package_identification:_identify(ME597-Spring2025/2-Kinematics_&_Control) by extension 'ignore_ament_install'
[0.766s] Level 1:colcon.colcon_core.package_identification:_identify(ME597-Spring2025/2-Kinematics_&_Control) by extensions ['colcon_pkg']
[0.766s] Level 1:colcon.colcon_core.package_identification:_identify(ME597-Spring2025/2-Kinematics_&_Control) by extension 'colcon_pkg'
[0.766s] Level 1:colcon.colcon_core.package_identification:_identify(ME597-Spring2025/2-Kinematics_&_Control) by extensions ['colcon_meta']
[0.766s] Level 1:colcon.colcon_core.package_identification:_identify(ME597-Spring2025/2-Kinematics_&_Control) by extension 'colcon_meta'
[0.766s] Level 1:colcon.colcon_core.package_identification:_identify(ME597-Spring2025/2-Kinematics_&_Control) by extensions ['ros']
[0.766s] Level 1:colcon.colcon_core.package_identification:_identify(ME597-Spring2025/2-Kinematics_&_Control) by extension 'ros'
[0.766s] Level 1:colcon.colcon_core.package_identification:_identify(ME597-Spring2025/2-Kinematics_&_Control) by extensions ['cmake', 'python']
[0.766s] Level 1:colcon.colcon_core.package_identification:_identify(ME597-Spring2025/2-Kinematics_&_Control) by extension 'cmake'
[0.766s] Level 1:colcon.colcon_core.package_identification:_identify(ME597-Spring2025/2-Kinematics_&_Control) by extension 'python'
[0.767s] Level 1:colcon.colcon_core.package_identification:_identify(ME597-Spring2025/2-Kinematics_&_Control) by extensions ['python_setup_py']
[0.767s] Level 1:colcon.colcon_core.package_identification:_identify(ME597-Spring2025/2-Kinematics_&_Control) by extension 'python_setup_py'
[0.767s] Level 1:colcon.colcon_core.package_identification:_identify(ME597-Spring2025/2-Kinematics_&_Control/Resources) by extensions ['ignore', 'ignore_ament_install']
[0.768s] Level 1:colcon.colcon_core.package_identification:_identify(ME597-Spring2025/2-Kinematics_&_Control/Resources) by extension 'ignore'
[0.768s] Level 1:colcon.colcon_core.package_identification:_identify(ME597-Spring2025/2-Kinematics_&_Control/Resources) by extension 'ignore_ament_install'
[0.768s] Level 1:colcon.colcon_core.package_identification:_identify(ME597-Spring2025/2-Kinematics_&_Control/Resources) by extensions ['colcon_pkg']
[0.768s] Level 1:colcon.colcon_core.package_identification:_identify(ME597-Spring2025/2-Kinematics_&_Control/Resources) by extension 'colcon_pkg'
[0.768s] Level 1:colcon.colcon_core.package_identification:_identify(ME597-Spring2025/2-Kinematics_&_Control/Resources) by extensions ['colcon_meta']
[0.768s] Level 1:colcon.colcon_core.package_identification:_identify(ME597-Spring2025/2-Kinematics_&_Control/Resources) by extension 'colcon_meta'
[0.768s] Level 1:colcon.colcon_core.package_identification:_identify(ME597-Spring2025/2-Kinematics_&_Control/Resources) by extensions ['ros']
[0.768s] Level 1:colcon.colcon_core.package_identification:_identify(ME597-Spring2025/2-Kinematics_&_Control/Resources) by extension 'ros'
[0.768s] Level 1:colcon.colcon_core.package_identification:_identify(ME597-Spring2025/2-Kinematics_&_Control/Resources) by extensions ['cmake', 'python']
[0.768s] Level 1:colcon.colcon_core.package_identification:_identify(ME597-Spring2025/2-Kinematics_&_Control/Resources) by extension 'cmake'
[0.769s] Level 1:colcon.colcon_core.package_identification:_identify(ME597-Spring2025/2-Kinematics_&_Control/Resources) by extension 'python'
[0.769s] Level 1:colcon.colcon_core.package_identification:_identify(ME597-Spring2025/2-Kinematics_&_Control/Resources) by extensions ['python_setup_py']
[0.769s] Level 1:colcon.colcon_core.package_identification:_identify(ME597-Spring2025/2-Kinematics_&_Control/Resources) by extension 'python_setup_py'
[0.769s] Level 1:colcon.colcon_core.package_identification:_identify(ME597-Spring2025/2-Kinematics_&_Control/Resources/images) by extensions ['ignore', 'ignore_ament_install']
[0.769s] Level 1:colcon.colcon_core.package_identification:_identify(ME597-Spring2025/2-Kinematics_&_Control/Resources/images) by extension 'ignore'
[0.770s] Level 1:colcon.colcon_core.package_identification:_identify(ME597-Spring2025/2-Kinematics_&_Control/Resources/images) by extension 'ignore_ament_install'
[0.770s] Level 1:colcon.colcon_core.package_identification:_identify(ME597-Spring2025/2-Kinematics_&_Control/Resources/images) by extensions ['colcon_pkg']
[0.770s] Level 1:colcon.colcon_core.package_identification:_identify(ME597-Spring2025/2-Kinematics_&_Control/Resources/images) by extension 'colcon_pkg'
[0.770s] Level 1:colcon.colcon_core.package_identification:_identify(ME597-Spring2025/2-Kinematics_&_Control/Resources/images) by extensions ['colcon_meta']
[0.770s] Level 1:colcon.colcon_core.package_identification:_identify(ME597-Spring2025/2-Kinematics_&_Control/Resources/images) by extension 'colcon_meta'
[0.770s] Level 1:colcon.colcon_core.package_identification:_identify(ME597-Spring2025/2-Kinematics_&_Control/Resources/images) by extensions ['ros']
[0.770s] Level 1:colcon.colcon_core.package_identification:_identify(ME597-Spring2025/2-Kinematics_&_Control/Resources/images) by extension 'ros'
[0.771s] Level 1:colcon.colcon_core.package_identification:_identify(ME597-Spring2025/2-Kinematics_&_Control/Resources/images) by extensions ['cmake', 'python']
[0.771s] Level 1:colcon.colcon_core.package_identification:_identify(ME597-Spring2025/2-Kinematics_&_Control/Resources/images) by extension 'cmake'
[0.771s] Level 1:colcon.colcon_core.package_identification:_identify(ME597-Spring2025/2-Kinematics_&_Control/Resources/images) by extension 'python'
[0.771s] Level 1:colcon.colcon_core.package_identification:_identify(ME597-Spring2025/2-Kinematics_&_Control/Resources/images) by extensions ['python_setup_py']
[0.771s] Level 1:colcon.colcon_core.package_identification:_identify(ME597-Spring2025/2-Kinematics_&_Control/Resources/images) by extension 'python_setup_py'
[0.771s] Level 1:colcon.colcon_core.package_identification:_identify(ME597-Spring2025/3-Navigation) by extensions ['ignore', 'ignore_ament_install']
[0.771s] Level 1:colcon.colcon_core.package_identification:_identify(ME597-Spring2025/3-Navigation) by extension 'ignore'
[0.771s] Level 1:colcon.colcon_core.package_identification:_identify(ME597-Spring2025/3-Navigation) by extension 'ignore_ament_install'
[0.772s] Level 1:colcon.colcon_core.package_identification:_identify(ME597-Spring2025/3-Navigation) by extensions ['colcon_pkg']
[0.772s] Level 1:colcon.colcon_core.package_identification:_identify(ME597-Spring2025/3-Navigation) by extension 'colcon_pkg'
[0.772s] Level 1:colcon.colcon_core.package_identification:_identify(ME597-Spring2025/3-Navigation) by extensions ['colcon_meta']
[0.772s] Level 1:colcon.colcon_core.package_identification:_identify(ME597-Spring2025/3-Navigation) by extension 'colcon_meta'
[0.772s] Level 1:colcon.colcon_core.package_identification:_identify(ME597-Spring2025/3-Navigation) by extensions ['ros']
[0.772s] Level 1:colcon.colcon_core.package_identification:_identify(ME597-Spring2025/3-Navigation) by extension 'ros'
[0.772s] Level 1:colcon.colcon_core.package_identification:_identify(ME597-Spring2025/3-Navigation) by extensions ['cmake', 'python']
[0.772s] Level 1:colcon.colcon_core.package_identification:_identify(ME597-Spring2025/3-Navigation) by extension 'cmake'
[0.772s] Level 1:colcon.colcon_core.package_identification:_identify(ME597-Spring2025/3-Navigation) by extension 'python'
[0.772s] Level 1:colcon.colcon_core.package_identification:_identify(ME597-Spring2025/3-Navigation) by extensions ['python_setup_py']
[0.772s] Level 1:colcon.colcon_core.package_identification:_identify(ME597-Spring2025/3-Navigation) by extension 'python_setup_py'
[0.773s] Level 1:colcon.colcon_core.package_identification:_identify(ME597-Spring2025/3-Navigation/Resources) by extensions ['ignore', 'ignore_ament_install']
[0.773s] Level 1:colcon.colcon_core.package_identification:_identify(ME597-Spring2025/3-Navigation/Resources) by extension 'ignore'
[0.773s] Level 1:colcon.colcon_core.package_identification:_identify(ME597-Spring2025/3-Navigation/Resources) by extension 'ignore_ament_install'
[0.773s] Level 1:colcon.colcon_core.package_identification:_identify(ME597-Spring2025/3-Navigation/Resources) by extensions ['colcon_pkg']
[0.773s] Level 1:colcon.colcon_core.package_identification:_identify(ME597-Spring2025/3-Navigation/Resources) by extension 'colcon_pkg'
[0.773s] Level 1:colcon.colcon_core.package_identification:_identify(ME597-Spring2025/3-Navigation/Resources) by extensions ['colcon_meta']
[0.773s] Level 1:colcon.colcon_core.package_identification:_identify(ME597-Spring2025/3-Navigation/Resources) by extension 'colcon_meta'
[0.773s] Level 1:colcon.colcon_core.package_identification:_identify(ME597-Spring2025/3-Navigation/Resources) by extensions ['ros']
[0.774s] Level 1:colcon.colcon_core.package_identification:_identify(ME597-Spring2025/3-Navigation/Resources) by extension 'ros'
[0.774s] Level 1:colcon.colcon_core.package_identification:_identify(ME597-Spring2025/3-Navigation/Resources) by extensions ['cmake', 'python']
[0.774s] Level 1:colcon.colcon_core.package_identification:_identify(ME597-Spring2025/3-Navigation/Resources) by extension 'cmake'
[0.774s] Level 1:colcon.colcon_core.package_identification:_identify(ME597-Spring2025/3-Navigation/Resources) by extension 'python'
[0.774s] Level 1:colcon.colcon_core.package_identification:_identify(ME597-Spring2025/3-Navigation/Resources) by extensions ['python_setup_py']
[0.774s] Level 1:colcon.colcon_core.package_identification:_identify(ME597-Spring2025/3-Navigation/Resources) by extension 'python_setup_py'
[0.775s] Level 1:colcon.colcon_core.package_identification:_identify(build) by extensions ['ignore', 'ignore_ament_install']
[0.775s] Level 1:colcon.colcon_core.package_identification:_identify(build) by extension 'ignore'
[0.775s] Level 1:colcon.colcon_core.package_identification:_identify(build) ignored
[0.776s] Level 1:colcon.colcon_core.package_identification:_identify(install) by extensions ['ignore', 'ignore_ament_install']
[0.777s] Level 1:colcon.colcon_core.package_identification:_identify(install) by extension 'ignore'
[0.778s] Level 1:colcon.colcon_core.package_identification:_identify(install) ignored
[0.778s] Level 1:colcon.colcon_core.package_identification:_identify(log) by extensions ['ignore', 'ignore_ament_install']
[0.778s] Level 1:colcon.colcon_core.package_identification:_identify(log) by extension 'ignore'
[0.778s] Level 1:colcon.colcon_core.package_identification:_identify(log) ignored
[0.779s] Level 1:colcon.colcon_core.package_identification:_identify(src) by extensions ['ignore', 'ignore_ament_install']
[0.779s] Level 1:colcon.colcon_core.package_identification:_identify(src) by extension 'ignore'
[0.779s] Level 1:colcon.colcon_core.package_identification:_identify(src) by extension 'ignore_ament_install'
[0.779s] Level 1:colcon.colcon_core.package_identification:_identify(src) by extensions ['colcon_pkg']
[0.779s] Level 1:colcon.colcon_core.package_identification:_identify(src) by extension 'colcon_pkg'
[0.779s] Level 1:colcon.colcon_core.package_identification:_identify(src) by extensions ['colcon_meta']
[0.779s] Level 1:colcon.colcon_core.package_identification:_identify(src) by extension 'colcon_meta'
[0.780s] Level 1:colcon.colcon_core.package_identification:_identify(src) by extensions ['ros']
[0.780s] Level 1:colcon.colcon_core.package_identification:_identify(src) by extension 'ros'
[0.780s] Level 1:colcon.colcon_core.package_identification:_identify(src) by extensions ['cmake', 'python']
[0.780s] Level 1:colcon.colcon_core.package_identification:_identify(src) by extension 'cmake'
[0.780s] Level 1:colcon.colcon_core.package_identification:_identify(src) by extension 'python'
[0.780s] Level 1:colcon.colcon_core.package_identification:_identify(src) by extensions ['python_setup_py']
[0.780s] Level 1:colcon.colcon_core.package_identification:_identify(src) by extension 'python_setup_py'
[0.781s] Level 1:colcon.colcon_core.package_identification:_identify(src/task_1) by extensions ['ignore', 'ignore_ament_install']
[0.781s] Level 1:colcon.colcon_core.package_identification:_identify(src/task_1) by extension 'ignore'
[0.781s] Level 1:colcon.colcon_core.package_identification:_identify(src/task_1) by extension 'ignore_ament_install'
[0.781s] Level 1:colcon.colcon_core.package_identification:_identify(src/task_1) by extensions ['colcon_pkg']
[0.781s] Level 1:colcon.colcon_core.package_identification:_identify(src/task_1) by extension 'colcon_pkg'
[0.782s] Level 1:colcon.colcon_core.package_identification:_identify(src/task_1) by extensions ['colcon_meta']
[0.782s] Level 1:colcon.colcon_core.package_identification:_identify(src/task_1) by extension 'colcon_meta'
[0.782s] Level 1:colcon.colcon_core.package_identification:_identify(src/task_1) by extensions ['ros']
[0.782s] Level 1:colcon.colcon_core.package_identification:_identify(src/task_1) by extension 'ros'
[0.788s] DEBUG:colcon.colcon_core.package_identification:Package 'src/task_1' with type 'ros.ament_python' and name 'task_1'
[0.788s] Level 1:colcon.colcon_core.package_identification:_identify(src/task_2) by extensions ['ignore', 'ignore_ament_install']
[0.788s] Level 1:colcon.colcon_core.package_identification:_identify(src/task_2) by extension 'ignore'
[0.788s] Level 1:colcon.colcon_core.package_identification:_identify(src/task_2) by extension 'ignore_ament_install'
[0.789s] Level 1:colcon.colcon_core.package_identification:_identify(src/task_2) by extensions ['colcon_pkg']
[0.789s] Level 1:colcon.colcon_core.package_identification:_identify(src/task_2) by extension 'colcon_pkg'
[0.789s] Level 1:colcon.colcon_core.package_identification:_identify(src/task_2) by extensions ['colcon_meta']
[0.789s] Level 1:colcon.colcon_core.package_identification:_identify(src/task_2) by extension 'colcon_meta'
[0.789s] Level 1:colcon.colcon_core.package_identification:_identify(src/task_2) by extensions ['ros']
[0.789s] Level 1:colcon.colcon_core.package_identification:_identify(src/task_2) by extension 'ros'
[0.791s] DEBUG:colcon.colcon_core.package_identification:Package 'src/task_2' with type 'ros.ament_python' and name 'task_2'
[0.792s] Level 1:colcon.colcon_core.package_identification:_identify(src/task_2_interfaces) by extensions ['ignore', 'ignore_ament_install']
[0.793s] Level 1:colcon.colcon_core.package_identification:_identify(src/task_2_interfaces) by extension 'ignore'
[0.793s] Level 1:colcon.colcon_core.package_identification:_identify(src/task_2_interfaces) by extension 'ignore_ament_install'
[0.794s] Level 1:colcon.colcon_core.package_identification:_identify(src/task_2_interfaces) by extensions ['colcon_pkg']
[0.795s] Level 1:colcon.colcon_core.package_identification:_identify(src/task_2_interfaces) by extension 'colcon_pkg'
[0.795s] Level 1:colcon.colcon_core.package_identification:_identify(src/task_2_interfaces) by extensions ['colcon_meta']
[0.795s] Level 1:colcon.colcon_core.package_identification:_identify(src/task_2_interfaces) by extension 'colcon_meta'
[0.795s] Level 1:colcon.colcon_core.package_identification:_identify(src/task_2_interfaces) by extensions ['ros']
[0.795s] Level 1:colcon.colcon_core.package_identification:_identify(src/task_2_interfaces) by extension 'ros'
[0.796s] DEBUG:colcon.colcon_core.package_identification:Package 'src/task_2_interfaces' with type 'ros.ament_cmake' and name 'task_2_interfaces'
[0.797s] Level 1:colcon.colcon_core.package_identification:_identify(src/task_3) by extensions ['ignore', 'ignore_ament_install']
[0.797s] Level 1:colcon.colcon_core.package_identification:_identify(src/task_3) by extension 'ignore'
[0.797s] Level 1:colcon.colcon_core.package_identification:_identify(src/task_3) by extension 'ignore_ament_install'
[0.797s] Level 1:colcon.colcon_core.package_identification:_identify(src/task_3) by extensions ['colcon_pkg']
[0.797s] Level 1:colcon.colcon_core.package_identification:_identify(src/task_3) by extension 'colcon_pkg'
[0.798s] Level 1:colcon.colcon_core.package_identification:_identify(src/task_3) by extensions ['colcon_meta']
[0.798s] Level 1:colcon.colcon_core.package_identification:_identify(src/task_3) by extension 'colcon_meta'
[0.798s] Level 1:colcon.colcon_core.package_identification:_identify(src/task_3) by extensions ['ros']
[0.798s] Level 1:colcon.colcon_core.package_identification:_identify(src/task_3) by extension 'ros'
[0.799s] DEBUG:colcon.colcon_core.package_identification:Package 'src/task_3' with type 'ros.ament_python' and name 'task_3'
[0.799s] Level 1:colcon.colcon_core.package_identification:_identify(src/task_4) by extensions ['ignore', 'ignore_ament_install']
[0.799s] Level 1:colcon.colcon_core.package_identification:_identify(src/task_4) by extension 'ignore'
[0.799s] Level 1:colcon.colcon_core.package_identification:_identify(src/task_4) by extension 'ignore_ament_install'
[0.800s] Level 1:colcon.colcon_core.package_identification:_identify(src/task_4) by extensions ['colcon_pkg']
[0.800s] Level 1:colcon.colcon_core.package_identification:_identify(src/task_4) by extension 'colcon_pkg'
[0.800s] Level 1:colcon.colcon_core.package_identification:_identify(src/task_4) by extensions ['colcon_meta']
[0.800s] Level 1:colcon.colcon_core.package_identification:_identify(src/task_4) by extension 'colcon_meta'
[0.800s] Level 1:colcon.colcon_core.package_identification:_identify(src/task_4) by extensions ['ros']
[0.800s] Level 1:colcon.colcon_core.package_identification:_identify(src/task_4) by extension 'ros'
[0.801s] DEBUG:colcon.colcon_core.package_identification:Package 'src/task_4' with type 'ros.ament_python' and name 'task_4'
[0.801s] Level 1:colcon.colcon_core.package_discovery:discover_packages(recursive) using defaults
[0.802s] Level 1:colcon.colcon_core.package_discovery:discover_packages(ignore) discover
[0.802s] Level 1:colcon.colcon_core.package_discovery:discover_packages(ignore) using defaults
[0.802s] Level 1:colcon.colcon_core.package_discovery:discover_packages(path) discover
[0.802s] Level 1:colcon.colcon_core.package_discovery:discover_packages(path) using defaults
[0.864s] INFO:colcon.colcon_core.package_selection:Skipping not selected package 'my_project_name' in 'ME597-Spring2025/1-ROS_2_Basics/Resources/1-Lecture/Demo_2/src'
[0.865s] INFO:colcon.colcon_core.package_selection:Skipping not selected package 'task_1' in 'src/task_1'
[0.865s] INFO:colcon.colcon_core.package_selection:Skipping not selected package 'task_2_interfaces' in 'src/task_2_interfaces'
[0.865s] INFO:colcon.colcon_core.package_selection:Skipping not selected package 'task_3' in 'src/task_3'
[0.865s] INFO:colcon.colcon_core.package_selection:Skipping not selected package 'task_2' in 'src/task_2'
[0.866s] Level 1:colcon.colcon_core.package_discovery:discover_packages(prefix_path) check parameters
[0.866s] Level 1:colcon.colcon_core.package_discovery:discover_packages(prefix_path) discover
[0.876s] DEBUG:colcon.colcon_installed_package_information.package_discovery:Found 333 installed packages in /opt/ros/humble
[0.881s] Level 1:colcon.colcon_core.package_discovery:discover_packages(prefix_path) using defaults
[1.004s] Level 5:colcon.colcon_core.verb:set package 'task_4' build argument 'cmake_args' from command line to 'None'
[1.004s] Level 5:colcon.colcon_core.verb:set package 'task_4' build argument 'cmake_target' from command line to 'None'
[1.005s] Level 5:colcon.colcon_core.verb:set package 'task_4' build argument 'cmake_target_skip_unavailable' from command line to 'False'
[1.005s] Level 5:colcon.colcon_core.verb:set package 'task_4' build argument 'cmake_clean_cache' from command line to 'False'
[1.005s] Level 5:colcon.colcon_core.verb:set package 'task_4' build argument 'cmake_clean_first' from command line to 'False'
[1.005s] Level 5:colcon.colcon_core.verb:set package 'task_4' build argument 'cmake_force_configure' from command line to 'False'
[1.005s] Level 5:colcon.colcon_core.verb:set package 'task_4' build argument 'ament_cmake_args' from command line to 'None'
[1.005s] Level 5:colcon.colcon_core.verb:set package 'task_4' build argument 'catkin_cmake_args' from command line to 'None'
[1.005s] Level 5:colcon.colcon_core.verb:set package 'task_4' build argument 'catkin_skip_building_tests' from command line to 'False'
[1.005s] DEBUG:colcon.colcon_core.verb:Building package 'task_4' with the following arguments: {'ament_cmake_args': None, 'build_base': '/home/albert/ros2_ws/build/task_4', 'catkin_cmake_args': None, 'catkin_skip_building_tests': False, 'cmake_args': None, 'cmake_clean_cache': False, 'cmake_clean_first': False, 'cmake_force_configure': False, 'cmake_target': None, 'cmake_target_skip_unavailable': False, 'install_base': '/home/albert/ros2_ws/install/task_4', 'merge_install': False, 'path': '/home/albert/ros2_ws/src/task_4', 'symlink_install': False, 'test_result_base': None}
[1.005s] INFO:colcon.colcon_core.executor:Executing jobs using 'parallel' executor
[1.007s] DEBUG:colcon.colcon_parallel_executor.executor.parallel:run_until_complete
[1.007s] INFO:colcon.colcon_ros.task.ament_python.build:Building ROS package in '/home/albert/ros2_ws/src/task_4' with build type 'ament_python'
[1.008s] Level 1:colcon.colcon_core.shell:create_environment_hook('task_4', 'ament_prefix_path')
[1.016s] INFO:colcon.colcon_core.plugin_system:Skipping extension 'colcon_core.shell.bat': Not used on non-Windows systems
[1.016s] INFO:colcon.colcon_core.shell:Creating environment hook '/home/albert/ros2_ws/install/task_4/share/task_4/hook/ament_prefix_path.ps1'
[1.018s] INFO:colcon.colcon_core.shell:Creating environment descriptor '/home/albert/ros2_ws/install/task_4/share/task_4/hook/ament_prefix_path.dsv'
[1.019s] INFO:colcon.colcon_core.shell:Creating environment hook '/home/albert/ros2_ws/install/task_4/share/task_4/hook/ament_prefix_path.sh'
[1.021s] INFO:colcon.colcon_core.shell:Skip shell extension 'powershell' for command environment: Not usable outside of PowerShell
[1.022s] DEBUG:colcon.colcon_core.shell:Skip shell extension 'dsv' for command environment
[1.654s] INFO:colcon.colcon_core.task.python.build:Building Python package in '/home/albert/ros2_ws/src/task_4'
[1.655s] INFO:colcon.colcon_core.shell:Skip shell extension 'powershell' for command environment: Not usable outside of PowerShell
[1.655s] DEBUG:colcon.colcon_core.shell:Skip shell extension 'dsv' for command environment
[2.579s] DEBUG:colcon.colcon_core.event_handler.log_command:Invoking command in '/home/albert/ros2_ws/src/task_4': PYTHONPATH=/home/albert/ros2_ws/build/task_4/prefix_override:/usr/lib/python3/dist-packages/colcon_core/task/python/colcon_distutils_commands:/home/albert/ros2_ws/install/task_4/lib/python3.10/site-packages:${PYTHONPATH} /usr/bin/python3 -W ignore:setup.py install is deprecated -W ignore:easy_install command is deprecated setup.py egg_info --egg-base ../../build/task_4 build --build-base /home/albert/ros2_ws/build/task_4/build install --record /home/albert/ros2_ws/build/task_4/install.log --single-version-externally-managed install_data
[3.355s] DEBUG:colcon.colcon_core.event_handler.log_command:Invoked command in '/home/albert/ros2_ws/src/task_4' returned '0': PYTHONPATH=/home/albert/ros2_ws/build/task_4/prefix_override:/usr/lib/python3/dist-packages/colcon_core/task/python/colcon_distutils_commands:/home/albert/ros2_ws/install/task_4/lib/python3.10/site-packages:${PYTHONPATH} /usr/bin/python3 -W ignore:setup.py install is deprecated -W ignore:easy_install command is deprecated setup.py egg_info --egg-base ../../build/task_4 build --build-base /home/albert/ros2_ws/build/task_4/build install --record /home/albert/ros2_ws/build/task_4/install.log --single-version-externally-managed install_data
[3.358s] Level 1:colcon.colcon_core.environment:checking '/home/albert/ros2_ws/install/task_4' for CMake module files
[3.359s] Level 1:colcon.colcon_core.environment:checking '/home/albert/ros2_ws/install/task_4' for CMake config files
[3.361s] Level 1:colcon.colcon_core.environment:checking '/home/albert/ros2_ws/install/task_4/lib'
[3.362s] Level 1:colcon.colcon_core.environment:checking '/home/albert/ros2_ws/install/task_4/bin'
[3.362s] Level 1:colcon.colcon_core.environment:checking '/home/albert/ros2_ws/install/task_4/lib/pkgconfig/task_4.pc'
[3.362s] Level 1:colcon.colcon_core.environment:checking '/home/albert/ros2_ws/install/task_4/lib/python3.10/site-packages'
[3.362s] Level 1:colcon.colcon_core.shell:create_environment_hook('task_4', 'pythonpath')
[3.363s] INFO:colcon.colcon_core.shell:Creating environment hook '/home/albert/ros2_ws/install/task_4/share/task_4/hook/pythonpath.ps1'
[3.365s] INFO:colcon.colcon_core.shell:Creating environment descriptor '/home/albert/ros2_ws/install/task_4/share/task_4/hook/pythonpath.dsv'
[3.366s] INFO:colcon.colcon_core.shell:Creating environment hook '/home/albert/ros2_ws/install/task_4/share/task_4/hook/pythonpath.sh'
[3.367s] Level 1:colcon.colcon_core.environment:checking '/home/albert/ros2_ws/install/task_4/bin'
[3.367s] Level 1:colcon.colcon_core.environment:create_environment_scripts_only(task_4)
[3.368s] INFO:colcon.colcon_core.shell:Creating package script '/home/albert/ros2_ws/install/task_4/share/task_4/package.ps1'
[3.370s] INFO:colcon.colcon_core.shell:Creating package descriptor '/home/albert/ros2_ws/install/task_4/share/task_4/package.dsv'
[3.371s] INFO:colcon.colcon_core.shell:Creating package script '/home/albert/ros2_ws/install/task_4/share/task_4/package.sh'
[3.374s] INFO:colcon.colcon_core.shell:Creating package script '/home/albert/ros2_ws/install/task_4/share/task_4/package.bash'
[3.375s] INFO:colcon.colcon_core.shell:Creating package script '/home/albert/ros2_ws/install/task_4/share/task_4/package.zsh'
[3.377s] Level 1:colcon.colcon_core.environment:create_file_with_runtime_dependencies(/home/albert/ros2_ws/install/task_4/share/colcon-core/packages/task_4)
[3.378s] DEBUG:colcon.colcon_parallel_executor.executor.parallel:closing loop
[3.379s] DEBUG:colcon.colcon_parallel_executor.executor.parallel:loop closed
[3.379s] DEBUG:colcon.colcon_parallel_executor.executor.parallel:run_until_complete finished with '0'
[3.379s] DEBUG:colcon.colcon_core.event_reactor:joining thread
[3.389s] INFO:colcon.colcon_core.plugin_system:Skipping extension 'colcon_notification.desktop_notification.terminal_notifier': Not used on non-Darwin systems
[3.389s] INFO:colcon.colcon_core.plugin_system:Skipping extension 'colcon_notification.desktop_notification.win32': Not used on non-Windows systems
[3.389s] INFO:colcon.colcon_notification.desktop_notification:Sending desktop notification using 'notify2'
[3.425s] DEBUG:colcon.colcon_core.event_reactor:joined thread
[3.426s] INFO:colcon.colcon_core.shell:Creating prefix script '/home/albert/ros2_ws/install/local_setup.ps1'
[3.428s] INFO:colcon.colcon_core.shell:Creating prefix util module '/home/albert/ros2_ws/install/_local_setup_util_ps1.py'
[3.433s] INFO:colcon.colcon_core.shell:Creating prefix chain script '/home/albert/ros2_ws/install/setup.ps1'
[3.434s] INFO:colcon.colcon_core.shell:Creating prefix script '/home/albert/ros2_ws/install/local_setup.sh'
[3.436s] INFO:colcon.colcon_core.shell:Creating prefix util module '/home/albert/ros2_ws/install/_local_setup_util_sh.py'
[3.437s] INFO:colcon.colcon_core.shell:Creating prefix chain script '/home/albert/ros2_ws/install/setup.sh'
[3.440s] INFO:colcon.colcon_core.shell:Creating prefix script '/home/albert/ros2_ws/install/local_setup.bash'
[3.442s] INFO:colcon.colcon_core.shell:Creating prefix chain script '/home/albert/ros2_ws/install/setup.bash'
[3.445s] INFO:colcon.colcon_core.shell:Creating prefix script '/home/albert/ros2_ws/install/local_setup.zsh'
[3.446s] INFO:colcon.colcon_core.shell:Creating prefix chain script '/home/albert/ros2_ws/install/setup.zsh'
