[0.126s] DEBUG:colcon:Command line arguments: ['/usr/bin/colcon', 'build']
[0.126s] DEBUG:colcon:Parsed command line arguments: Namespace(log_base=None, log_level=None, verb_name='build', build_base='build', install_base='install', merge_install=False, symlink_install=False, test_result_base=None, continue_on_error=False, executor='parallel', parallel_workers=12, event_handlers=None, ignore_user_meta=False, metas=['./colcon.meta'], base_paths=['.'], packages_ignore=None, packages_ignore_regex=None, paths=None, packages_up_to=None, packages_up_to_regex=None, packages_above=None, packages_above_and_dependencies=None, packages_above_depth=None, packages_select_by_dep=None, packages_skip_by_dep=None, packages_skip_up_to=None, packages_select_build_failed=False, packages_skip_build_finished=False, packages_select_test_failures=False, packages_skip_test_passed=False, packages_select=None, packages_skip=None, packages_select_regex=None, packages_skip_regex=None, packages_start=None, packages_end=None, allow_overriding=[], cmake_args=None, cmake_target=None, cmake_target_skip_unavailable=False, cmake_clean_cache=False, cmake_clean_first=False, cmake_force_configure=False, ament_cmake_args=None, catkin_cmake_args=None, catkin_skip_building_tests=False, verb_parser=<colcon_defaults.argument_parser.defaults.DefaultArgumentsDecorator object at 0x7eb072616020>, verb_extension=<colcon_core.verb.build.BuildVerb object at 0x7eb0727d78e0>, main=<bound method BuildVerb.main of <colcon_core.verb.build.BuildVerb object at 0x7eb0727d78e0>>)
[0.332s] Level 1:colcon.colcon_core.package_discovery:discover_packages(colcon_meta) check parameters
[0.332s] Level 1:colcon.colcon_core.package_discovery:discover_packages(recursive) check parameters
[0.332s] Level 1:colcon.colcon_core.package_discovery:discover_packages(ignore) check parameters
[0.332s] Level 1:colcon.colcon_core.package_discovery:discover_packages(path) check parameters
[0.332s] Level 1:colcon.colcon_core.package_discovery:discover_packages(colcon_meta) discover
[0.332s] Level 1:colcon.colcon_core.package_discovery:discover_packages(recursive) discover
[0.332s] INFO:colcon.colcon_core.package_discovery:Crawling recursively for packages in '/home/albert/ros2_ws'
[0.332s] Level 1:colcon.colcon_core.package_identification:_identify(.) by extensions ['ignore', 'ignore_ament_install']
[0.332s] Level 1:colcon.colcon_core.package_identification:_identify(.) by extension 'ignore'
[0.332s] Level 1:colcon.colcon_core.package_identification:_identify(.) by extension 'ignore_ament_install'
[0.333s] Level 1:colcon.colcon_core.package_identification:_identify(.) by extensions ['colcon_pkg']
[0.333s] Level 1:colcon.colcon_core.package_identification:_identify(.) by extension 'colcon_pkg'
[0.333s] Level 1:colcon.colcon_core.package_identification:_identify(.) by extensions ['colcon_meta']
[0.333s] Level 1:colcon.colcon_core.package_identification:_identify(.) by extension 'colcon_meta'
[0.333s] Level 1:colcon.colcon_core.package_identification:_identify(.) by extensions ['ros']
[0.333s] Level 1:colcon.colcon_core.package_identification:_identify(.) by extension 'ros'
[0.359s] Level 1:colcon.colcon_core.package_identification:_identify(.) by extensions ['cmake', 'python']
[0.359s] Level 1:colcon.colcon_core.package_identification:_identify(.) by extension 'cmake'
[0.359s] Level 1:colcon.colcon_core.package_identification:_identify(.) by extension 'python'
[0.359s] Level 1:colcon.colcon_core.package_identification:_identify(.) by extensions ['python_setup_py']
[0.359s] Level 1:colcon.colcon_core.package_identification:_identify(.) by extension 'python_setup_py'
[0.359s] Level 1:colcon.colcon_core.package_identification:_identify(ME597-Spring2025) by extensions ['ignore', 'ignore_ament_install']
[0.359s] Level 1:colcon.colcon_core.package_identification:_identify(ME597-Spring2025) by extension 'ignore'
[0.360s] Level 1:colcon.colcon_core.package_identification:_identify(ME597-Spring2025) by extension 'ignore_ament_install'
[0.360s] Level 1:colcon.colcon_core.package_identification:_identify(ME597-Spring2025) by extensions ['colcon_pkg']
[0.360s] Level 1:colcon.colcon_core.package_identification:_identify(ME597-Spring2025) by extension 'colcon_pkg'
[0.360s] Level 1:colcon.colcon_core.package_identification:_identify(ME597-Spring2025) by extensions ['colcon_meta']
[0.360s] Level 1:colcon.colcon_core.package_identification:_identify(ME597-Spring2025) by extension 'colcon_meta'
[0.360s] Level 1:colcon.colcon_core.package_identification:_identify(ME597-Spring2025) by extensions ['ros']
[0.360s] Level 1:colcon.colcon_core.package_identification:_identify(ME597-Spring2025) by extension 'ros'
[0.360s] Level 1:colcon.colcon_core.package_identification:_identify(ME597-Spring2025) by extensions ['cmake', 'python']
[0.360s] Level 1:colcon.colcon_core.package_identification:_identify(ME597-Spring2025) by extension 'cmake'
[0.360s] Level 1:colcon.colcon_core.package_identification:_identify(ME597-Spring2025) by extension 'python'
[0.360s] Level 1:colcon.colcon_core.package_identification:_identify(ME597-Spring2025) by extensions ['python_setup_py']
[0.360s] Level 1:colcon.colcon_core.package_identification:_identify(ME597-Spring2025) by extension 'python_setup_py'
[0.360s] Level 1:colcon.colcon_core.package_identification:_identify(ME597-Spring2025/0-Setup) by extensions ['ignore', 'ignore_ament_install']
[0.360s] Level 1:colcon.colcon_core.package_identification:_identify(ME597-Spring2025/0-Setup) by extension 'ignore'
[0.360s] Level 1:colcon.colcon_core.package_identification:_identify(ME597-Spring2025/0-Setup) by extension 'ignore_ament_install'
[0.360s] Level 1:colcon.colcon_core.package_identification:_identify(ME597-Spring2025/0-Setup) by extensions ['colcon_pkg']
[0.360s] Level 1:colcon.colcon_core.package_identification:_identify(ME597-Spring2025/0-Setup) by extension 'colcon_pkg'
[0.360s] Level 1:colcon.colcon_core.package_identification:_identify(ME597-Spring2025/0-Setup) by extensions ['colcon_meta']
[0.360s] Level 1:colcon.colcon_core.package_identification:_identify(ME597-Spring2025/0-Setup) by extension 'colcon_meta'
[0.360s] Level 1:colcon.colcon_core.package_identification:_identify(ME597-Spring2025/0-Setup) by extensions ['ros']
[0.360s] Level 1:colcon.colcon_core.package_identification:_identify(ME597-Spring2025/0-Setup) by extension 'ros'
[0.361s] Level 1:colcon.colcon_core.package_identification:_identify(ME597-Spring2025/0-Setup) by extensions ['cmake', 'python']
[0.361s] Level 1:colcon.colcon_core.package_identification:_identify(ME597-Spring2025/0-Setup) by extension 'cmake'
[0.361s] Level 1:colcon.colcon_core.package_identification:_identify(ME597-Spring2025/0-Setup) by extension 'python'
[0.361s] Level 1:colcon.colcon_core.package_identification:_identify(ME597-Spring2025/0-Setup) by extensions ['python_setup_py']
[0.361s] Level 1:colcon.colcon_core.package_identification:_identify(ME597-Spring2025/0-Setup) by extension 'python_setup_py'
[0.361s] Level 1:colcon.colcon_core.package_identification:_identify(ME597-Spring2025/0-Setup/Resources) by extensions ['ignore', 'ignore_ament_install']
[0.361s] Level 1:colcon.colcon_core.package_identification:_identify(ME597-Spring2025/0-Setup/Resources) by extension 'ignore'
[0.361s] Level 1:colcon.colcon_core.package_identification:_identify(ME597-Spring2025/0-Setup/Resources) by extension 'ignore_ament_install'
[0.361s] Level 1:colcon.colcon_core.package_identification:_identify(ME597-Spring2025/0-Setup/Resources) by extensions ['colcon_pkg']
[0.361s] Level 1:colcon.colcon_core.package_identification:_identify(ME597-Spring2025/0-Setup/Resources) by extension 'colcon_pkg'
[0.361s] Level 1:colcon.colcon_core.package_identification:_identify(ME597-Spring2025/0-Setup/Resources) by extensions ['colcon_meta']
[0.361s] Level 1:colcon.colcon_core.package_identification:_identify(ME597-Spring2025/0-Setup/Resources) by extension 'colcon_meta'
[0.361s] Level 1:colcon.colcon_core.package_identification:_identify(ME597-Spring2025/0-Setup/Resources) by extensions ['ros']
[0.361s] Level 1:colcon.colcon_core.package_identification:_identify(ME597-Spring2025/0-Setup/Resources) by extension 'ros'
[0.361s] Level 1:colcon.colcon_core.package_identification:_identify(ME597-Spring2025/0-Setup/Resources) by extensions ['cmake', 'python']
[0.361s] Level 1:colcon.colcon_core.package_identification:_identify(ME597-Spring2025/0-Setup/Resources) by extension 'cmake'
[0.361s] Level 1:colcon.colcon_core.package_identification:_identify(ME597-Spring2025/0-Setup/Resources) by extension 'python'
[0.361s] Level 1:colcon.colcon_core.package_identification:_identify(ME597-Spring2025/0-Setup/Resources) by extensions ['python_setup_py']
[0.361s] Level 1:colcon.colcon_core.package_identification:_identify(ME597-Spring2025/0-Setup/Resources) by extension 'python_setup_py'
[0.361s] Level 1:colcon.colcon_core.package_identification:_identify(ME597-Spring2025/1-ROS_2_Basics) by extensions ['ignore', 'ignore_ament_install']
[0.362s] Level 1:colcon.colcon_core.package_identification:_identify(ME597-Spring2025/1-ROS_2_Basics) by extension 'ignore'
[0.362s] Level 1:colcon.colcon_core.package_identification:_identify(ME597-Spring2025/1-ROS_2_Basics) by extension 'ignore_ament_install'
[0.362s] Level 1:colcon.colcon_core.package_identification:_identify(ME597-Spring2025/1-ROS_2_Basics) by extensions ['colcon_pkg']
[0.362s] Level 1:colcon.colcon_core.package_identification:_identify(ME597-Spring2025/1-ROS_2_Basics) by extension 'colcon_pkg'
[0.362s] Level 1:colcon.colcon_core.package_identification:_identify(ME597-Spring2025/1-ROS_2_Basics) by extensions ['colcon_meta']
[0.362s] Level 1:colcon.colcon_core.package_identification:_identify(ME597-Spring2025/1-ROS_2_Basics) by extension 'colcon_meta'
[0.362s] Level 1:colcon.colcon_core.package_identification:_identify(ME597-Spring2025/1-ROS_2_Basics) by extensions ['ros']
[0.362s] Level 1:colcon.colcon_core.package_identification:_identify(ME597-Spring2025/1-ROS_2_Basics) by extension 'ros'
[0.362s] Level 1:colcon.colcon_core.package_identification:_identify(ME597-Spring2025/1-ROS_2_Basics) by extensions ['cmake', 'python']
[0.362s] Level 1:colcon.colcon_core.package_identification:_identify(ME597-Spring2025/1-ROS_2_Basics) by extension 'cmake'
[0.362s] Level 1:colcon.colcon_core.package_identification:_identify(ME597-Spring2025/1-ROS_2_Basics) by extension 'python'
[0.362s] Level 1:colcon.colcon_core.package_identification:_identify(ME597-Spring2025/1-ROS_2_Basics) by extensions ['python_setup_py']
[0.362s] Level 1:colcon.colcon_core.package_identification:_identify(ME597-Spring2025/1-ROS_2_Basics) by extension 'python_setup_py'
[0.362s] Level 1:colcon.colcon_core.package_identification:_identify(ME597-Spring2025/1-ROS_2_Basics/Resources) by extensions ['ignore', 'ignore_ament_install']
[0.362s] Level 1:colcon.colcon_core.package_identification:_identify(ME597-Spring2025/1-ROS_2_Basics/Resources) by extension 'ignore'
[0.362s] Level 1:colcon.colcon_core.package_identification:_identify(ME597-Spring2025/1-ROS_2_Basics/Resources) by extension 'ignore_ament_install'
[0.362s] Level 1:colcon.colcon_core.package_identification:_identify(ME597-Spring2025/1-ROS_2_Basics/Resources) by extensions ['colcon_pkg']
[0.362s] Level 1:colcon.colcon_core.package_identification:_identify(ME597-Spring2025/1-ROS_2_Basics/Resources) by extension 'colcon_pkg'
[0.362s] Level 1:colcon.colcon_core.package_identification:_identify(ME597-Spring2025/1-ROS_2_Basics/Resources) by extensions ['colcon_meta']
[0.362s] Level 1:colcon.colcon_core.package_identification:_identify(ME597-Spring2025/1-ROS_2_Basics/Resources) by extension 'colcon_meta'
[0.363s] Level 1:colcon.colcon_core.package_identification:_identify(ME597-Spring2025/1-ROS_2_Basics/Resources) by extensions ['ros']
[0.363s] Level 1:colcon.colcon_core.package_identification:_identify(ME597-Spring2025/1-ROS_2_Basics/Resources) by extension 'ros'
[0.363s] Level 1:colcon.colcon_core.package_identification:_identify(ME597-Spring2025/1-ROS_2_Basics/Resources) by extensions ['cmake', 'python']
[0.363s] Level 1:colcon.colcon_core.package_identification:_identify(ME597-Spring2025/1-ROS_2_Basics/Resources) by extension 'cmake'
[0.363s] Level 1:colcon.colcon_core.package_identification:_identify(ME597-Spring2025/1-ROS_2_Basics/Resources) by extension 'python'
[0.363s] Level 1:colcon.colcon_core.package_identification:_identify(ME597-Spring2025/1-ROS_2_Basics/Resources) by extensions ['python_setup_py']
[0.363s] Level 1:colcon.colcon_core.package_identification:_identify(ME597-Spring2025/1-ROS_2_Basics/Resources) by extension 'python_setup_py'
[0.363s] Level 1:colcon.colcon_core.package_identification:_identify(ME597-Spring2025/1-ROS_2_Basics/Resources/1-Lecture) by extensions ['ignore', 'ignore_ament_install']
[0.363s] Level 1:colcon.colcon_core.package_identification:_identify(ME597-Spring2025/1-ROS_2_Basics/Resources/1-Lecture) by extension 'ignore'
[0.363s] Level 1:colcon.colcon_core.package_identification:_identify(ME597-Spring2025/1-ROS_2_Basics/Resources/1-Lecture) by extension 'ignore_ament_install'
[0.363s] Level 1:colcon.colcon_core.package_identification:_identify(ME597-Spring2025/1-ROS_2_Basics/Resources/1-Lecture) by extensions ['colcon_pkg']
[0.363s] Level 1:colcon.colcon_core.package_identification:_identify(ME597-Spring2025/1-ROS_2_Basics/Resources/1-Lecture) by extension 'colcon_pkg'
[0.363s] Level 1:colcon.colcon_core.package_identification:_identify(ME597-Spring2025/1-ROS_2_Basics/Resources/1-Lecture) by extensions ['colcon_meta']
[0.363s] Level 1:colcon.colcon_core.package_identification:_identify(ME597-Spring2025/1-ROS_2_Basics/Resources/1-Lecture) by extension 'colcon_meta'
[0.363s] Level 1:colcon.colcon_core.package_identification:_identify(ME597-Spring2025/1-ROS_2_Basics/Resources/1-Lecture) by extensions ['ros']
[0.363s] Level 1:colcon.colcon_core.package_identification:_identify(ME597-Spring2025/1-ROS_2_Basics/Resources/1-Lecture) by extension 'ros'
[0.363s] Level 1:colcon.colcon_core.package_identification:_identify(ME597-Spring2025/1-ROS_2_Basics/Resources/1-Lecture) by extensions ['cmake', 'python']
[0.363s] Level 1:colcon.colcon_core.package_identification:_identify(ME597-Spring2025/1-ROS_2_Basics/Resources/1-Lecture) by extension 'cmake'
[0.363s] Level 1:colcon.colcon_core.package_identification:_identify(ME597-Spring2025/1-ROS_2_Basics/Resources/1-Lecture) by extension 'python'
[0.363s] Level 1:colcon.colcon_core.package_identification:_identify(ME597-Spring2025/1-ROS_2_Basics/Resources/1-Lecture) by extensions ['python_setup_py']
[0.363s] Level 1:colcon.colcon_core.package_identification:_identify(ME597-Spring2025/1-ROS_2_Basics/Resources/1-Lecture) by extension 'python_setup_py'
[0.364s] Level 1:colcon.colcon_core.package_identification:_identify(ME597-Spring2025/1-ROS_2_Basics/Resources/1-Lecture/Demo_1) by extensions ['ignore', 'ignore_ament_install']
[0.364s] Level 1:colcon.colcon_core.package_identification:_identify(ME597-Spring2025/1-ROS_2_Basics/Resources/1-Lecture/Demo_1) by extension 'ignore'
[0.364s] Level 1:colcon.colcon_core.package_identification:_identify(ME597-Spring2025/1-ROS_2_Basics/Resources/1-Lecture/Demo_1) by extension 'ignore_ament_install'
[0.364s] Level 1:colcon.colcon_core.package_identification:_identify(ME597-Spring2025/1-ROS_2_Basics/Resources/1-Lecture/Demo_1) by extensions ['colcon_pkg']
[0.364s] Level 1:colcon.colcon_core.package_identification:_identify(ME597-Spring2025/1-ROS_2_Basics/Resources/1-Lecture/Demo_1) by extension 'colcon_pkg'
[0.364s] Level 1:colcon.colcon_core.package_identification:_identify(ME597-Spring2025/1-ROS_2_Basics/Resources/1-Lecture/Demo_1) by extensions ['colcon_meta']
[0.364s] Level 1:colcon.colcon_core.package_identification:_identify(ME597-Spring2025/1-ROS_2_Basics/Resources/1-Lecture/Demo_1) by extension 'colcon_meta'
[0.364s] Level 1:colcon.colcon_core.package_identification:_identify(ME597-Spring2025/1-ROS_2_Basics/Resources/1-Lecture/Demo_1) by extensions ['ros']
[0.364s] Level 1:colcon.colcon_core.package_identification:_identify(ME597-Spring2025/1-ROS_2_Basics/Resources/1-Lecture/Demo_1) by extension 'ros'
[0.364s] Level 1:colcon.colcon_core.package_identification:_identify(ME597-Spring2025/1-ROS_2_Basics/Resources/1-Lecture/Demo_1) by extensions ['cmake', 'python']
[0.364s] Level 1:colcon.colcon_core.package_identification:_identify(ME597-Spring2025/1-ROS_2_Basics/Resources/1-Lecture/Demo_1) by extension 'cmake'
[0.364s] Level 1:colcon.colcon_core.package_identification:_identify(ME597-Spring2025/1-ROS_2_Basics/Resources/1-Lecture/Demo_1) by extension 'python'
[0.364s] Level 1:colcon.colcon_core.package_identification:_identify(ME597-Spring2025/1-ROS_2_Basics/Resources/1-Lecture/Demo_1) by extensions ['python_setup_py']
[0.364s] Level 1:colcon.colcon_core.package_identification:_identify(ME597-Spring2025/1-ROS_2_Basics/Resources/1-Lecture/Demo_1) by extension 'python_setup_py'
[0.364s] Level 1:colcon.colcon_core.package_identification:_identify(ME597-Spring2025/1-ROS_2_Basics/Resources/1-Lecture/Demo_2) by extensions ['ignore', 'ignore_ament_install']
[0.364s] Level 1:colcon.colcon_core.package_identification:_identify(ME597-Spring2025/1-ROS_2_Basics/Resources/1-Lecture/Demo_2) by extension 'ignore'
[0.364s] Level 1:colcon.colcon_core.package_identification:_identify(ME597-Spring2025/1-ROS_2_Basics/Resources/1-Lecture/Demo_2) by extension 'ignore_ament_install'
[0.364s] Level 1:colcon.colcon_core.package_identification:_identify(ME597-Spring2025/1-ROS_2_Basics/Resources/1-Lecture/Demo_2) by extensions ['colcon_pkg']
[0.365s] Level 1:colcon.colcon_core.package_identification:_identify(ME597-Spring2025/1-ROS_2_Basics/Resources/1-Lecture/Demo_2) by extension 'colcon_pkg'
[0.365s] Level 1:colcon.colcon_core.package_identification:_identify(ME597-Spring2025/1-ROS_2_Basics/Resources/1-Lecture/Demo_2) by extensions ['colcon_meta']
[0.365s] Level 1:colcon.colcon_core.package_identification:_identify(ME597-Spring2025/1-ROS_2_Basics/Resources/1-Lecture/Demo_2) by extension 'colcon_meta'
[0.365s] Level 1:colcon.colcon_core.package_identification:_identify(ME597-Spring2025/1-ROS_2_Basics/Resources/1-Lecture/Demo_2) by extensions ['ros']
[0.365s] Level 1:colcon.colcon_core.package_identification:_identify(ME597-Spring2025/1-ROS_2_Basics/Resources/1-Lecture/Demo_2) by extension 'ros'
[0.365s] Level 1:colcon.colcon_core.package_identification:_identify(ME597-Spring2025/1-ROS_2_Basics/Resources/1-Lecture/Demo_2) by extensions ['cmake', 'python']
[0.365s] Level 1:colcon.colcon_core.package_identification:_identify(ME597-Spring2025/1-ROS_2_Basics/Resources/1-Lecture/Demo_2) by extension 'cmake'
[0.365s] Level 1:colcon.colcon_core.package_identification:_identify(ME597-Spring2025/1-ROS_2_Basics/Resources/1-Lecture/Demo_2) by extension 'python'
[0.365s] Level 1:colcon.colcon_core.package_identification:_identify(ME597-Spring2025/1-ROS_2_Basics/Resources/1-Lecture/Demo_2) by extensions ['python_setup_py']
[0.365s] Level 1:colcon.colcon_core.package_identification:_identify(ME597-Spring2025/1-ROS_2_Basics/Resources/1-Lecture/Demo_2) by extension 'python_setup_py'
[0.365s] Level 1:colcon.colcon_core.package_identification:_identify(ME597-Spring2025/1-ROS_2_Basics/Resources/1-Lecture/Demo_2/src) by extensions ['ignore', 'ignore_ament_install']
[0.365s] Level 1:colcon.colcon_core.package_identification:_identify(ME597-Spring2025/1-ROS_2_Basics/Resources/1-Lecture/Demo_2/src) by extension 'ignore'
[0.365s] Level 1:colcon.colcon_core.package_identification:_identify(ME597-Spring2025/1-ROS_2_Basics/Resources/1-Lecture/Demo_2/src) by extension 'ignore_ament_install'
[0.365s] Level 1:colcon.colcon_core.package_identification:_identify(ME597-Spring2025/1-ROS_2_Basics/Resources/1-Lecture/Demo_2/src) by extensions ['colcon_pkg']
[0.365s] Level 1:colcon.colcon_core.package_identification:_identify(ME597-Spring2025/1-ROS_2_Basics/Resources/1-Lecture/Demo_2/src) by extension 'colcon_pkg'
[0.365s] Level 1:colcon.colcon_core.package_identification:_identify(ME597-Spring2025/1-ROS_2_Basics/Resources/1-Lecture/Demo_2/src) by extensions ['colcon_meta']
[0.365s] Level 1:colcon.colcon_core.package_identification:_identify(ME597-Spring2025/1-ROS_2_Basics/Resources/1-Lecture/Demo_2/src) by extension 'colcon_meta'
[0.365s] Level 1:colcon.colcon_core.package_identification:_identify(ME597-Spring2025/1-ROS_2_Basics/Resources/1-Lecture/Demo_2/src) by extensions ['ros']
[0.365s] Level 1:colcon.colcon_core.package_identification:_identify(ME597-Spring2025/1-ROS_2_Basics/Resources/1-Lecture/Demo_2/src) by extension 'ros'
[0.365s] Level 1:colcon.colcon_core.package_identification:_identify(ME597-Spring2025/1-ROS_2_Basics/Resources/1-Lecture/Demo_2/src) by extensions ['cmake', 'python']
[0.366s] Level 1:colcon.colcon_core.package_identification:_identify(ME597-Spring2025/1-ROS_2_Basics/Resources/1-Lecture/Demo_2/src) by extension 'cmake'
[0.367s] Level 1:colcon.colcon_core.package_identification:_identify(ME597-Spring2025/1-ROS_2_Basics/Resources/1-Lecture/Demo_2/src) by extension 'python'
[0.367s] DEBUG:colcon.colcon_core.package_identification:Package 'ME597-Spring2025/1-ROS_2_Basics/Resources/1-Lecture/Demo_2/src' with type 'cmake' and name 'my_project_name'
[0.367s] Level 1:colcon.colcon_core.package_identification:_identify(ME597-Spring2025/2-Kinematics_&_Control) by extensions ['ignore', 'ignore_ament_install']
[0.367s] Level 1:colcon.colcon_core.package_identification:_identify(ME597-Spring2025/2-Kinematics_&_Control) by extension 'ignore'
[0.367s] Level 1:colcon.colcon_core.package_identification:_identify(ME597-Spring2025/2-Kinematics_&_Control) by extension 'ignore_ament_install'
[0.367s] Level 1:colcon.colcon_core.package_identification:_identify(ME597-Spring2025/2-Kinematics_&_Control) by extensions ['colcon_pkg']
[0.367s] Level 1:colcon.colcon_core.package_identification:_identify(ME597-Spring2025/2-Kinematics_&_Control) by extension 'colcon_pkg'
[0.367s] Level 1:colcon.colcon_core.package_identification:_identify(ME597-Spring2025/2-Kinematics_&_Control) by extensions ['colcon_meta']
[0.367s] Level 1:colcon.colcon_core.package_identification:_identify(ME597-Spring2025/2-Kinematics_&_Control) by extension 'colcon_meta'
[0.367s] Level 1:colcon.colcon_core.package_identification:_identify(ME597-Spring2025/2-Kinematics_&_Control) by extensions ['ros']
[0.367s] Level 1:colcon.colcon_core.package_identification:_identify(ME597-Spring2025/2-Kinematics_&_Control) by extension 'ros'
[0.367s] Level 1:colcon.colcon_core.package_identification:_identify(ME597-Spring2025/2-Kinematics_&_Control) by extensions ['cmake', 'python']
[0.367s] Level 1:colcon.colcon_core.package_identification:_identify(ME597-Spring2025/2-Kinematics_&_Control) by extension 'cmake'
[0.367s] Level 1:colcon.colcon_core.package_identification:_identify(ME597-Spring2025/2-Kinematics_&_Control) by extension 'python'
[0.367s] Level 1:colcon.colcon_core.package_identification:_identify(ME597-Spring2025/2-Kinematics_&_Control) by extensions ['python_setup_py']
[0.367s] Level 1:colcon.colcon_core.package_identification:_identify(ME597-Spring2025/2-Kinematics_&_Control) by extension 'python_setup_py'
[0.367s] Level 1:colcon.colcon_core.package_identification:_identify(ME597-Spring2025/2-Kinematics_&_Control/Resources) by extensions ['ignore', 'ignore_ament_install']
[0.368s] Level 1:colcon.colcon_core.package_identification:_identify(ME597-Spring2025/2-Kinematics_&_Control/Resources) by extension 'ignore'
[0.368s] Level 1:colcon.colcon_core.package_identification:_identify(ME597-Spring2025/2-Kinematics_&_Control/Resources) by extension 'ignore_ament_install'
[0.368s] Level 1:colcon.colcon_core.package_identification:_identify(ME597-Spring2025/2-Kinematics_&_Control/Resources) by extensions ['colcon_pkg']
[0.368s] Level 1:colcon.colcon_core.package_identification:_identify(ME597-Spring2025/2-Kinematics_&_Control/Resources) by extension 'colcon_pkg'
[0.368s] Level 1:colcon.colcon_core.package_identification:_identify(ME597-Spring2025/2-Kinematics_&_Control/Resources) by extensions ['colcon_meta']
[0.368s] Level 1:colcon.colcon_core.package_identification:_identify(ME597-Spring2025/2-Kinematics_&_Control/Resources) by extension 'colcon_meta'
[0.368s] Level 1:colcon.colcon_core.package_identification:_identify(ME597-Spring2025/2-Kinematics_&_Control/Resources) by extensions ['ros']
[0.368s] Level 1:colcon.colcon_core.package_identification:_identify(ME597-Spring2025/2-Kinematics_&_Control/Resources) by extension 'ros'
[0.368s] Level 1:colcon.colcon_core.package_identification:_identify(ME597-Spring2025/2-Kinematics_&_Control/Resources) by extensions ['cmake', 'python']
[0.368s] Level 1:colcon.colcon_core.package_identification:_identify(ME597-Spring2025/2-Kinematics_&_Control/Resources) by extension 'cmake'
[0.368s] Level 1:colcon.colcon_core.package_identification:_identify(ME597-Spring2025/2-Kinematics_&_Control/Resources) by extension 'python'
[0.368s] Level 1:colcon.colcon_core.package_identification:_identify(ME597-Spring2025/2-Kinematics_&_Control/Resources) by extensions ['python_setup_py']
[0.368s] Level 1:colcon.colcon_core.package_identification:_identify(ME597-Spring2025/2-Kinematics_&_Control/Resources) by extension 'python_setup_py'
[0.368s] Level 1:colcon.colcon_core.package_identification:_identify(ME597-Spring2025/2-Kinematics_&_Control/Resources/images) by extensions ['ignore', 'ignore_ament_install']
[0.368s] Level 1:colcon.colcon_core.package_identification:_identify(ME597-Spring2025/2-Kinematics_&_Control/Resources/images) by extension 'ignore'
[0.368s] Level 1:colcon.colcon_core.package_identification:_identify(ME597-Spring2025/2-Kinematics_&_Control/Resources/images) by extension 'ignore_ament_install'
[0.368s] Level 1:colcon.colcon_core.package_identification:_identify(ME597-Spring2025/2-Kinematics_&_Control/Resources/images) by extensions ['colcon_pkg']
[0.368s] Level 1:colcon.colcon_core.package_identification:_identify(ME597-Spring2025/2-Kinematics_&_Control/Resources/images) by extension 'colcon_pkg'
[0.368s] Level 1:colcon.colcon_core.package_identification:_identify(ME597-Spring2025/2-Kinematics_&_Control/Resources/images) by extensions ['colcon_meta']
[0.368s] Level 1:colcon.colcon_core.package_identification:_identify(ME597-Spring2025/2-Kinematics_&_Control/Resources/images) by extension 'colcon_meta'
[0.369s] Level 1:colcon.colcon_core.package_identification:_identify(ME597-Spring2025/2-Kinematics_&_Control/Resources/images) by extensions ['ros']
[0.369s] Level 1:colcon.colcon_core.package_identification:_identify(ME597-Spring2025/2-Kinematics_&_Control/Resources/images) by extension 'ros'
[0.369s] Level 1:colcon.colcon_core.package_identification:_identify(ME597-Spring2025/2-Kinematics_&_Control/Resources/images) by extensions ['cmake', 'python']
[0.369s] Level 1:colcon.colcon_core.package_identification:_identify(ME597-Spring2025/2-Kinematics_&_Control/Resources/images) by extension 'cmake'
[0.369s] Level 1:colcon.colcon_core.package_identification:_identify(ME597-Spring2025/2-Kinematics_&_Control/Resources/images) by extension 'python'
[0.369s] Level 1:colcon.colcon_core.package_identification:_identify(ME597-Spring2025/2-Kinematics_&_Control/Resources/images) by extensions ['python_setup_py']
[0.369s] Level 1:colcon.colcon_core.package_identification:_identify(ME597-Spring2025/2-Kinematics_&_Control/Resources/images) by extension 'python_setup_py'
[0.369s] Level 1:colcon.colcon_core.package_identification:_identify(ME597-Spring2025/3-Navigation) by extensions ['ignore', 'ignore_ament_install']
[0.369s] Level 1:colcon.colcon_core.package_identification:_identify(ME597-Spring2025/3-Navigation) by extension 'ignore'
[0.369s] Level 1:colcon.colcon_core.package_identification:_identify(ME597-Spring2025/3-Navigation) by extension 'ignore_ament_install'
[0.369s] Level 1:colcon.colcon_core.package_identification:_identify(ME597-Spring2025/3-Navigation) by extensions ['colcon_pkg']
[0.369s] Level 1:colcon.colcon_core.package_identification:_identify(ME597-Spring2025/3-Navigation) by extension 'colcon_pkg'
[0.369s] Level 1:colcon.colcon_core.package_identification:_identify(ME597-Spring2025/3-Navigation) by extensions ['colcon_meta']
[0.369s] Level 1:colcon.colcon_core.package_identification:_identify(ME597-Spring2025/3-Navigation) by extension 'colcon_meta'
[0.369s] Level 1:colcon.colcon_core.package_identification:_identify(ME597-Spring2025/3-Navigation) by extensions ['ros']
[0.369s] Level 1:colcon.colcon_core.package_identification:_identify(ME597-Spring2025/3-Navigation) by extension 'ros'
[0.369s] Level 1:colcon.colcon_core.package_identification:_identify(ME597-Spring2025/3-Navigation) by extensions ['cmake', 'python']
[0.369s] Level 1:colcon.colcon_core.package_identification:_identify(ME597-Spring2025/3-Navigation) by extension 'cmake'
[0.369s] Level 1:colcon.colcon_core.package_identification:_identify(ME597-Spring2025/3-Navigation) by extension 'python'
[0.369s] Level 1:colcon.colcon_core.package_identification:_identify(ME597-Spring2025/3-Navigation) by extensions ['python_setup_py']
[0.369s] Level 1:colcon.colcon_core.package_identification:_identify(ME597-Spring2025/3-Navigation) by extension 'python_setup_py'
[0.370s] Level 1:colcon.colcon_core.package_identification:_identify(ME597-Spring2025/3-Navigation/Resources) by extensions ['ignore', 'ignore_ament_install']
[0.370s] Level 1:colcon.colcon_core.package_identification:_identify(ME597-Spring2025/3-Navigation/Resources) by extension 'ignore'
[0.370s] Level 1:colcon.colcon_core.package_identification:_identify(ME597-Spring2025/3-Navigation/Resources) by extension 'ignore_ament_install'
[0.370s] Level 1:colcon.colcon_core.package_identification:_identify(ME597-Spring2025/3-Navigation/Resources) by extensions ['colcon_pkg']
[0.370s] Level 1:colcon.colcon_core.package_identification:_identify(ME597-Spring2025/3-Navigation/Resources) by extension 'colcon_pkg'
[0.370s] Level 1:colcon.colcon_core.package_identification:_identify(ME597-Spring2025/3-Navigation/Resources) by extensions ['colcon_meta']
[0.370s] Level 1:colcon.colcon_core.package_identification:_identify(ME597-Spring2025/3-Navigation/Resources) by extension 'colcon_meta'
[0.370s] Level 1:colcon.colcon_core.package_identification:_identify(ME597-Spring2025/3-Navigation/Resources) by extensions ['ros']
[0.370s] Level 1:colcon.colcon_core.package_identification:_identify(ME597-Spring2025/3-Navigation/Resources) by extension 'ros'
[0.370s] Level 1:colcon.colcon_core.package_identification:_identify(ME597-Spring2025/3-Navigation/Resources) by extensions ['cmake', 'python']
[0.370s] Level 1:colcon.colcon_core.package_identification:_identify(ME597-Spring2025/3-Navigation/Resources) by extension 'cmake'
[0.370s] Level 1:colcon.colcon_core.package_identification:_identify(ME597-Spring2025/3-Navigation/Resources) by extension 'python'
[0.370s] Level 1:colcon.colcon_core.package_identification:_identify(ME597-Spring2025/3-Navigation/Resources) by extensions ['python_setup_py']
[0.370s] Level 1:colcon.colcon_core.package_identification:_identify(ME597-Spring2025/3-Navigation/Resources) by extension 'python_setup_py'
[0.370s] Level 1:colcon.colcon_core.package_identification:_identify(ME597-Spring2025/4-Perception) by extensions ['ignore', 'ignore_ament_install']
[0.370s] Level 1:colcon.colcon_core.package_identification:_identify(ME597-Spring2025/4-Perception) by extension 'ignore'
[0.370s] Level 1:colcon.colcon_core.package_identification:_identify(ME597-Spring2025/4-Perception) by extension 'ignore_ament_install'
[0.370s] Level 1:colcon.colcon_core.package_identification:_identify(ME597-Spring2025/4-Perception) by extensions ['colcon_pkg']
[0.370s] Level 1:colcon.colcon_core.package_identification:_identify(ME597-Spring2025/4-Perception) by extension 'colcon_pkg'
[0.370s] Level 1:colcon.colcon_core.package_identification:_identify(ME597-Spring2025/4-Perception) by extensions ['colcon_meta']
[0.371s] Level 1:colcon.colcon_core.package_identification:_identify(ME597-Spring2025/4-Perception) by extension 'colcon_meta'
[0.371s] Level 1:colcon.colcon_core.package_identification:_identify(ME597-Spring2025/4-Perception) by extensions ['ros']
[0.371s] Level 1:colcon.colcon_core.package_identification:_identify(ME597-Spring2025/4-Perception) by extension 'ros'
[0.371s] Level 1:colcon.colcon_core.package_identification:_identify(ME597-Spring2025/4-Perception) by extensions ['cmake', 'python']
[0.371s] Level 1:colcon.colcon_core.package_identification:_identify(ME597-Spring2025/4-Perception) by extension 'cmake'
[0.371s] Level 1:colcon.colcon_core.package_identification:_identify(ME597-Spring2025/4-Perception) by extension 'python'
[0.371s] Level 1:colcon.colcon_core.package_identification:_identify(ME597-Spring2025/4-Perception) by extensions ['python_setup_py']
[0.371s] Level 1:colcon.colcon_core.package_identification:_identify(ME597-Spring2025/4-Perception) by extension 'python_setup_py'
[0.371s] Level 1:colcon.colcon_core.package_identification:_identify(ME597-Spring2025/4-Perception/Resources) by extensions ['ignore', 'ignore_ament_install']
[0.371s] Level 1:colcon.colcon_core.package_identification:_identify(ME597-Spring2025/4-Perception/Resources) by extension 'ignore'
[0.371s] Level 1:colcon.colcon_core.package_identification:_identify(ME597-Spring2025/4-Perception/Resources) by extension 'ignore_ament_install'
[0.371s] Level 1:colcon.colcon_core.package_identification:_identify(ME597-Spring2025/4-Perception/Resources) by extensions ['colcon_pkg']
[0.371s] Level 1:colcon.colcon_core.package_identification:_identify(ME597-Spring2025/4-Perception/Resources) by extension 'colcon_pkg'
[0.371s] Level 1:colcon.colcon_core.package_identification:_identify(ME597-Spring2025/4-Perception/Resources) by extensions ['colcon_meta']
[0.371s] Level 1:colcon.colcon_core.package_identification:_identify(ME597-Spring2025/4-Perception/Resources) by extension 'colcon_meta'
[0.371s] Level 1:colcon.colcon_core.package_identification:_identify(ME597-Spring2025/4-Perception/Resources) by extensions ['ros']
[0.371s] Level 1:colcon.colcon_core.package_identification:_identify(ME597-Spring2025/4-Perception/Resources) by extension 'ros'
[0.371s] Level 1:colcon.colcon_core.package_identification:_identify(ME597-Spring2025/4-Perception/Resources) by extensions ['cmake', 'python']
[0.371s] Level 1:colcon.colcon_core.package_identification:_identify(ME597-Spring2025/4-Perception/Resources) by extension 'cmake'
[0.371s] Level 1:colcon.colcon_core.package_identification:_identify(ME597-Spring2025/4-Perception/Resources) by extension 'python'
[0.372s] Level 1:colcon.colcon_core.package_identification:_identify(ME597-Spring2025/4-Perception/Resources) by extensions ['python_setup_py']
[0.372s] Level 1:colcon.colcon_core.package_identification:_identify(ME597-Spring2025/4-Perception/Resources) by extension 'python_setup_py'
[0.372s] Level 1:colcon.colcon_core.package_identification:_identify(ME597-Spring2025/4-Perception/Resources/images) by extensions ['ignore', 'ignore_ament_install']
[0.372s] Level 1:colcon.colcon_core.package_identification:_identify(ME597-Spring2025/4-Perception/Resources/images) by extension 'ignore'
[0.372s] Level 1:colcon.colcon_core.package_identification:_identify(ME597-Spring2025/4-Perception/Resources/images) by extension 'ignore_ament_install'
[0.372s] Level 1:colcon.colcon_core.package_identification:_identify(ME597-Spring2025/4-Perception/Resources/images) by extensions ['colcon_pkg']
[0.372s] Level 1:colcon.colcon_core.package_identification:_identify(ME597-Spring2025/4-Perception/Resources/images) by extension 'colcon_pkg'
[0.372s] Level 1:colcon.colcon_core.package_identification:_identify(ME597-Spring2025/4-Perception/Resources/images) by extensions ['colcon_meta']
[0.372s] Level 1:colcon.colcon_core.package_identification:_identify(ME597-Spring2025/4-Perception/Resources/images) by extension 'colcon_meta'
[0.372s] Level 1:colcon.colcon_core.package_identification:_identify(ME597-Spring2025/4-Perception/Resources/images) by extensions ['ros']
[0.372s] Level 1:colcon.colcon_core.package_identification:_identify(ME597-Spring2025/4-Perception/Resources/images) by extension 'ros'
[0.372s] Level 1:colcon.colcon_core.package_identification:_identify(ME597-Spring2025/4-Perception/Resources/images) by extensions ['cmake', 'python']
[0.372s] Level 1:colcon.colcon_core.package_identification:_identify(ME597-Spring2025/4-Perception/Resources/images) by extension 'cmake'
[0.372s] Level 1:colcon.colcon_core.package_identification:_identify(ME597-Spring2025/4-Perception/Resources/images) by extension 'python'
[0.372s] Level 1:colcon.colcon_core.package_identification:_identify(ME597-Spring2025/4-Perception/Resources/images) by extensions ['python_setup_py']
[0.372s] Level 1:colcon.colcon_core.package_identification:_identify(ME597-Spring2025/4-Perception/Resources/images) by extension 'python_setup_py'
[0.372s] Level 1:colcon.colcon_core.package_identification:_identify(build) by extensions ['ignore', 'ignore_ament_install']
[0.372s] Level 1:colcon.colcon_core.package_identification:_identify(build) by extension 'ignore'
[0.373s] Level 1:colcon.colcon_core.package_identification:_identify(build) ignored
[0.373s] Level 1:colcon.colcon_core.package_identification:_identify(install) by extensions ['ignore', 'ignore_ament_install']
[0.373s] Level 1:colcon.colcon_core.package_identification:_identify(install) by extension 'ignore'
[0.373s] Level 1:colcon.colcon_core.package_identification:_identify(install) ignored
[0.373s] Level 1:colcon.colcon_core.package_identification:_identify(log) by extensions ['ignore', 'ignore_ament_install']
[0.373s] Level 1:colcon.colcon_core.package_identification:_identify(log) by extension 'ignore'
[0.373s] Level 1:colcon.colcon_core.package_identification:_identify(log) ignored
[0.373s] Level 1:colcon.colcon_core.package_identification:_identify(src) by extensions ['ignore', 'ignore_ament_install']
[0.373s] Level 1:colcon.colcon_core.package_identification:_identify(src) by extension 'ignore'
[0.373s] Level 1:colcon.colcon_core.package_identification:_identify(src) by extension 'ignore_ament_install'
[0.373s] Level 1:colcon.colcon_core.package_identification:_identify(src) by extensions ['colcon_pkg']
[0.373s] Level 1:colcon.colcon_core.package_identification:_identify(src) by extension 'colcon_pkg'
[0.373s] Level 1:colcon.colcon_core.package_identification:_identify(src) by extensions ['colcon_meta']
[0.373s] Level 1:colcon.colcon_core.package_identification:_identify(src) by extension 'colcon_meta'
[0.374s] Level 1:colcon.colcon_core.package_identification:_identify(src) by extensions ['ros']
[0.374s] Level 1:colcon.colcon_core.package_identification:_identify(src) by extension 'ros'
[0.374s] Level 1:colcon.colcon_core.package_identification:_identify(src) by extensions ['cmake', 'python']
[0.374s] Level 1:colcon.colcon_core.package_identification:_identify(src) by extension 'cmake'
[0.374s] Level 1:colcon.colcon_core.package_identification:_identify(src) by extension 'python'
[0.374s] Level 1:colcon.colcon_core.package_identification:_identify(src) by extensions ['python_setup_py']
[0.374s] Level 1:colcon.colcon_core.package_identification:_identify(src) by extension 'python_setup_py'
[0.374s] Level 1:colcon.colcon_core.package_identification:_identify(src/task_1) by extensions ['ignore', 'ignore_ament_install']
[0.374s] Level 1:colcon.colcon_core.package_identification:_identify(src/task_1) by extension 'ignore'
[0.374s] Level 1:colcon.colcon_core.package_identification:_identify(src/task_1) by extension 'ignore_ament_install'
[0.374s] Level 1:colcon.colcon_core.package_identification:_identify(src/task_1) by extensions ['colcon_pkg']
[0.374s] Level 1:colcon.colcon_core.package_identification:_identify(src/task_1) by extension 'colcon_pkg'
[0.374s] Level 1:colcon.colcon_core.package_identification:_identify(src/task_1) by extensions ['colcon_meta']
[0.374s] Level 1:colcon.colcon_core.package_identification:_identify(src/task_1) by extension 'colcon_meta'
[0.374s] Level 1:colcon.colcon_core.package_identification:_identify(src/task_1) by extensions ['ros']
[0.374s] Level 1:colcon.colcon_core.package_identification:_identify(src/task_1) by extension 'ros'
[0.377s] DEBUG:colcon.colcon_core.package_identification:Package 'src/task_1' with type 'ros.ament_python' and name 'task_1'
[0.377s] Level 1:colcon.colcon_core.package_identification:_identify(src/task_2) by extensions ['ignore', 'ignore_ament_install']
[0.377s] Level 1:colcon.colcon_core.package_identification:_identify(src/task_2) by extension 'ignore'
[0.377s] Level 1:colcon.colcon_core.package_identification:_identify(src/task_2) by extension 'ignore_ament_install'
[0.377s] Level 1:colcon.colcon_core.package_identification:_identify(src/task_2) by extensions ['colcon_pkg']
[0.377s] Level 1:colcon.colcon_core.package_identification:_identify(src/task_2) by extension 'colcon_pkg'
[0.377s] Level 1:colcon.colcon_core.package_identification:_identify(src/task_2) by extensions ['colcon_meta']
[0.377s] Level 1:colcon.colcon_core.package_identification:_identify(src/task_2) by extension 'colcon_meta'
[0.377s] Level 1:colcon.colcon_core.package_identification:_identify(src/task_2) by extensions ['ros']
[0.377s] Level 1:colcon.colcon_core.package_identification:_identify(src/task_2) by extension 'ros'
[0.378s] DEBUG:colcon.colcon_core.package_identification:Package 'src/task_2' with type 'ros.ament_python' and name 'task_2'
[0.378s] Level 1:colcon.colcon_core.package_identification:_identify(src/task_2_interfaces) by extensions ['ignore', 'ignore_ament_install']
[0.378s] Level 1:colcon.colcon_core.package_identification:_identify(src/task_2_interfaces) by extension 'ignore'
[0.378s] Level 1:colcon.colcon_core.package_identification:_identify(src/task_2_interfaces) by extension 'ignore_ament_install'
[0.378s] Level 1:colcon.colcon_core.package_identification:_identify(src/task_2_interfaces) by extensions ['colcon_pkg']
[0.378s] Level 1:colcon.colcon_core.package_identification:_identify(src/task_2_interfaces) by extension 'colcon_pkg'
[0.378s] Level 1:colcon.colcon_core.package_identification:_identify(src/task_2_interfaces) by extensions ['colcon_meta']
[0.378s] Level 1:colcon.colcon_core.package_identification:_identify(src/task_2_interfaces) by extension 'colcon_meta'
[0.378s] Level 1:colcon.colcon_core.package_identification:_identify(src/task_2_interfaces) by extensions ['ros']
[0.378s] Level 1:colcon.colcon_core.package_identification:_identify(src/task_2_interfaces) by extension 'ros'
[0.379s] DEBUG:colcon.colcon_core.package_identification:Package 'src/task_2_interfaces' with type 'ros.ament_cmake' and name 'task_2_interfaces'
[0.379s] Level 1:colcon.colcon_core.package_identification:_identify(src/task_3) by extensions ['ignore', 'ignore_ament_install']
[0.379s] Level 1:colcon.colcon_core.package_identification:_identify(src/task_3) by extension 'ignore'
[0.379s] Level 1:colcon.colcon_core.package_identification:_identify(src/task_3) by extension 'ignore_ament_install'
[0.379s] Level 1:colcon.colcon_core.package_identification:_identify(src/task_3) by extensions ['colcon_pkg']
[0.379s] Level 1:colcon.colcon_core.package_identification:_identify(src/task_3) by extension 'colcon_pkg'
[0.379s] Level 1:colcon.colcon_core.package_identification:_identify(src/task_3) by extensions ['colcon_meta']
[0.379s] Level 1:colcon.colcon_core.package_identification:_identify(src/task_3) by extension 'colcon_meta'
[0.379s] Level 1:colcon.colcon_core.package_identification:_identify(src/task_3) by extensions ['ros']
[0.379s] Level 1:colcon.colcon_core.package_identification:_identify(src/task_3) by extension 'ros'
[0.380s] DEBUG:colcon.colcon_core.package_identification:Package 'src/task_3' with type 'ros.ament_python' and name 'task_3'
[0.380s] Level 1:colcon.colcon_core.package_identification:_identify(src/task_4) by extensions ['ignore', 'ignore_ament_install']
[0.380s] Level 1:colcon.colcon_core.package_identification:_identify(src/task_4) by extension 'ignore'
[0.380s] Level 1:colcon.colcon_core.package_identification:_identify(src/task_4) by extension 'ignore_ament_install'
[0.380s] Level 1:colcon.colcon_core.package_identification:_identify(src/task_4) by extensions ['colcon_pkg']
[0.380s] Level 1:colcon.colcon_core.package_identification:_identify(src/task_4) by extension 'colcon_pkg'
[0.380s] Level 1:colcon.colcon_core.package_identification:_identify(src/task_4) by extensions ['colcon_meta']
[0.380s] Level 1:colcon.colcon_core.package_identification:_identify(src/task_4) by extension 'colcon_meta'
[0.380s] Level 1:colcon.colcon_core.package_identification:_identify(src/task_4) by extensions ['ros']
[0.380s] Level 1:colcon.colcon_core.package_identification:_identify(src/task_4) by extension 'ros'
[0.381s] DEBUG:colcon.colcon_core.package_identification:Package 'src/task_4' with type 'ros.ament_python' and name 'task_4'
[0.381s] Level 1:colcon.colcon_core.package_discovery:discover_packages(recursive) using defaults
[0.381s] Level 1:colcon.colcon_core.package_discovery:discover_packages(ignore) discover
[0.381s] Level 1:colcon.colcon_core.package_discovery:discover_packages(ignore) using defaults
[0.381s] Level 1:colcon.colcon_core.package_discovery:discover_packages(path) discover
[0.381s] Level 1:colcon.colcon_core.package_discovery:discover_packages(path) using defaults
[0.401s] Level 1:colcon.colcon_core.package_discovery:discover_packages(prefix_path) check parameters
[0.402s] Level 1:colcon.colcon_core.package_discovery:discover_packages(prefix_path) discover
[0.404s] DEBUG:colcon.colcon_installed_package_information.package_discovery:Found 6 installed packages in /home/albert/ros2_ws/install
[0.405s] DEBUG:colcon.colcon_installed_package_information.package_discovery:Found 333 installed packages in /opt/ros/humble
[0.406s] Level 1:colcon.colcon_core.package_discovery:discover_packages(prefix_path) using defaults
[0.448s] Level 5:colcon.colcon_core.verb:set package 'my_project_name' build argument 'cmake_args' from command line to 'None'
[0.448s] Level 5:colcon.colcon_core.verb:set package 'my_project_name' build argument 'cmake_target' from command line to 'None'
[0.448s] Level 5:colcon.colcon_core.verb:set package 'my_project_name' build argument 'cmake_target_skip_unavailable' from command line to 'False'
[0.448s] Level 5:colcon.colcon_core.verb:set package 'my_project_name' build argument 'cmake_clean_cache' from command line to 'False'
[0.448s] Level 5:colcon.colcon_core.verb:set package 'my_project_name' build argument 'cmake_clean_first' from command line to 'False'
[0.448s] Level 5:colcon.colcon_core.verb:set package 'my_project_name' build argument 'cmake_force_configure' from command line to 'False'
[0.448s] Level 5:colcon.colcon_core.verb:set package 'my_project_name' build argument 'ament_cmake_args' from command line to 'None'
[0.448s] Level 5:colcon.colcon_core.verb:set package 'my_project_name' build argument 'catkin_cmake_args' from command line to 'None'
[0.448s] Level 5:colcon.colcon_core.verb:set package 'my_project_name' build argument 'catkin_skip_building_tests' from command line to 'False'
[0.448s] DEBUG:colcon.colcon_core.verb:Building package 'my_project_name' with the following arguments: {'ament_cmake_args': None, 'build_base': '/home/albert/ros2_ws/build/my_project_name', 'catkin_cmake_args': None, 'catkin_skip_building_tests': False, 'cmake_args': None, 'cmake_clean_cache': False, 'cmake_clean_first': False, 'cmake_force_configure': False, 'cmake_target': None, 'cmake_target_skip_unavailable': False, 'install_base': '/home/albert/ros2_ws/install/my_project_name', 'merge_install': False, 'path': '/home/albert/ros2_ws/ME597-Spring2025/1-ROS_2_Basics/Resources/1-Lecture/Demo_2/src', 'symlink_install': False, 'test_result_base': None}
[0.448s] Level 5:colcon.colcon_core.verb:set package 'task_1' build argument 'cmake_args' from command line to 'None'
[0.448s] Level 5:colcon.colcon_core.verb:set package 'task_1' build argument 'cmake_target' from command line to 'None'
[0.449s] Level 5:colcon.colcon_core.verb:set package 'task_1' build argument 'cmake_target_skip_unavailable' from command line to 'False'
[0.449s] Level 5:colcon.colcon_core.verb:set package 'task_1' build argument 'cmake_clean_cache' from command line to 'False'
[0.449s] Level 5:colcon.colcon_core.verb:set package 'task_1' build argument 'cmake_clean_first' from command line to 'False'
[0.449s] Level 5:colcon.colcon_core.verb:set package 'task_1' build argument 'cmake_force_configure' from command line to 'False'
[0.449s] Level 5:colcon.colcon_core.verb:set package 'task_1' build argument 'ament_cmake_args' from command line to 'None'
[0.449s] Level 5:colcon.colcon_core.verb:set package 'task_1' build argument 'catkin_cmake_args' from command line to 'None'
[0.449s] Level 5:colcon.colcon_core.verb:set package 'task_1' build argument 'catkin_skip_building_tests' from command line to 'False'
[0.449s] DEBUG:colcon.colcon_core.verb:Building package 'task_1' with the following arguments: {'ament_cmake_args': None, 'build_base': '/home/albert/ros2_ws/build/task_1', 'catkin_cmake_args': None, 'catkin_skip_building_tests': False, 'cmake_args': None, 'cmake_clean_cache': False, 'cmake_clean_first': False, 'cmake_force_configure': False, 'cmake_target': None, 'cmake_target_skip_unavailable': False, 'install_base': '/home/albert/ros2_ws/install/task_1', 'merge_install': False, 'path': '/home/albert/ros2_ws/src/task_1', 'symlink_install': False, 'test_result_base': None}
[0.449s] Level 5:colcon.colcon_core.verb:set package 'task_2_interfaces' build argument 'cmake_args' from command line to 'None'
[0.449s] Level 5:colcon.colcon_core.verb:set package 'task_2_interfaces' build argument 'cmake_target' from command line to 'None'
[0.449s] Level 5:colcon.colcon_core.verb:set package 'task_2_interfaces' build argument 'cmake_target_skip_unavailable' from command line to 'False'
[0.449s] Level 5:colcon.colcon_core.verb:set package 'task_2_interfaces' build argument 'cmake_clean_cache' from command line to 'False'
[0.449s] Level 5:colcon.colcon_core.verb:set package 'task_2_interfaces' build argument 'cmake_clean_first' from command line to 'False'
[0.449s] Level 5:colcon.colcon_core.verb:set package 'task_2_interfaces' build argument 'cmake_force_configure' from command line to 'False'
[0.449s] Level 5:colcon.colcon_core.verb:set package 'task_2_interfaces' build argument 'ament_cmake_args' from command line to 'None'
[0.449s] Level 5:colcon.colcon_core.verb:set package 'task_2_interfaces' build argument 'catkin_cmake_args' from command line to 'None'
[0.449s] Level 5:colcon.colcon_core.verb:set package 'task_2_interfaces' build argument 'catkin_skip_building_tests' from command line to 'False'
[0.449s] DEBUG:colcon.colcon_core.verb:Building package 'task_2_interfaces' with the following arguments: {'ament_cmake_args': None, 'build_base': '/home/albert/ros2_ws/build/task_2_interfaces', 'catkin_cmake_args': None, 'catkin_skip_building_tests': False, 'cmake_args': None, 'cmake_clean_cache': False, 'cmake_clean_first': False, 'cmake_force_configure': False, 'cmake_target': None, 'cmake_target_skip_unavailable': False, 'install_base': '/home/albert/ros2_ws/install/task_2_interfaces', 'merge_install': False, 'path': '/home/albert/ros2_ws/src/task_2_interfaces', 'symlink_install': False, 'test_result_base': None}
[0.450s] Level 5:colcon.colcon_core.verb:set package 'task_3' build argument 'cmake_args' from command line to 'None'
[0.450s] Level 5:colcon.colcon_core.verb:set package 'task_3' build argument 'cmake_target' from command line to 'None'
[0.450s] Level 5:colcon.colcon_core.verb:set package 'task_3' build argument 'cmake_target_skip_unavailable' from command line to 'False'
[0.450s] Level 5:colcon.colcon_core.verb:set package 'task_3' build argument 'cmake_clean_cache' from command line to 'False'
[0.450s] Level 5:colcon.colcon_core.verb:set package 'task_3' build argument 'cmake_clean_first' from command line to 'False'
[0.450s] Level 5:colcon.colcon_core.verb:set package 'task_3' build argument 'cmake_force_configure' from command line to 'False'
[0.450s] Level 5:colcon.colcon_core.verb:set package 'task_3' build argument 'ament_cmake_args' from command line to 'None'
[0.450s] Level 5:colcon.colcon_core.verb:set package 'task_3' build argument 'catkin_cmake_args' from command line to 'None'
[0.450s] Level 5:colcon.colcon_core.verb:set package 'task_3' build argument 'catkin_skip_building_tests' from command line to 'False'
[0.450s] DEBUG:colcon.colcon_core.verb:Building package 'task_3' with the following arguments: {'ament_cmake_args': None, 'build_base': '/home/albert/ros2_ws/build/task_3', 'catkin_cmake_args': None, 'catkin_skip_building_tests': False, 'cmake_args': None, 'cmake_clean_cache': False, 'cmake_clean_first': False, 'cmake_force_configure': False, 'cmake_target': None, 'cmake_target_skip_unavailable': False, 'install_base': '/home/albert/ros2_ws/install/task_3', 'merge_install': False, 'path': '/home/albert/ros2_ws/src/task_3', 'symlink_install': False, 'test_result_base': None}
[0.450s] Level 5:colcon.colcon_core.verb:set package 'task_4' build argument 'cmake_args' from command line to 'None'
[0.450s] Level 5:colcon.colcon_core.verb:set package 'task_4' build argument 'cmake_target' from command line to 'None'
[0.450s] Level 5:colcon.colcon_core.verb:set package 'task_4' build argument 'cmake_target_skip_unavailable' from command line to 'False'
[0.450s] Level 5:colcon.colcon_core.verb:set package 'task_4' build argument 'cmake_clean_cache' from command line to 'False'
[0.450s] Level 5:colcon.colcon_core.verb:set package 'task_4' build argument 'cmake_clean_first' from command line to 'False'
[0.450s] Level 5:colcon.colcon_core.verb:set package 'task_4' build argument 'cmake_force_configure' from command line to 'False'
[0.450s] Level 5:colcon.colcon_core.verb:set package 'task_4' build argument 'ament_cmake_args' from command line to 'None'
[0.450s] Level 5:colcon.colcon_core.verb:set package 'task_4' build argument 'catkin_cmake_args' from command line to 'None'
[0.450s] Level 5:colcon.colcon_core.verb:set package 'task_4' build argument 'catkin_skip_building_tests' from command line to 'False'
[0.450s] DEBUG:colcon.colcon_core.verb:Building package 'task_4' with the following arguments: {'ament_cmake_args': None, 'build_base': '/home/albert/ros2_ws/build/task_4', 'catkin_cmake_args': None, 'catkin_skip_building_tests': False, 'cmake_args': None, 'cmake_clean_cache': False, 'cmake_clean_first': False, 'cmake_force_configure': False, 'cmake_target': None, 'cmake_target_skip_unavailable': False, 'install_base': '/home/albert/ros2_ws/install/task_4', 'merge_install': False, 'path': '/home/albert/ros2_ws/src/task_4', 'symlink_install': False, 'test_result_base': None}
[0.451s] Level 5:colcon.colcon_core.verb:set package 'task_2' build argument 'cmake_args' from command line to 'None'
[0.451s] Level 5:colcon.colcon_core.verb:set package 'task_2' build argument 'cmake_target' from command line to 'None'
[0.451s] Level 5:colcon.colcon_core.verb:set package 'task_2' build argument 'cmake_target_skip_unavailable' from command line to 'False'
[0.451s] Level 5:colcon.colcon_core.verb:set package 'task_2' build argument 'cmake_clean_cache' from command line to 'False'
[0.451s] Level 5:colcon.colcon_core.verb:set package 'task_2' build argument 'cmake_clean_first' from command line to 'False'
[0.451s] Level 5:colcon.colcon_core.verb:set package 'task_2' build argument 'cmake_force_configure' from command line to 'False'
[0.451s] Level 5:colcon.colcon_core.verb:set package 'task_2' build argument 'ament_cmake_args' from command line to 'None'
[0.451s] Level 5:colcon.colcon_core.verb:set package 'task_2' build argument 'catkin_cmake_args' from command line to 'None'
[0.451s] Level 5:colcon.colcon_core.verb:set package 'task_2' build argument 'catkin_skip_building_tests' from command line to 'False'
[0.451s] DEBUG:colcon.colcon_core.verb:Building package 'task_2' with the following arguments: {'ament_cmake_args': None, 'build_base': '/home/albert/ros2_ws/build/task_2', 'catkin_cmake_args': None, 'catkin_skip_building_tests': False, 'cmake_args': None, 'cmake_clean_cache': False, 'cmake_clean_first': False, 'cmake_force_configure': False, 'cmake_target': None, 'cmake_target_skip_unavailable': False, 'install_base': '/home/albert/ros2_ws/install/task_2', 'merge_install': False, 'path': '/home/albert/ros2_ws/src/task_2', 'symlink_install': False, 'test_result_base': None}
[0.451s] INFO:colcon.colcon_core.executor:Executing jobs using 'parallel' executor
[0.452s] DEBUG:colcon.colcon_parallel_executor.executor.parallel:run_until_complete
[0.452s] INFO:colcon.colcon_ros.task.ament_cmake.build:Building ROS package in '/home/albert/ros2_ws/src/task_2_interfaces' with build type 'ament_cmake'
[0.452s] INFO:colcon.colcon_cmake.task.cmake.build:Building CMake package in '/home/albert/ros2_ws/src/task_2_interfaces'
[0.455s] INFO:colcon.colcon_core.plugin_system:Skipping extension 'colcon_core.shell.bat': Not used on non-Windows systems
[0.455s] INFO:colcon.colcon_core.shell:Skip shell extension 'powershell' for command environment: Not usable outside of PowerShell
[0.455s] DEBUG:colcon.colcon_core.shell:Skip shell extension 'dsv' for command environment
[0.458s] INFO:colcon.colcon_cmake.task.cmake.build:Building CMake package in '/home/albert/ros2_ws/ME597-Spring2025/1-ROS_2_Basics/Resources/1-Lecture/Demo_2/src'
[0.459s] INFO:colcon.colcon_core.shell:Skip shell extension 'powershell' for command environment: Not usable outside of PowerShell
[0.459s] DEBUG:colcon.colcon_core.shell:Skip shell extension 'dsv' for command environment
[0.462s] INFO:colcon.colcon_ros.task.ament_python.build:Building ROS package in '/home/albert/ros2_ws/src/task_1' with build type 'ament_python'
[0.462s] Level 1:colcon.colcon_core.shell:create_environment_hook('task_1', 'ament_prefix_path')
[0.462s] INFO:colcon.colcon_core.shell:Creating environment hook '/home/albert/ros2_ws/install/task_1/share/task_1/hook/ament_prefix_path.ps1'
[0.463s] INFO:colcon.colcon_core.shell:Creating environment descriptor '/home/albert/ros2_ws/install/task_1/share/task_1/hook/ament_prefix_path.dsv'
[0.464s] INFO:colcon.colcon_core.shell:Creating environment hook '/home/albert/ros2_ws/install/task_1/share/task_1/hook/ament_prefix_path.sh'
[0.464s] INFO:colcon.colcon_core.shell:Skip shell extension 'powershell' for command environment: Not usable outside of PowerShell
[0.465s] DEBUG:colcon.colcon_core.shell:Skip shell extension 'dsv' for command environment
[0.467s] INFO:colcon.colcon_ros.task.ament_python.build:Building ROS package in '/home/albert/ros2_ws/src/task_3' with build type 'ament_python'
[0.468s] Level 1:colcon.colcon_core.shell:create_environment_hook('task_3', 'ament_prefix_path')
[0.468s] INFO:colcon.colcon_core.shell:Creating environment hook '/home/albert/ros2_ws/install/task_3/share/task_3/hook/ament_prefix_path.ps1'
[0.468s] INFO:colcon.colcon_core.shell:Creating environment descriptor '/home/albert/ros2_ws/install/task_3/share/task_3/hook/ament_prefix_path.dsv'
[0.469s] INFO:colcon.colcon_core.shell:Creating environment hook '/home/albert/ros2_ws/install/task_3/share/task_3/hook/ament_prefix_path.sh'
[0.469s] INFO:colcon.colcon_core.shell:Skip shell extension 'powershell' for command environment: Not usable outside of PowerShell
[0.469s] DEBUG:colcon.colcon_core.shell:Skip shell extension 'dsv' for command environment
[0.472s] INFO:colcon.colcon_ros.task.ament_python.build:Building ROS package in '/home/albert/ros2_ws/src/task_4' with build type 'ament_python'
[0.472s] Level 1:colcon.colcon_core.shell:create_environment_hook('task_4', 'ament_prefix_path')
[0.472s] INFO:colcon.colcon_core.shell:Creating environment hook '/home/albert/ros2_ws/install/task_4/share/task_4/hook/ament_prefix_path.ps1'
[0.473s] INFO:colcon.colcon_core.shell:Creating environment descriptor '/home/albert/ros2_ws/install/task_4/share/task_4/hook/ament_prefix_path.dsv'
[0.473s] INFO:colcon.colcon_core.shell:Creating environment hook '/home/albert/ros2_ws/install/task_4/share/task_4/hook/ament_prefix_path.sh'
[0.474s] INFO:colcon.colcon_core.shell:Skip shell extension 'powershell' for command environment: Not usable outside of PowerShell
[0.474s] DEBUG:colcon.colcon_core.shell:Skip shell extension 'dsv' for command environment
[0.483s] DEBUG:colcon.colcon_core.event_handler.log_command:Invoking command in '/home/albert/ros2_ws/build/task_2_interfaces': CMAKE_PREFIX_PATH=${CMAKE_PREFIX_PATH}:/home/albert/ros2_ws/install/task_4:/home/albert/ros2_ws/install/task_3:/home/albert/ros2_ws/install/task_2:/home/albert/ros2_ws/install/task_1:/opt/ros/humble /usr/bin/cmake --build /home/albert/ros2_ws/build/task_2_interfaces -- -j12 -l12
[0.489s] DEBUG:colcon.colcon_core.event_handler.log_command:Invoking command in '/home/albert/ros2_ws/build/my_project_name': /usr/bin/cmake --build /home/albert/ros2_ws/build/my_project_name -- -j12 -l12
[0.863s] INFO:colcon.colcon_core.task.python.build:Building Python package in '/home/albert/ros2_ws/src/task_1'
[0.863s] INFO:colcon.colcon_core.shell:Skip shell extension 'powershell' for command environment: Not usable outside of PowerShell
[0.863s] DEBUG:colcon.colcon_core.shell:Skip shell extension 'dsv' for command environment
[1.091s] DEBUG:colcon.colcon_parallel_executor.executor.parallel:run_until_complete was interrupted
[1.091s] DEBUG:colcon.colcon_parallel_executor.executor.parallel:run_until_complete again
[1.104s] DEBUG:colcon.colcon_parallel_executor.executor.parallel:run_until_complete finished
[1.104s] DEBUG:colcon.colcon_parallel_executor.executor.parallel:closing loop
[1.104s] DEBUG:colcon.colcon_parallel_executor.executor.parallel:loop closed
[1.105s] DEBUG:colcon.colcon_core.event_reactor:joining thread
[1.111s] INFO:colcon.colcon_core.plugin_system:Skipping extension 'colcon_notification.desktop_notification.terminal_notifier': Not used on non-Darwin systems
[1.111s] INFO:colcon.colcon_core.plugin_system:Skipping extension 'colcon_notification.desktop_notification.win32': Not used on non-Windows systems
[1.112s] INFO:colcon.colcon_notification.desktop_notification:Sending desktop notification using 'notify2'
[1.137s] DEBUG:colcon.colcon_core.event_reactor:joined thread
[1.138s] INFO:colcon.colcon_core.shell:Creating prefix script '/home/albert/ros2_ws/install/local_setup.ps1'
[1.139s] INFO:colcon.colcon_core.shell:Creating prefix util module '/home/albert/ros2_ws/install/_local_setup_util_ps1.py'
[1.140s] INFO:colcon.colcon_core.shell:Creating prefix chain script '/home/albert/ros2_ws/install/setup.ps1'
[1.141s] INFO:colcon.colcon_core.shell:Creating prefix script '/home/albert/ros2_ws/install/local_setup.sh'
[1.142s] INFO:colcon.colcon_core.shell:Creating prefix util module '/home/albert/ros2_ws/install/_local_setup_util_sh.py'
[1.142s] INFO:colcon.colcon_core.shell:Creating prefix chain script '/home/albert/ros2_ws/install/setup.sh'
[1.143s] INFO:colcon.colcon_core.shell:Creating prefix script '/home/albert/ros2_ws/install/local_setup.bash'
[1.144s] INFO:colcon.colcon_core.shell:Creating prefix chain script '/home/albert/ros2_ws/install/setup.bash'
[1.146s] INFO:colcon.colcon_core.shell:Creating prefix script '/home/albert/ros2_ws/install/local_setup.zsh'
[1.147s] INFO:colcon.colcon_core.shell:Creating prefix chain script '/home/albert/ros2_ws/install/setup.zsh'
