[0.654s] Invoking command in '/home/albert/ros2_ws/src/task_5': PYTHONPATH=/home/albert/ros2_ws/build/task_5/prefix_override:/usr/lib/python3/dist-packages/colcon_core/task/python/colcon_distutils_commands:/home/albert/ros2_ws/install/task_5/lib/python3.10/site-packages:${PYTHONPATH} /usr/bin/python3 -W ignore:setup.py install is deprecated -W ignore:easy_install command is deprecated setup.py egg_info --egg-base ../../build/task_5 build --build-base /home/albert/ros2_ws/build/task_5/build install --record /home/albert/ros2_ws/build/task_5/install.log --single-version-externally-managed install_data
[0.878s] running egg_info
[0.878s] creating ../../build/task_5/task_5.egg-info
[0.878s] writing ../../build/task_5/task_5.egg-info/PKG-INFO
[0.879s] writing dependency_links to ../../build/task_5/task_5.egg-info/dependency_links.txt
[0.879s] writing entry points to ../../build/task_5/task_5.egg-info/entry_points.txt
[0.879s] writing requirements to ../../build/task_5/task_5.egg-info/requires.txt
[0.879s] writing top-level names to ../../build/task_5/task_5.egg-info/top_level.txt
[0.879s] writing manifest file '../../build/task_5/task_5.egg-info/SOURCES.txt'
[0.880s] reading manifest file '../../build/task_5/task_5.egg-info/SOURCES.txt'
[0.881s] writing manifest file '../../build/task_5/task_5.egg-info/SOURCES.txt'
[0.881s] running build
[0.881s] running build_py
[0.881s] creating /home/albert/ros2_ws/build/task_5/build
[0.881s] creating /home/albert/ros2_ws/build/task_5/build/lib
[0.882s] creating /home/albert/ros2_ws/build/task_5/build/lib/task_5
[0.882s] copying task_5/image_publisher.py -> /home/albert/ros2_ws/build/task_5/build/lib/task_5
[0.882s] copying task_5/__init__.py -> /home/albert/ros2_ws/build/task_5/build/lib/task_5
[0.882s] running install
[0.882s] running install_lib
[0.883s] creating /home/albert/ros2_ws/install/task_5/lib/python3.10/site-packages/task_5
[0.883s] copying /home/albert/ros2_ws/build/task_5/build/lib/task_5/image_publisher.py -> /home/albert/ros2_ws/install/task_5/lib/python3.10/site-packages/task_5
[0.883s] copying /home/albert/ros2_ws/build/task_5/build/lib/task_5/__init__.py -> /home/albert/ros2_ws/install/task_5/lib/python3.10/site-packages/task_5
[0.883s] byte-compiling /home/albert/ros2_ws/install/task_5/lib/python3.10/site-packages/task_5/image_publisher.py to image_publisher.cpython-310.pyc
[0.883s] byte-compiling /home/albert/ros2_ws/install/task_5/lib/python3.10/site-packages/task_5/__init__.py to __init__.cpython-310.pyc
[0.884s] running install_data
[0.884s] creating /home/albert/ros2_ws/install/task_5/share/ament_index
[0.884s] creating /home/albert/ros2_ws/install/task_5/share/ament_index/resource_index
[0.884s] creating /home/albert/ros2_ws/install/task_5/share/ament_index/resource_index/packages
[0.884s] copying resource/task_5 -> /home/albert/ros2_ws/install/task_5/share/ament_index/resource_index/packages
[0.884s] copying package.xml -> /home/albert/ros2_ws/install/task_5/share/task_5
[0.884s] running install_egg_info
[0.885s] Copying ../../build/task_5/task_5.egg-info to /home/albert/ros2_ws/install/task_5/lib/python3.10/site-packages/task_5-0.0.0-py3.10.egg-info
[0.886s] running install_scripts
[0.903s] Installing image_publisher script to /home/albert/ros2_ws/install/task_5/lib/task_5
[0.904s] writing list of installed files to '/home/albert/ros2_ws/build/task_5/install.log'
[0.923s] Invoked command in '/home/albert/ros2_ws/src/task_5' returned '0': PYTHONPATH=/home/albert/ros2_ws/build/task_5/prefix_override:/usr/lib/python3/dist-packages/colcon_core/task/python/colcon_distutils_commands:/home/albert/ros2_ws/install/task_5/lib/python3.10/site-packages:${PYTHONPATH} /usr/bin/python3 -W ignore:setup.py install is deprecated -W ignore:easy_install command is deprecated setup.py egg_info --egg-base ../../build/task_5 build --build-base /home/albert/ros2_ws/build/task_5/build install --record /home/albert/ros2_ws/build/task_5/install.log --single-version-externally-managed install_data
