[1.078s] Invoking command in '/home/albert/ros2_ws/src/task_1': PYTHONPATH=/home/albert/ros2_ws/build/task_1/prefix_override:/usr/lib/python3/dist-packages/colcon_core/task/python/colcon_distutils_commands:/home/albert/ros2_ws/install/task_1/lib/python3.10/site-packages:${PYTHONPATH} /usr/bin/python3 -W ignore:setup.py install is deprecated -W ignore:easy_install command is deprecated setup.py egg_info --egg-base ../../build/task_1 build --build-base /home/albert/ros2_ws/build/task_1/build install --record /home/albert/ros2_ws/build/task_1/install.log --single-version-externally-managed install_data
[1.333s] running egg_info
[1.333s] writing ../../build/task_1/task_1.egg-info/PKG-INFO
[1.334s] writing dependency_links to ../../build/task_1/task_1.egg-info/dependency_links.txt
[1.334s] writing entry points to ../../build/task_1/task_1.egg-info/entry_points.txt
[1.334s] writing requirements to ../../build/task_1/task_1.egg-info/requires.txt
[1.334s] writing top-level names to ../../build/task_1/task_1.egg-info/top_level.txt
[1.335s] reading manifest file '../../build/task_1/task_1.egg-info/SOURCES.txt'
[1.336s] adding license file 'LICENSE'
[1.336s] writing manifest file '../../build/task_1/task_1.egg-info/SOURCES.txt'
[1.336s] running build
[1.336s] running build_py
[1.337s] running install
[1.337s] running install_lib
[1.338s] running install_data
[1.338s] running install_egg_info
[1.340s] removing '/home/albert/ros2_ws/install/task_1/lib/python3.10/site-packages/task_1-0.0.0-py3.10.egg-info' (and everything under it)
[1.340s] Copying ../../build/task_1/task_1.egg-info to /home/albert/ros2_ws/install/task_1/lib/python3.10/site-packages/task_1-0.0.0-py3.10.egg-info
[1.341s] running install_scripts
[1.359s] Installing listener script to /home/albert/ros2_ws/install/task_1/lib/task_1
[1.359s] Installing talker script to /home/albert/ros2_ws/install/task_1/lib/task_1
[1.359s] writing list of installed files to '/home/albert/ros2_ws/build/task_1/install.log'
[1.391s] Invoked command in '/home/albert/ros2_ws/src/task_1' returned '0': PYTHONPATH=/home/albert/ros2_ws/build/task_1/prefix_override:/usr/lib/python3/dist-packages/colcon_core/task/python/colcon_distutils_commands:/home/albert/ros2_ws/install/task_1/lib/python3.10/site-packages:${PYTHONPATH} /usr/bin/python3 -W ignore:setup.py install is deprecated -W ignore:easy_install command is deprecated setup.py egg_info --egg-base ../../build/task_1 build --build-base /home/albert/ros2_ws/build/task_1/build install --record /home/albert/ros2_ws/build/task_1/install.log --single-version-externally-managed install_data
