[0.471s] Invoking command in '/home/albert/ros2_ws/src/task_2': AMENT_PREFIX_PATH=/home/albert/ros2_ws/install/task_2_interfaces:${AMENT_PREFIX_PATH} CMAKE_PREFIX_PATH=/home/albert/ros2_ws/install/task_2_interfaces LD_LIBRARY_PATH=/home/albert/ros2_ws/install/task_2_interfaces/lib:${LD_LIBRARY_PATH} PYTHONPATH=/home/albert/ros2_ws/build/task_2/prefix_override:/usr/lib/python3/dist-packages/colcon_core/task/python/colcon_distutils_commands:/home/albert/ros2_ws/install/task_2/lib/python3.10/site-packages:/home/albert/ros2_ws/install/task_2_interfaces/local/lib/python3.10/dist-packages:${PYTHONPATH} /usr/bin/python3 -W ignore:setup.py install is deprecated -W ignore:easy_install command is deprecated setup.py egg_info --egg-base ../../build/task_2 build --build-base /home/albert/ros2_ws/build/task_2/build install --record /home/albert/ros2_ws/build/task_2/install.log --single-version-externally-managed install_data
[0.669s] running egg_info
[0.670s] creating ../../build/task_2/task_2.egg-info
[0.670s] writing ../../build/task_2/task_2.egg-info/PKG-INFO
[0.670s] writing dependency_links to ../../build/task_2/task_2.egg-info/dependency_links.txt
[0.670s] writing entry points to ../../build/task_2/task_2.egg-info/entry_points.txt
[0.670s] writing requirements to ../../build/task_2/task_2.egg-info/requires.txt
[0.670s] writing top-level names to ../../build/task_2/task_2.egg-info/top_level.txt
[0.671s] writing manifest file '../../build/task_2/task_2.egg-info/SOURCES.txt'
[0.672s] reading manifest file '../../build/task_2/task_2.egg-info/SOURCES.txt'
[0.672s] adding license file 'LICENSE'
[0.672s] writing manifest file '../../build/task_2/task_2.egg-info/SOURCES.txt'
[0.672s] running build
[0.672s] running build_py
[0.672s] creating /home/albert/ros2_ws/build/task_2/build
[0.673s] creating /home/albert/ros2_ws/build/task_2/build/lib
[0.673s] creating /home/albert/ros2_ws/build/task_2/build/lib/task_2
[0.673s] copying task_2/pub.py -> /home/albert/ros2_ws/build/task_2/build/lib/task_2
[0.673s] copying task_2/client.py -> /home/albert/ros2_ws/build/task_2/build/lib/task_2
[0.673s] copying task_2/__init__.py -> /home/albert/ros2_ws/build/task_2/build/lib/task_2
[0.673s] copying task_2/sub.py -> /home/albert/ros2_ws/build/task_2/build/lib/task_2
[0.673s] copying task_2/service.py -> /home/albert/ros2_ws/build/task_2/build/lib/task_2
[0.673s] running install
[0.673s] running install_lib
[0.674s] creating /home/albert/ros2_ws/install/task_2/lib/python3.10/site-packages/task_2
[0.674s] copying /home/albert/ros2_ws/build/task_2/build/lib/task_2/pub.py -> /home/albert/ros2_ws/install/task_2/lib/python3.10/site-packages/task_2
[0.674s] copying /home/albert/ros2_ws/build/task_2/build/lib/task_2/client.py -> /home/albert/ros2_ws/install/task_2/lib/python3.10/site-packages/task_2
[0.674s] copying /home/albert/ros2_ws/build/task_2/build/lib/task_2/__init__.py -> /home/albert/ros2_ws/install/task_2/lib/python3.10/site-packages/task_2
[0.674s] copying /home/albert/ros2_ws/build/task_2/build/lib/task_2/sub.py -> /home/albert/ros2_ws/install/task_2/lib/python3.10/site-packages/task_2
[0.674s] copying /home/albert/ros2_ws/build/task_2/build/lib/task_2/service.py -> /home/albert/ros2_ws/install/task_2/lib/python3.10/site-packages/task_2
[0.674s] byte-compiling /home/albert/ros2_ws/install/task_2/lib/python3.10/site-packages/task_2/pub.py to pub.cpython-310.pyc
[0.675s] byte-compiling /home/albert/ros2_ws/install/task_2/lib/python3.10/site-packages/task_2/client.py to client.cpython-310.pyc
[0.675s] byte-compiling /home/albert/ros2_ws/install/task_2/lib/python3.10/site-packages/task_2/__init__.py to __init__.cpython-310.pyc
[0.675s] byte-compiling /home/albert/ros2_ws/install/task_2/lib/python3.10/site-packages/task_2/sub.py to sub.cpython-310.pyc
[0.676s] byte-compiling /home/albert/ros2_ws/install/task_2/lib/python3.10/site-packages/task_2/service.py to service.cpython-310.pyc
[0.676s] running install_data
[0.676s] creating /home/albert/ros2_ws/install/task_2/share/ament_index
[0.676s] creating /home/albert/ros2_ws/install/task_2/share/ament_index/resource_index
[0.676s] creating /home/albert/ros2_ws/install/task_2/share/ament_index/resource_index/packages
[0.676s] copying resource/task_2 -> /home/albert/ros2_ws/install/task_2/share/ament_index/resource_index/packages
[0.676s] copying package.xml -> /home/albert/ros2_ws/install/task_2/share/task_2
[0.676s] creating /home/albert/ros2_ws/install/task_2/share/task_2/launch
[0.676s] creating /home/albert/ros2_ws/install/task_2/share/task_2/launch/pub_sub_launch.py
[0.676s] copying launch/service_launch.py -> /home/albert/ros2_ws/install/task_2/share/task_2/launch/pub_sub_launch.py
[0.676s] running install_egg_info
[0.678s] Copying ../../build/task_2/task_2.egg-info to /home/albert/ros2_ws/install/task_2/lib/python3.10/site-packages/task_2-0.0.0-py3.10.egg-info
[0.678s] running install_scripts
[0.695s] Installing client script to /home/albert/ros2_ws/install/task_2/lib/task_2
[0.695s] Installing listener script to /home/albert/ros2_ws/install/task_2/lib/task_2
[0.695s] Installing service script to /home/albert/ros2_ws/install/task_2/lib/task_2
[0.695s] Installing talker script to /home/albert/ros2_ws/install/task_2/lib/task_2
[0.695s] writing list of installed files to '/home/albert/ros2_ws/build/task_2/install.log'
[0.711s] Invoked command in '/home/albert/ros2_ws/src/task_2' returned '0': AMENT_PREFIX_PATH=/home/albert/ros2_ws/install/task_2_interfaces:${AMENT_PREFIX_PATH} CMAKE_PREFIX_PATH=/home/albert/ros2_ws/install/task_2_interfaces LD_LIBRARY_PATH=/home/albert/ros2_ws/install/task_2_interfaces/lib:${LD_LIBRARY_PATH} PYTHONPATH=/home/albert/ros2_ws/build/task_2/prefix_override:/usr/lib/python3/dist-packages/colcon_core/task/python/colcon_distutils_commands:/home/albert/ros2_ws/install/task_2/lib/python3.10/site-packages:/home/albert/ros2_ws/install/task_2_interfaces/local/lib/python3.10/dist-packages:${PYTHONPATH} /usr/bin/python3 -W ignore:setup.py install is deprecated -W ignore:easy_install command is deprecated setup.py egg_info --egg-base ../../build/task_2 build --build-base /home/albert/ros2_ws/build/task_2/build install --record /home/albert/ros2_ws/build/task_2/install.log --single-version-externally-managed install_data
