[0.508s] Invoking command in '/home/albert/ros2_ws/src/task_4': PYTHONPATH=/home/albert/ros2_ws/build/task_4/prefix_override:/usr/lib/python3/dist-packages/colcon_core/task/python/colcon_distutils_commands:/home/albert/ros2_ws/install/task_4/lib/python3.10/site-packages:${PYTHONPATH} /usr/bin/python3 -W ignore:setup.py install is deprecated -W ignore:easy_install command is deprecated setup.py egg_info --egg-base ../../build/task_4 build --build-base /home/albert/ros2_ws/build/task_4/build install --record /home/albert/ros2_ws/build/task_4/install.log --single-version-externally-managed install_data
[0.701s] running egg_info
[0.701s] creating ../../build/task_4/task_4.egg-info
[0.701s] writing ../../build/task_4/task_4.egg-info/PKG-INFO
[0.702s] writing dependency_links to ../../build/task_4/task_4.egg-info/dependency_links.txt
[0.702s] writing entry points to ../../build/task_4/task_4.egg-info/entry_points.txt
[0.702s] writing requirements to ../../build/task_4/task_4.egg-info/requires.txt
[0.702s] writing top-level names to ../../build/task_4/task_4.egg-info/top_level.txt
[0.702s] writing manifest file '../../build/task_4/task_4.egg-info/SOURCES.txt'
[0.703s] reading manifest file '../../build/task_4/task_4.egg-info/SOURCES.txt'
[0.704s] writing manifest file '../../build/task_4/task_4.egg-info/SOURCES.txt'
[0.704s] running build
[0.704s] running build_py
[0.704s] creating /home/albert/ros2_ws/build/task_4/build
[0.704s] creating /home/albert/ros2_ws/build/task_4/build/lib
[0.704s] creating /home/albert/ros2_ws/build/task_4/build/lib/task_4
[0.704s] copying task_4/__init__.py -> /home/albert/ros2_ws/build/task_4/build/lib/task_4
[0.704s] running install
[0.704s] running install_lib
[0.705s] creating /home/albert/ros2_ws/install/task_4/lib/python3.10/site-packages/task_4
[0.705s] copying /home/albert/ros2_ws/build/task_4/build/lib/task_4/__init__.py -> /home/albert/ros2_ws/install/task_4/lib/python3.10/site-packages/task_4
[0.705s] byte-compiling /home/albert/ros2_ws/install/task_4/lib/python3.10/site-packages/task_4/__init__.py to __init__.cpython-310.pyc
[0.705s] running install_data
[0.705s] creating /home/albert/ros2_ws/install/task_4/share/ament_index
[0.706s] creating /home/albert/ros2_ws/install/task_4/share/ament_index/resource_index
[0.706s] creating /home/albert/ros2_ws/install/task_4/share/ament_index/resource_index/packages
[0.706s] copying resource/task_4 -> /home/albert/ros2_ws/install/task_4/share/ament_index/resource_index/packages
[0.706s] copying package.xml -> /home/albert/ros2_ws/install/task_4/share/task_4
[0.706s] creating /home/albert/ros2_ws/install/task_4/share/task_4/launch
[0.706s] creating /home/albert/ros2_ws/install/task_4/share/task_4/launch/gen_sync_map_launch.py
[0.706s] copying launch/gen_sync_map_launch.py -> /home/albert/ros2_ws/install/task_4/share/task_4/launch/gen_sync_map_launch.py
[0.706s] running install_egg_info
[0.707s] Copying ../../build/task_4/task_4.egg-info to /home/albert/ros2_ws/install/task_4/lib/python3.10/site-packages/task_4-0.0.0-py3.10.egg-info
[0.708s] running install_scripts
[0.725s] writing list of installed files to '/home/albert/ros2_ws/build/task_4/install.log'
[0.747s] Invoked command in '/home/albert/ros2_ws/src/task_4' returned '0': PYTHONPATH=/home/albert/ros2_ws/build/task_4/prefix_override:/usr/lib/python3/dist-packages/colcon_core/task/python/colcon_distutils_commands:/home/albert/ros2_ws/install/task_4/lib/python3.10/site-packages:${PYTHONPATH} /usr/bin/python3 -W ignore:setup.py install is deprecated -W ignore:easy_install command is deprecated setup.py egg_info --egg-base ../../build/task_4 build --build-base /home/albert/ros2_ws/build/task_4/build install --record /home/albert/ros2_ws/build/task_4/install.log --single-version-externally-managed install_data
