[1.158s] Invoking command in '/home/albert/ros2_ws/src/task_1': PYTHONPATH=/home/albert/ros2_ws/build/task_1/prefix_override:/usr/lib/python3/dist-packages/colcon_core/task/python/colcon_distutils_commands:/home/albert/ros2_ws/install/task_1/lib/python3.10/site-packages:${PYTHONPATH} /usr/bin/python3 -W ignore:setup.py install is deprecated -W ignore:easy_install command is deprecated setup.py egg_info --egg-base ../../build/task_1 build --build-base /home/albert/ros2_ws/build/task_1/build install --record /home/albert/ros2_ws/build/task_1/install.log --single-version-externally-managed install_data
[1.397s] running egg_info
[1.397s] writing ../../build/task_1/task_1.egg-info/PKG-INFO
[1.397s] writing dependency_links to ../../build/task_1/task_1.egg-info/dependency_links.txt
[1.398s] writing entry points to ../../build/task_1/task_1.egg-info/entry_points.txt
[1.398s] writing requirements to ../../build/task_1/task_1.egg-info/requires.txt
[1.398s] writing top-level names to ../../build/task_1/task_1.egg-info/top_level.txt
[1.399s] reading manifest file '../../build/task_1/task_1.egg-info/SOURCES.txt'
[1.400s] adding license file 'LICENSE'
[1.401s] writing manifest file '../../build/task_1/task_1.egg-info/SOURCES.txt'
[1.401s] running build
[1.401s] running build_py
[1.401s] copying task_1/doubler_sub.py -> /home/albert/ros2_ws/build/task_1/build/lib/task_1
[1.401s] running install
[1.401s] running install_lib
[1.403s] copying /home/albert/ros2_ws/build/task_1/build/lib/task_1/doubler_sub.py -> /home/albert/ros2_ws/install/task_1/lib/python3.10/site-packages/task_1
[1.403s] byte-compiling /home/albert/ros2_ws/install/task_1/lib/python3.10/site-packages/task_1/doubler_sub.py to doubler_sub.cpython-310.pyc
[1.404s] running install_data
[1.404s] copying launch/pub_sub_launch.py -> /home/albert/ros2_ws/install/task_1/share/task_1/launch
[1.404s] error: could not delete '/home/albert/ros2_ws/install/task_1/share/task_1/launch/pub_sub_launch.py': Is a directory
[1.430s] Invoked command in '/home/albert/ros2_ws/src/task_1' returned '1': PYTHONPATH=/home/albert/ros2_ws/build/task_1/prefix_override:/usr/lib/python3/dist-packages/colcon_core/task/python/colcon_distutils_commands:/home/albert/ros2_ws/install/task_1/lib/python3.10/site-packages:${PYTHONPATH} /usr/bin/python3 -W ignore:setup.py install is deprecated -W ignore:easy_install command is deprecated setup.py egg_info --egg-base ../../build/task_1 build --build-base /home/albert/ros2_ws/build/task_1/build install --record /home/albert/ros2_ws/build/task_1/install.log --single-version-externally-managed install_data
