[1.218s] Invoking command in '/home/albert/ros2_ws/src/task_4': PYTHONPATH=/home/albert/ros2_ws/build/task_4/prefix_override:/usr/lib/python3/dist-packages/colcon_core/task/python/colcon_distutils_commands:/home/albert/ros2_ws/install/task_4/lib/python3.10/site-packages:${PYTHONPATH} /usr/bin/python3 -W ignore:setup.py install is deprecated -W ignore:easy_install command is deprecated setup.py egg_info --egg-base ../../build/task_4 build --build-base /home/albert/ros2_ws/build/task_4/build install --record /home/albert/ros2_ws/build/task_4/install.log --single-version-externally-managed install_data
[1.471s] running egg_info
[1.472s] writing ../../build/task_4/task_4.egg-info/PKG-INFO
[1.472s] writing dependency_links to ../../build/task_4/task_4.egg-info/dependency_links.txt
[1.472s] writing entry points to ../../build/task_4/task_4.egg-info/entry_points.txt
[1.472s] writing requirements to ../../build/task_4/task_4.egg-info/requires.txt
[1.472s] writing top-level names to ../../build/task_4/task_4.egg-info/top_level.txt
[1.473s] reading manifest file '../../build/task_4/task_4.egg-info/SOURCES.txt'
[1.474s] writing manifest file '../../build/task_4/task_4.egg-info/SOURCES.txt'
[1.474s] running build
[1.474s] running install
[1.474s] running install_data
[1.474s] creating /home/albert/ros2_ws/install/task_4/share/ament_index
[1.474s] creating /home/albert/ros2_ws/install/task_4/share/ament_index/resource_index
[1.475s] creating /home/albert/ros2_ws/install/task_4/share/ament_index/resource_index/packages
[1.475s] copying resource/task_4 -> /home/albert/ros2_ws/install/task_4/share/ament_index/resource_index/packages
[1.475s] copying package.xml -> /home/albert/ros2_ws/install/task_4/share/task_4
[1.475s] creating /home/albert/ros2_ws/install/task_4/share/task_4/launch
[1.475s] creating /home/albert/ros2_ws/install/task_4/share/task_4/launch/gen_sync_map_launch.py
[1.475s] copying launch/gen_sync_map_launch.py -> /home/albert/ros2_ws/install/task_4/share/task_4/launch/gen_sync_map_launch.py
[1.476s] running install_egg_info
[1.478s] Copying ../../build/task_4/task_4.egg-info to /home/albert/ros2_ws/install/task_4/lib/python3.10/site-packages/task_4-0.0.0-py3.10.egg-info
[1.479s] running install_scripts
[1.500s] Installing navigation script to /home/albert/ros2_ws/install/task_4/lib/task_4
[1.501s] writing list of installed files to '/home/albert/ros2_ws/build/task_4/install.log'
