running egg_info
writing ../../build/task_4/task_4.egg-info/PKG-INFO
writing dependency_links to ../../build/task_4/task_4.egg-info/dependency_links.txt
writing entry points to ../../build/task_4/task_4.egg-info/entry_points.txt
writing requirements to ../../build/task_4/task_4.egg-info/requires.txt
writing top-level names to ../../build/task_4/task_4.egg-info/top_level.txt
reading manifest file '../../build/task_4/task_4.egg-info/SOURCES.txt'
writing manifest file '../../build/task_4/task_4.egg-info/SOURCES.txt'
running build
running install
running install_data
creating /home/albert/ros2_ws/install/task_4/share/ament_index
creating /home/albert/ros2_ws/install/task_4/share/ament_index/resource_index
creating /home/albert/ros2_ws/install/task_4/share/ament_index/resource_index/packages
copying resource/task_4 -> /home/albert/ros2_ws/install/task_4/share/ament_index/resource_index/packages
copying package.xml -> /home/albert/ros2_ws/install/task_4/share/task_4
creating /home/albert/ros2_ws/install/task_4/share/task_4/launch
creating /home/albert/ros2_ws/install/task_4/share/task_4/launch/gen_sync_map_launch.py
copying launch/gen_sync_map_launch.py -> /home/albert/ros2_ws/install/task_4/share/task_4/launch/gen_sync_map_launch.py
running install_egg_info
Copying ../../build/task_4/task_4.egg-info to /home/albert/ros2_ws/install/task_4/lib/python3.10/site-packages/task_4-0.0.0-py3.10.egg-info
running install_scripts
Installing navigation script to /home/albert/ros2_ws/install/task_4/lib/task_4
writing list of installed files to '/home/albert/ros2_ws/build/task_4/install.log'
