[2.172s] Invoking command in '/home/albert/ros2_ws/src/task_4': PYTHONPATH=/home/albert/ros2_ws/build/task_4/prefix_override:/usr/lib/python3/dist-packages/colcon_core/task/python/colcon_distutils_commands:/home/albert/ros2_ws/install/task_4/lib/python3.10/site-packages:${PYTHONPATH} /usr/bin/python3 -W ignore:setup.py install is deprecated -W ignore:easy_install command is deprecated setup.py egg_info --egg-base ../../build/task_4 build --build-base /home/albert/ros2_ws/build/task_4/build install --record /home/albert/ros2_ws/build/task_4/install.log --single-version-externally-managed install_data
[3.141s] running egg_info
[3.143s] writing ../../build/task_4/task_4.egg-info/PKG-INFO
[3.144s] writing dependency_links to ../../build/task_4/task_4.egg-info/dependency_links.txt
[3.144s] writing entry points to ../../build/task_4/task_4.egg-info/entry_points.txt
[3.144s] writing requirements to ../../build/task_4/task_4.egg-info/requires.txt
[3.145s] writing top-level names to ../../build/task_4/task_4.egg-info/top_level.txt
[3.151s] reading manifest file '../../build/task_4/task_4.egg-info/SOURCES.txt'
[3.153s] writing manifest file '../../build/task_4/task_4.egg-info/SOURCES.txt'
[3.154s] running build
[3.154s] running build_py
[3.154s] copying task_4/auto_navigator.py -> /home/albert/ros2_ws/build/task_4/build/lib/task_4
[3.155s] running install
[3.156s] running install_lib
[3.159s] copying /home/albert/ros2_ws/build/task_4/build/lib/task_4/auto_navigator.py -> /home/albert/ros2_ws/install/task_4/lib/python3.10/site-packages/task_4
[3.161s] byte-compiling /home/albert/ros2_ws/install/task_4/lib/python3.10/site-packages/task_4/auto_navigator.py to auto_navigator.cpython-310.pyc
[3.171s] running install_data
[3.171s] running install_egg_info
[3.174s] removing '/home/albert/ros2_ws/install/task_4/lib/python3.10/site-packages/task_4-0.0.0-py3.10.egg-info' (and everything under it)
[3.174s] Copying ../../build/task_4/task_4.egg-info to /home/albert/ros2_ws/install/task_4/lib/python3.10/site-packages/task_4-0.0.0-py3.10.egg-info
[3.175s] running install_scripts
[3.208s] Installing Navigation script to /home/albert/ros2_ws/install/task_4/lib/task_4
[3.209s] writing list of installed files to '/home/albert/ros2_ws/build/task_4/install.log'
[3.256s] Invoked command in '/home/albert/ros2_ws/src/task_4' returned '0': PYTHONPATH=/home/albert/ros2_ws/build/task_4/prefix_override:/usr/lib/python3/dist-packages/colcon_core/task/python/colcon_distutils_commands:/home/albert/ros2_ws/install/task_4/lib/python3.10/site-packages:${PYTHONPATH} /usr/bin/python3 -W ignore:setup.py install is deprecated -W ignore:easy_install command is deprecated setup.py egg_info --egg-base ../../build/task_4 build --build-base /home/albert/ros2_ws/build/task_4/build install --record /home/albert/ros2_ws/build/task_4/install.log --single-version-externally-managed install_data
