[0.014s] Invoking command in '/home/albert/ros2_ws/build/task_2_interfaces': CMAKE_PREFIX_PATH=/opt/ros/humble /usr/bin/cmake /home/albert/ros2_ws/src/task_2_interfaces -DCMAKE_INSTALL_PREFIX=/home/albert/ros2_ws/install/task_2_interfaces
[0.220s] -- The C compiler identification is GNU 11.4.0
[0.220s] -- The CXX compiler identification is GNU 11.4.0
[0.220s] -- Detecting C compiler ABI info
[0.220s] -- Detecting C compiler ABI info - done
[0.220s] -- Check for working C compiler: /usr/bin/cc - skipped
[0.220s] -- Detecting C compile features
[0.220s] -- Detecting C compile features - done
[0.220s] -- Detecting CXX compiler ABI info
[0.262s] -- Detecting CXX compiler ABI info - done
[0.268s] -- Check for working CXX compiler: /usr/bin/c++ - skipped
[0.268s] -- Detecting CXX compile features
[0.269s] -- Detecting CXX compile features - done
[0.272s] -- Found ament_cmake: 1.3.11 (/opt/ros/humble/share/ament_cmake/cmake)
[0.386s] -- Found Python3: /usr/bin/python3 (found version "3.10.12") found components: Interpreter 
[0.462s] -- Found geometry_msgs: 4.2.4 (/opt/ros/humble/share/geometry_msgs/cmake)
[0.496s] -- Found rosidl_generator_c: 3.1.6 (/opt/ros/humble/share/rosidl_generator_c/cmake)
[0.501s] -- Found rosidl_adapter: 3.1.6 (/opt/ros/humble/share/rosidl_adapter/cmake)
[0.509s] -- Found rosidl_generator_cpp: 3.1.6 (/opt/ros/humble/share/rosidl_generator_cpp/cmake)
[0.522s] -- Using all available rosidl_typesupport_c: rosidl_typesupport_fastrtps_c;rosidl_typesupport_introspection_c
[0.537s] -- Using all available rosidl_typesupport_cpp: rosidl_typesupport_fastrtps_cpp;rosidl_typesupport_introspection_cpp
[0.577s] -- Found rosidl_default_generators: 1.2.0 (/opt/ros/humble/share/rosidl_default_generators/cmake)
[0.821s] -- Found ament_cmake_ros: 0.10.0 (/opt/ros/humble/share/ament_cmake_ros/cmake)
[1.147s] -- Using all available rosidl_typesupport_c: rosidl_typesupport_fastrtps_c;rosidl_typesupport_introspection_c
[1.266s] -- Using all available rosidl_typesupport_cpp: rosidl_typesupport_fastrtps_cpp;rosidl_typesupport_introspection_cpp
[1.283s] -- Found PythonInterp: /usr/bin/python3 (found suitable version "3.10.12", minimum required is "3.6") 
[1.284s] -- Found python_cmake_module: 0.10.0 (/opt/ros/humble/share/python_cmake_module/cmake)
[1.303s] -- Found PythonLibs: /usr/lib/x86_64-linux-gnu/libpython3.10.so (found suitable version "3.10.12", minimum required is "3.5") 
[1.304s] -- Using PYTHON_EXECUTABLE: /usr/bin/python3
[1.304s] -- Using PYTHON_INCLUDE_DIRS: /usr/include/python3.10
[1.304s] -- Using PYTHON_LIBRARIES: /usr/lib/x86_64-linux-gnu/libpython3.10.so
[1.319s] -- Found PythonExtra: .so  
[1.362s] -- Found ament_lint_auto: 0.12.11 (/opt/ros/humble/share/ament_lint_auto/cmake)
[1.377s] -- Added test 'lint_cmake' to check CMake code style
[1.378s] -- Added test 'xmllint' to check XML markup files
[1.380s] -- Configuring done
[1.405s] -- Generating done
[1.414s] -- Build files have been written to: /home/albert/ros2_ws/build/task_2_interfaces
[1.420s] Invoked command in '/home/albert/ros2_ws/build/task_2_interfaces' returned '0': CMAKE_PREFIX_PATH=/opt/ros/humble /usr/bin/cmake /home/albert/ros2_ws/src/task_2_interfaces -DCMAKE_INSTALL_PREFIX=/home/albert/ros2_ws/install/task_2_interfaces
[1.422s] Invoking command in '/home/albert/ros2_ws/build/task_2_interfaces': CMAKE_PREFIX_PATH=/opt/ros/humble /usr/bin/cmake --build /home/albert/ros2_ws/build/task_2_interfaces -- -j12 -l12
[1.448s] [  2%] [34m[1mGenerating C code for ROS interfaces[0m
[1.455s] [  5%] [34m[1mGenerating C++ code for ROS interfaces[0m
[1.460s] [  5%] Built target ament_cmake_python_copy_task_2_interfaces
[1.674s] running egg_info
[1.675s] creating task_2_interfaces.egg-info
[1.675s] writing task_2_interfaces.egg-info/PKG-INFO
[1.675s] writing dependency_links to task_2_interfaces.egg-info/dependency_links.txt
[1.675s] writing top-level names to task_2_interfaces.egg-info/top_level.txt
[1.675s] writing manifest file 'task_2_interfaces.egg-info/SOURCES.txt'
[1.677s] reading manifest file 'task_2_interfaces.egg-info/SOURCES.txt'
[1.677s] writing manifest file 'task_2_interfaces.egg-info/SOURCES.txt'
[1.698s] [  5%] Built target ament_cmake_python_build_task_2_interfaces_egg
[1.754s] [  5%] Built target task_2_interfaces__cpp
[1.761s] [ 17%] [32mBuilding C object CMakeFiles/task_2_interfaces__rosidl_generator_c.dir/rosidl_generator_c/task_2_interfaces/msg/detail/joint_data__functions.c.o[0m
[1.761s] [ 17%] [34m[1mGenerating C++ type support dispatch for ROS interfaces[0m
[1.761s] [ 17%] [32mBuilding C object CMakeFiles/task_2_interfaces__rosidl_generator_c.dir/rosidl_generator_c/task_2_interfaces/srv/detail/joint_state__functions.c.o[0m
[1.761s] [ 17%] [34m[1mGenerating C++ type support for eProsima Fast-RTPS[0m
[1.761s] [ 17%] [34m[1mGenerating C++ introspection for ROS interfaces[0m
[1.821s] [ 20%] [32m[1mLinking C shared library libtask_2_interfaces__rosidl_generator_c.so[0m
[1.851s] [ 20%] Built target task_2_interfaces__rosidl_generator_c
[1.859s] [ 28%] [34m[1mGenerating C type support dispatch for ROS interfaces[0m
[1.859s] [ 28%] [34m[1mGenerating C type support for eProsima Fast-RTPS[0m
[1.859s] [ 28%] [34m[1mGenerating C introspection for ROS interfaces[0m
[2.004s] [ 30%] [32mBuilding CXX object CMakeFiles/task_2_interfaces__rosidl_typesupport_cpp.dir/rosidl_typesupport_cpp/task_2_interfaces/msg/joint_data__type_support.cpp.o[0m
[2.007s] [ 33%] [32mBuilding CXX object CMakeFiles/task_2_interfaces__rosidl_typesupport_cpp.dir/rosidl_typesupport_cpp/task_2_interfaces/srv/joint_state__type_support.cpp.o[0m
[2.037s] [ 35%] [32mBuilding CXX object CMakeFiles/task_2_interfaces__rosidl_typesupport_introspection_cpp.dir/rosidl_typesupport_introspection_cpp/task_2_interfaces/srv/detail/joint_state__type_support.cpp.o[0m
[2.039s] [ 38%] [32mBuilding CXX object CMakeFiles/task_2_interfaces__rosidl_typesupport_introspection_cpp.dir/rosidl_typesupport_introspection_cpp/task_2_interfaces/msg/detail/joint_data__type_support.cpp.o[0m
[2.083s] [ 43%] [32mBuilding CXX object CMakeFiles/task_2_interfaces__rosidl_typesupport_fastrtps_cpp.dir/rosidl_typesupport_fastrtps_cpp/task_2_interfaces/msg/detail/dds_fastrtps/joint_data__type_support.cpp.o[0m
[2.084s] [ 43%] [32mBuilding CXX object CMakeFiles/task_2_interfaces__rosidl_typesupport_fastrtps_cpp.dir/rosidl_typesupport_fastrtps_cpp/task_2_interfaces/srv/detail/dds_fastrtps/joint_state__type_support.cpp.o[0m
[2.118s] [ 46%] [32mBuilding CXX object CMakeFiles/task_2_interfaces__rosidl_typesupport_c.dir/rosidl_typesupport_c/task_2_interfaces/msg/joint_data__type_support.cpp.o[0m
[2.122s] [ 48%] [32mBuilding CXX object CMakeFiles/task_2_interfaces__rosidl_typesupport_c.dir/rosidl_typesupport_c/task_2_interfaces/srv/joint_state__type_support.cpp.o[0m
[2.163s] [ 51%] [32m[1mLinking CXX shared library libtask_2_interfaces__rosidl_typesupport_c.so[0m
[2.181s] [ 53%] [32mBuilding CXX object CMakeFiles/task_2_interfaces__rosidl_typesupport_fastrtps_c.dir/rosidl_typesupport_fastrtps_c/task_2_interfaces/msg/detail/joint_data__type_support_c.cpp.o[0m
[2.182s] [ 56%] [32mBuilding CXX object CMakeFiles/task_2_interfaces__rosidl_typesupport_fastrtps_c.dir/rosidl_typesupport_fastrtps_c/task_2_interfaces/srv/detail/joint_state__type_support_c.cpp.o[0m
[2.197s] [ 61%] [32mBuilding C object CMakeFiles/task_2_interfaces__rosidl_typesupport_introspection_c.dir/rosidl_typesupport_introspection_c/task_2_interfaces/msg/detail/joint_data__type_support.c.o[0m
[2.197s] [ 61%] [32mBuilding C object CMakeFiles/task_2_interfaces__rosidl_typesupport_introspection_c.dir/rosidl_typesupport_introspection_c/task_2_interfaces/srv/detail/joint_state__type_support.c.o[0m
[2.223s] [ 61%] Built target task_2_interfaces__rosidl_typesupport_c
[2.242s] [ 64%] [32m[1mLinking C shared library libtask_2_interfaces__rosidl_typesupport_introspection_c.so[0m
[2.270s] [ 64%] Built target task_2_interfaces__rosidl_typesupport_introspection_c
[2.406s] [ 66%] [32m[1mLinking CXX shared library libtask_2_interfaces__rosidl_typesupport_cpp.so[0m
[2.443s] [ 66%] Built target task_2_interfaces__rosidl_typesupport_cpp
[2.529s] [ 69%] [32m[1mLinking CXX shared library libtask_2_interfaces__rosidl_typesupport_introspection_cpp.so[0m
[2.578s] [ 69%] Built target task_2_interfaces__rosidl_typesupport_introspection_cpp
[2.607s] [ 71%] [32m[1mLinking CXX shared library libtask_2_interfaces__rosidl_typesupport_fastrtps_cpp.so[0m
[2.608s] [ 74%] [32m[1mLinking CXX shared library libtask_2_interfaces__rosidl_typesupport_fastrtps_c.so[0m
[2.668s] [ 74%] Built target task_2_interfaces__rosidl_typesupport_fastrtps_cpp
[2.668s] [ 74%] Built target task_2_interfaces__rosidl_typesupport_fastrtps_c
[2.681s] [ 74%] Built target task_2_interfaces
[2.694s] [ 76%] [34m[1mGenerating Python code for ROS interfaces[0m
[3.076s] [ 76%] Built target task_2_interfaces__py
[3.090s] [ 79%] [32mBuilding C object CMakeFiles/task_2_interfaces__rosidl_generator_py.dir/rosidl_generator_py/task_2_interfaces/msg/_joint_data_s.c.o[0m
[3.090s] [ 82%] [32mBuilding C object CMakeFiles/task_2_interfaces__rosidl_generator_py.dir/rosidl_generator_py/task_2_interfaces/srv/_joint_state_s.c.o[0m
[3.182s] [ 84%] [32m[1mLinking C shared library rosidl_generator_py/task_2_interfaces/libtask_2_interfaces__rosidl_generator_py.so[0m
[3.211s] [ 84%] Built target task_2_interfaces__rosidl_generator_py
[3.225s] [ 92%] [32mBuilding C object CMakeFiles/task_2_interfaces__rosidl_typesupport_introspection_c__pyext.dir/rosidl_generator_py/task_2_interfaces/_task_2_interfaces_s.ep.rosidl_typesupport_introspection_c.c.o[0m
[3.225s] [ 92%] [32mBuilding C object CMakeFiles/task_2_interfaces__rosidl_typesupport_c__pyext.dir/rosidl_generator_py/task_2_interfaces/_task_2_interfaces_s.ep.rosidl_typesupport_c.c.o[0m
[3.225s] [ 92%] [32mBuilding C object CMakeFiles/task_2_interfaces__rosidl_typesupport_fastrtps_c__pyext.dir/rosidl_generator_py/task_2_interfaces/_task_2_interfaces_s.ep.rosidl_typesupport_fastrtps_c.c.o[0m
[3.305s] [100%] [32m[1mLinking C shared library rosidl_generator_py/task_2_interfaces/task_2_interfaces_s__rosidl_typesupport_c.cpython-310-x86_64-linux-gnu.so[0m
[3.305s] [100%] [32m[1mLinking C shared library rosidl_generator_py/task_2_interfaces/task_2_interfaces_s__rosidl_typesupport_fastrtps_c.cpython-310-x86_64-linux-gnu.so[0m
[3.305s] [100%] [32m[1mLinking C shared library rosidl_generator_py/task_2_interfaces/task_2_interfaces_s__rosidl_typesupport_introspection_c.cpython-310-x86_64-linux-gnu.so[0m
[3.336s] [100%] Built target task_2_interfaces__rosidl_typesupport_fastrtps_c__pyext
[3.336s] [100%] Built target task_2_interfaces__rosidl_typesupport_c__pyext
[3.336s] [100%] Built target task_2_interfaces__rosidl_typesupport_introspection_c__pyext
[3.344s] Invoked command in '/home/albert/ros2_ws/build/task_2_interfaces' returned '0': CMAKE_PREFIX_PATH=/opt/ros/humble /usr/bin/cmake --build /home/albert/ros2_ws/build/task_2_interfaces -- -j12 -l12
[3.350s] Invoking command in '/home/albert/ros2_ws/build/task_2_interfaces': CMAKE_PREFIX_PATH=/opt/ros/humble /usr/bin/cmake --install /home/albert/ros2_ws/build/task_2_interfaces
[3.355s] -- Install configuration: ""
[3.355s] -- Installing: /home/albert/ros2_ws/install/task_2_interfaces/share/ament_index/resource_index/rosidl_interfaces/task_2_interfaces
[3.355s] -- Installing: /home/albert/ros2_ws/install/task_2_interfaces/include/task_2_interfaces/task_2_interfaces
[3.355s] -- Installing: /home/albert/ros2_ws/install/task_2_interfaces/include/task_2_interfaces/task_2_interfaces/msg
[3.356s] -- Installing: /home/albert/ros2_ws/install/task_2_interfaces/include/task_2_interfaces/task_2_interfaces/msg/detail
[3.356s] -- Installing: /home/albert/ros2_ws/install/task_2_interfaces/include/task_2_interfaces/task_2_interfaces/msg/detail/joint_data__functions.h
[3.356s] -- Installing: /home/albert/ros2_ws/install/task_2_interfaces/include/task_2_interfaces/task_2_interfaces/msg/detail/joint_data__functions.c
[3.356s] -- Installing: /home/albert/ros2_ws/install/task_2_interfaces/include/task_2_interfaces/task_2_interfaces/msg/detail/joint_data__struct.h
[3.356s] -- Installing: /home/albert/ros2_ws/install/task_2_interfaces/include/task_2_interfaces/task_2_interfaces/msg/detail/joint_data__type_support.h
[3.356s] -- Installing: /home/albert/ros2_ws/install/task_2_interfaces/include/task_2_interfaces/task_2_interfaces/msg/joint_data.h
[3.356s] -- Installing: /home/albert/ros2_ws/install/task_2_interfaces/include/task_2_interfaces/task_2_interfaces/msg/rosidl_generator_c__visibility_control.h
[3.356s] -- Installing: /home/albert/ros2_ws/install/task_2_interfaces/include/task_2_interfaces/task_2_interfaces/srv
[3.356s] -- Installing: /home/albert/ros2_ws/install/task_2_interfaces/include/task_2_interfaces/task_2_interfaces/srv/detail
[3.356s] -- Installing: /home/albert/ros2_ws/install/task_2_interfaces/include/task_2_interfaces/task_2_interfaces/srv/detail/joint_state__type_support.h
[3.356s] -- Installing: /home/albert/ros2_ws/install/task_2_interfaces/include/task_2_interfaces/task_2_interfaces/srv/detail/joint_state__struct.h
[3.356s] -- Installing: /home/albert/ros2_ws/install/task_2_interfaces/include/task_2_interfaces/task_2_interfaces/srv/detail/joint_state__functions.c
[3.356s] -- Installing: /home/albert/ros2_ws/install/task_2_interfaces/include/task_2_interfaces/task_2_interfaces/srv/detail/joint_state__functions.h
[3.356s] -- Installing: /home/albert/ros2_ws/install/task_2_interfaces/include/task_2_interfaces/task_2_interfaces/srv/joint_state.h
[3.356s] -- Installing: /home/albert/ros2_ws/install/task_2_interfaces/share/task_2_interfaces/environment/library_path.sh
[3.357s] -- Installing: /home/albert/ros2_ws/install/task_2_interfaces/share/task_2_interfaces/environment/library_path.dsv
[3.357s] -- Installing: /home/albert/ros2_ws/install/task_2_interfaces/lib/libtask_2_interfaces__rosidl_generator_c.so
[3.357s] -- Set runtime path of "/home/albert/ros2_ws/install/task_2_interfaces/lib/libtask_2_interfaces__rosidl_generator_c.so" to ""
[3.357s] -- Up-to-date: /home/albert/ros2_ws/install/task_2_interfaces/include/task_2_interfaces/task_2_interfaces
[3.357s] -- Up-to-date: /home/albert/ros2_ws/install/task_2_interfaces/include/task_2_interfaces/task_2_interfaces/msg
[3.357s] -- Up-to-date: /home/albert/ros2_ws/install/task_2_interfaces/include/task_2_interfaces/task_2_interfaces/msg/detail
[3.357s] -- Installing: /home/albert/ros2_ws/install/task_2_interfaces/include/task_2_interfaces/task_2_interfaces/msg/detail/joint_data__rosidl_typesupport_fastrtps_c.h
[3.357s] -- Installing: /home/albert/ros2_ws/install/task_2_interfaces/include/task_2_interfaces/task_2_interfaces/msg/rosidl_typesupport_fastrtps_c__visibility_control.h
[3.357s] -- Up-to-date: /home/albert/ros2_ws/install/task_2_interfaces/include/task_2_interfaces/task_2_interfaces/srv
[3.357s] -- Up-to-date: /home/albert/ros2_ws/install/task_2_interfaces/include/task_2_interfaces/task_2_interfaces/srv/detail
[3.357s] -- Installing: /home/albert/ros2_ws/install/task_2_interfaces/include/task_2_interfaces/task_2_interfaces/srv/detail/joint_state__rosidl_typesupport_fastrtps_c.h
[3.357s] -- Installing: /home/albert/ros2_ws/install/task_2_interfaces/lib/libtask_2_interfaces__rosidl_typesupport_fastrtps_c.so
[3.357s] -- Set runtime path of "/home/albert/ros2_ws/install/task_2_interfaces/lib/libtask_2_interfaces__rosidl_typesupport_fastrtps_c.so" to ""
[3.358s] -- Up-to-date: /home/albert/ros2_ws/install/task_2_interfaces/include/task_2_interfaces/task_2_interfaces
[3.358s] -- Up-to-date: /home/albert/ros2_ws/install/task_2_interfaces/include/task_2_interfaces/task_2_interfaces/msg
[3.358s] -- Up-to-date: /home/albert/ros2_ws/install/task_2_interfaces/include/task_2_interfaces/task_2_interfaces/msg/detail
[3.358s] -- Installing: /home/albert/ros2_ws/install/task_2_interfaces/include/task_2_interfaces/task_2_interfaces/msg/detail/joint_data__type_support.hpp
[3.358s] -- Installing: /home/albert/ros2_ws/install/task_2_interfaces/include/task_2_interfaces/task_2_interfaces/msg/detail/joint_data__traits.hpp
[3.358s] -- Installing: /home/albert/ros2_ws/install/task_2_interfaces/include/task_2_interfaces/task_2_interfaces/msg/detail/joint_data__struct.hpp
[3.358s] -- Installing: /home/albert/ros2_ws/install/task_2_interfaces/include/task_2_interfaces/task_2_interfaces/msg/detail/joint_data__builder.hpp
[3.358s] -- Installing: /home/albert/ros2_ws/install/task_2_interfaces/include/task_2_interfaces/task_2_interfaces/msg/rosidl_generator_cpp__visibility_control.hpp
[3.358s] -- Installing: /home/albert/ros2_ws/install/task_2_interfaces/include/task_2_interfaces/task_2_interfaces/msg/joint_data.hpp
[3.358s] -- Up-to-date: /home/albert/ros2_ws/install/task_2_interfaces/include/task_2_interfaces/task_2_interfaces/srv
[3.358s] -- Up-to-date: /home/albert/ros2_ws/install/task_2_interfaces/include/task_2_interfaces/task_2_interfaces/srv/detail
[3.358s] -- Installing: /home/albert/ros2_ws/install/task_2_interfaces/include/task_2_interfaces/task_2_interfaces/srv/detail/joint_state__struct.hpp
[3.358s] -- Installing: /home/albert/ros2_ws/install/task_2_interfaces/include/task_2_interfaces/task_2_interfaces/srv/detail/joint_state__type_support.hpp
[3.358s] -- Installing: /home/albert/ros2_ws/install/task_2_interfaces/include/task_2_interfaces/task_2_interfaces/srv/detail/joint_state__builder.hpp
[3.358s] -- Installing: /home/albert/ros2_ws/install/task_2_interfaces/include/task_2_interfaces/task_2_interfaces/srv/detail/joint_state__traits.hpp
[3.358s] -- Installing: /home/albert/ros2_ws/install/task_2_interfaces/include/task_2_interfaces/task_2_interfaces/srv/joint_state.hpp
[3.358s] -- Up-to-date: /home/albert/ros2_ws/install/task_2_interfaces/include/task_2_interfaces/task_2_interfaces
[3.358s] -- Up-to-date: /home/albert/ros2_ws/install/task_2_interfaces/include/task_2_interfaces/task_2_interfaces/msg
[3.358s] -- Up-to-date: /home/albert/ros2_ws/install/task_2_interfaces/include/task_2_interfaces/task_2_interfaces/msg/detail
[3.359s] -- Installing: /home/albert/ros2_ws/install/task_2_interfaces/include/task_2_interfaces/task_2_interfaces/msg/detail/joint_data__rosidl_typesupport_fastrtps_cpp.hpp
[3.359s] -- Installing: /home/albert/ros2_ws/install/task_2_interfaces/include/task_2_interfaces/task_2_interfaces/msg/detail/dds_fastrtps
[3.359s] -- Installing: /home/albert/ros2_ws/install/task_2_interfaces/include/task_2_interfaces/task_2_interfaces/msg/rosidl_typesupport_fastrtps_cpp__visibility_control.h
[3.359s] -- Up-to-date: /home/albert/ros2_ws/install/task_2_interfaces/include/task_2_interfaces/task_2_interfaces/srv
[3.359s] -- Up-to-date: /home/albert/ros2_ws/install/task_2_interfaces/include/task_2_interfaces/task_2_interfaces/srv/detail
[3.359s] -- Installing: /home/albert/ros2_ws/install/task_2_interfaces/include/task_2_interfaces/task_2_interfaces/srv/detail/dds_fastrtps
[3.359s] -- Installing: /home/albert/ros2_ws/install/task_2_interfaces/include/task_2_interfaces/task_2_interfaces/srv/detail/joint_state__rosidl_typesupport_fastrtps_cpp.hpp
[3.359s] -- Installing: /home/albert/ros2_ws/install/task_2_interfaces/lib/libtask_2_interfaces__rosidl_typesupport_fastrtps_cpp.so
[3.359s] -- Set runtime path of "/home/albert/ros2_ws/install/task_2_interfaces/lib/libtask_2_interfaces__rosidl_typesupport_fastrtps_cpp.so" to ""
[3.359s] -- Up-to-date: /home/albert/ros2_ws/install/task_2_interfaces/include/task_2_interfaces/task_2_interfaces
[3.359s] -- Up-to-date: /home/albert/ros2_ws/install/task_2_interfaces/include/task_2_interfaces/task_2_interfaces/msg
[3.359s] -- Up-to-date: /home/albert/ros2_ws/install/task_2_interfaces/include/task_2_interfaces/task_2_interfaces/msg/detail
[3.359s] -- Installing: /home/albert/ros2_ws/install/task_2_interfaces/include/task_2_interfaces/task_2_interfaces/msg/detail/joint_data__type_support.c
[3.359s] -- Installing: /home/albert/ros2_ws/install/task_2_interfaces/include/task_2_interfaces/task_2_interfaces/msg/detail/joint_data__rosidl_typesupport_introspection_c.h
[3.359s] -- Installing: /home/albert/ros2_ws/install/task_2_interfaces/include/task_2_interfaces/task_2_interfaces/msg/rosidl_typesupport_introspection_c__visibility_control.h
[3.359s] -- Up-to-date: /home/albert/ros2_ws/install/task_2_interfaces/include/task_2_interfaces/task_2_interfaces/srv
[3.359s] -- Up-to-date: /home/albert/ros2_ws/install/task_2_interfaces/include/task_2_interfaces/task_2_interfaces/srv/detail
[3.359s] -- Installing: /home/albert/ros2_ws/install/task_2_interfaces/include/task_2_interfaces/task_2_interfaces/srv/detail/joint_state__rosidl_typesupport_introspection_c.h
[3.359s] -- Installing: /home/albert/ros2_ws/install/task_2_interfaces/include/task_2_interfaces/task_2_interfaces/srv/detail/joint_state__type_support.c
[3.360s] -- Installing: /home/albert/ros2_ws/install/task_2_interfaces/lib/libtask_2_interfaces__rosidl_typesupport_introspection_c.so
[3.360s] -- Set runtime path of "/home/albert/ros2_ws/install/task_2_interfaces/lib/libtask_2_interfaces__rosidl_typesupport_introspection_c.so" to ""
[3.360s] -- Installing: /home/albert/ros2_ws/install/task_2_interfaces/lib/libtask_2_interfaces__rosidl_typesupport_c.so
[3.360s] -- Set runtime path of "/home/albert/ros2_ws/install/task_2_interfaces/lib/libtask_2_interfaces__rosidl_typesupport_c.so" to ""
[3.360s] -- Up-to-date: /home/albert/ros2_ws/install/task_2_interfaces/include/task_2_interfaces/task_2_interfaces
[3.360s] -- Up-to-date: /home/albert/ros2_ws/install/task_2_interfaces/include/task_2_interfaces/task_2_interfaces/msg
[3.360s] -- Up-to-date: /home/albert/ros2_ws/install/task_2_interfaces/include/task_2_interfaces/task_2_interfaces/msg/detail
[3.360s] -- Installing: /home/albert/ros2_ws/install/task_2_interfaces/include/task_2_interfaces/task_2_interfaces/msg/detail/joint_data__type_support.cpp
[3.360s] -- Installing: /home/albert/ros2_ws/install/task_2_interfaces/include/task_2_interfaces/task_2_interfaces/msg/detail/joint_data__rosidl_typesupport_introspection_cpp.hpp
[3.360s] -- Up-to-date: /home/albert/ros2_ws/install/task_2_interfaces/include/task_2_interfaces/task_2_interfaces/srv
[3.360s] -- Up-to-date: /home/albert/ros2_ws/install/task_2_interfaces/include/task_2_interfaces/task_2_interfaces/srv/detail
[3.360s] -- Installing: /home/albert/ros2_ws/install/task_2_interfaces/include/task_2_interfaces/task_2_interfaces/srv/detail/joint_state__rosidl_typesupport_introspection_cpp.hpp
[3.360s] -- Installing: /home/albert/ros2_ws/install/task_2_interfaces/include/task_2_interfaces/task_2_interfaces/srv/detail/joint_state__type_support.cpp
[3.360s] -- Installing: /home/albert/ros2_ws/install/task_2_interfaces/lib/libtask_2_interfaces__rosidl_typesupport_introspection_cpp.so
[3.360s] -- Set runtime path of "/home/albert/ros2_ws/install/task_2_interfaces/lib/libtask_2_interfaces__rosidl_typesupport_introspection_cpp.so" to ""
[3.360s] -- Installing: /home/albert/ros2_ws/install/task_2_interfaces/lib/libtask_2_interfaces__rosidl_typesupport_cpp.so
[3.361s] -- Set runtime path of "/home/albert/ros2_ws/install/task_2_interfaces/lib/libtask_2_interfaces__rosidl_typesupport_cpp.so" to ""
[3.361s] -- Installing: /home/albert/ros2_ws/install/task_2_interfaces/share/task_2_interfaces/environment/pythonpath.sh
[3.361s] -- Installing: /home/albert/ros2_ws/install/task_2_interfaces/share/task_2_interfaces/environment/pythonpath.dsv
[3.361s] -- Installing: /home/albert/ros2_ws/install/task_2_interfaces/local/lib/python3.10/dist-packages/task_2_interfaces-0.0.0-py3.10.egg-info
[3.361s] -- Installing: /home/albert/ros2_ws/install/task_2_interfaces/local/lib/python3.10/dist-packages/task_2_interfaces-0.0.0-py3.10.egg-info/SOURCES.txt
[3.361s] -- Installing: /home/albert/ros2_ws/install/task_2_interfaces/local/lib/python3.10/dist-packages/task_2_interfaces-0.0.0-py3.10.egg-info/PKG-INFO
[3.361s] -- Installing: /home/albert/ros2_ws/install/task_2_interfaces/local/lib/python3.10/dist-packages/task_2_interfaces-0.0.0-py3.10.egg-info/dependency_links.txt
[3.361s] -- Installing: /home/albert/ros2_ws/install/task_2_interfaces/local/lib/python3.10/dist-packages/task_2_interfaces-0.0.0-py3.10.egg-info/top_level.txt
[3.361s] -- Installing: /home/albert/ros2_ws/install/task_2_interfaces/local/lib/python3.10/dist-packages/task_2_interfaces
[3.361s] -- Installing: /home/albert/ros2_ws/install/task_2_interfaces/local/lib/python3.10/dist-packages/task_2_interfaces/_task_2_interfaces_s.ep.rosidl_typesupport_introspection_c.c
[3.361s] -- Installing: /home/albert/ros2_ws/install/task_2_interfaces/local/lib/python3.10/dist-packages/task_2_interfaces/msg
[3.361s] -- Installing: /home/albert/ros2_ws/install/task_2_interfaces/local/lib/python3.10/dist-packages/task_2_interfaces/msg/__init__.py
[3.361s] -- Installing: /home/albert/ros2_ws/install/task_2_interfaces/local/lib/python3.10/dist-packages/task_2_interfaces/msg/_joint_data_s.c
[3.361s] -- Installing: /home/albert/ros2_ws/install/task_2_interfaces/local/lib/python3.10/dist-packages/task_2_interfaces/msg/_joint_data.py
[3.362s] -- Installing: /home/albert/ros2_ws/install/task_2_interfaces/local/lib/python3.10/dist-packages/task_2_interfaces/_task_2_interfaces_s.ep.rosidl_typesupport_fastrtps_c.c
[3.362s] -- Installing: /home/albert/ros2_ws/install/task_2_interfaces/local/lib/python3.10/dist-packages/task_2_interfaces/task_2_interfaces_s__rosidl_typesupport_introspection_c.cpython-310-x86_64-linux-gnu.so
[3.362s] -- Installing: /home/albert/ros2_ws/install/task_2_interfaces/local/lib/python3.10/dist-packages/task_2_interfaces/libtask_2_interfaces__rosidl_generator_py.so
[3.362s] -- Installing: /home/albert/ros2_ws/install/task_2_interfaces/local/lib/python3.10/dist-packages/task_2_interfaces/task_2_interfaces_s__rosidl_typesupport_fastrtps_c.cpython-310-x86_64-linux-gnu.so
[3.362s] -- Installing: /home/albert/ros2_ws/install/task_2_interfaces/local/lib/python3.10/dist-packages/task_2_interfaces/task_2_interfaces_s__rosidl_typesupport_c.cpython-310-x86_64-linux-gnu.so
[3.362s] -- Installing: /home/albert/ros2_ws/install/task_2_interfaces/local/lib/python3.10/dist-packages/task_2_interfaces/__init__.py
[3.362s] -- Installing: /home/albert/ros2_ws/install/task_2_interfaces/local/lib/python3.10/dist-packages/task_2_interfaces/srv
[3.362s] -- Installing: /home/albert/ros2_ws/install/task_2_interfaces/local/lib/python3.10/dist-packages/task_2_interfaces/srv/_joint_state_s.c
[3.362s] -- Installing: /home/albert/ros2_ws/install/task_2_interfaces/local/lib/python3.10/dist-packages/task_2_interfaces/srv/__init__.py
[3.362s] -- Installing: /home/albert/ros2_ws/install/task_2_interfaces/local/lib/python3.10/dist-packages/task_2_interfaces/srv/_joint_state.py
[3.362s] -- Installing: /home/albert/ros2_ws/install/task_2_interfaces/local/lib/python3.10/dist-packages/task_2_interfaces/_task_2_interfaces_s.ep.rosidl_typesupport_c.c
[3.389s] Listing '/home/albert/ros2_ws/install/task_2_interfaces/local/lib/python3.10/dist-packages/task_2_interfaces'...
[3.389s] Compiling '/home/albert/ros2_ws/install/task_2_interfaces/local/lib/python3.10/dist-packages/task_2_interfaces/__init__.py'...
[3.389s] Listing '/home/albert/ros2_ws/install/task_2_interfaces/local/lib/python3.10/dist-packages/task_2_interfaces/msg'...
[3.389s] Compiling '/home/albert/ros2_ws/install/task_2_interfaces/local/lib/python3.10/dist-packages/task_2_interfaces/msg/__init__.py'...
[3.389s] Compiling '/home/albert/ros2_ws/install/task_2_interfaces/local/lib/python3.10/dist-packages/task_2_interfaces/msg/_joint_data.py'...
[3.389s] Listing '/home/albert/ros2_ws/install/task_2_interfaces/local/lib/python3.10/dist-packages/task_2_interfaces/srv'...
[3.389s] Compiling '/home/albert/ros2_ws/install/task_2_interfaces/local/lib/python3.10/dist-packages/task_2_interfaces/srv/__init__.py'...
[3.389s] Compiling '/home/albert/ros2_ws/install/task_2_interfaces/local/lib/python3.10/dist-packages/task_2_interfaces/srv/_joint_state.py'...
[3.392s] -- Installing: /home/albert/ros2_ws/install/task_2_interfaces/local/lib/python3.10/dist-packages/task_2_interfaces/task_2_interfaces_s__rosidl_typesupport_fastrtps_c.cpython-310-x86_64-linux-gnu.so
[3.392s] -- Set runtime path of "/home/albert/ros2_ws/install/task_2_interfaces/local/lib/python3.10/dist-packages/task_2_interfaces/task_2_interfaces_s__rosidl_typesupport_fastrtps_c.cpython-310-x86_64-linux-gnu.so" to ""
[3.392s] -- Installing: /home/albert/ros2_ws/install/task_2_interfaces/local/lib/python3.10/dist-packages/task_2_interfaces/task_2_interfaces_s__rosidl_typesupport_introspection_c.cpython-310-x86_64-linux-gnu.so
[3.392s] -- Set runtime path of "/home/albert/ros2_ws/install/task_2_interfaces/local/lib/python3.10/dist-packages/task_2_interfaces/task_2_interfaces_s__rosidl_typesupport_introspection_c.cpython-310-x86_64-linux-gnu.so" to ""
[3.392s] -- Installing: /home/albert/ros2_ws/install/task_2_interfaces/local/lib/python3.10/dist-packages/task_2_interfaces/task_2_interfaces_s__rosidl_typesupport_c.cpython-310-x86_64-linux-gnu.so
[3.392s] -- Set runtime path of "/home/albert/ros2_ws/install/task_2_interfaces/local/lib/python3.10/dist-packages/task_2_interfaces/task_2_interfaces_s__rosidl_typesupport_c.cpython-310-x86_64-linux-gnu.so" to ""
[3.393s] -- Installing: /home/albert/ros2_ws/install/task_2_interfaces/lib/libtask_2_interfaces__rosidl_generator_py.so
[3.393s] -- Set runtime path of "/home/albert/ros2_ws/install/task_2_interfaces/lib/libtask_2_interfaces__rosidl_generator_py.so" to ""
[3.393s] -- Installing: /home/albert/ros2_ws/install/task_2_interfaces/share/task_2_interfaces/msg/JointData.idl
[3.393s] -- Installing: /home/albert/ros2_ws/install/task_2_interfaces/share/task_2_interfaces/srv/JointState.idl
[3.393s] -- Installing: /home/albert/ros2_ws/install/task_2_interfaces/share/task_2_interfaces/msg/JointData.msg
[3.393s] -- Installing: /home/albert/ros2_ws/install/task_2_interfaces/share/task_2_interfaces/srv/JointState.srv
[3.393s] -- Installing: /home/albert/ros2_ws/install/task_2_interfaces/share/task_2_interfaces/srv/JointState_Request.msg
[3.393s] -- Installing: /home/albert/ros2_ws/install/task_2_interfaces/share/task_2_interfaces/srv/JointState_Response.msg
[3.393s] -- Installing: /home/albert/ros2_ws/install/task_2_interfaces/share/ament_index/resource_index/package_run_dependencies/task_2_interfaces
[3.393s] -- Installing: /home/albert/ros2_ws/install/task_2_interfaces/share/ament_index/resource_index/parent_prefix_path/task_2_interfaces
[3.393s] -- Installing: /home/albert/ros2_ws/install/task_2_interfaces/share/task_2_interfaces/environment/ament_prefix_path.sh
[3.394s] -- Installing: /home/albert/ros2_ws/install/task_2_interfaces/share/task_2_interfaces/environment/ament_prefix_path.dsv
[3.394s] -- Installing: /home/albert/ros2_ws/install/task_2_interfaces/share/task_2_interfaces/environment/path.sh
[3.394s] -- Installing: /home/albert/ros2_ws/install/task_2_interfaces/share/task_2_interfaces/environment/path.dsv
[3.394s] -- Installing: /home/albert/ros2_ws/install/task_2_interfaces/share/task_2_interfaces/local_setup.bash
[3.394s] -- Installing: /home/albert/ros2_ws/install/task_2_interfaces/share/task_2_interfaces/local_setup.sh
[3.394s] -- Installing: /home/albert/ros2_ws/install/task_2_interfaces/share/task_2_interfaces/local_setup.zsh
[3.394s] -- Installing: /home/albert/ros2_ws/install/task_2_interfaces/share/task_2_interfaces/local_setup.dsv
[3.394s] -- Installing: /home/albert/ros2_ws/install/task_2_interfaces/share/task_2_interfaces/package.dsv
[3.394s] -- Installing: /home/albert/ros2_ws/install/task_2_interfaces/share/ament_index/resource_index/packages/task_2_interfaces
[3.394s] -- Installing: /home/albert/ros2_ws/install/task_2_interfaces/share/task_2_interfaces/cmake/export_task_2_interfaces__rosidl_generator_cExport.cmake
[3.394s] -- Installing: /home/albert/ros2_ws/install/task_2_interfaces/share/task_2_interfaces/cmake/export_task_2_interfaces__rosidl_generator_cExport-noconfig.cmake
[3.394s] -- Installing: /home/albert/ros2_ws/install/task_2_interfaces/share/task_2_interfaces/cmake/export_task_2_interfaces__rosidl_typesupport_fastrtps_cExport.cmake
[3.395s] -- Installing: /home/albert/ros2_ws/install/task_2_interfaces/share/task_2_interfaces/cmake/export_task_2_interfaces__rosidl_typesupport_fastrtps_cExport-noconfig.cmake
[3.395s] -- Installing: /home/albert/ros2_ws/install/task_2_interfaces/share/task_2_interfaces/cmake/export_task_2_interfaces__rosidl_generator_cppExport.cmake
[3.395s] -- Installing: /home/albert/ros2_ws/install/task_2_interfaces/share/task_2_interfaces/cmake/export_task_2_interfaces__rosidl_typesupport_fastrtps_cppExport.cmake
[3.395s] -- Installing: /home/albert/ros2_ws/install/task_2_interfaces/share/task_2_interfaces/cmake/export_task_2_interfaces__rosidl_typesupport_fastrtps_cppExport-noconfig.cmake
[3.395s] -- Installing: /home/albert/ros2_ws/install/task_2_interfaces/share/task_2_interfaces/cmake/task_2_interfaces__rosidl_typesupport_introspection_cExport.cmake
[3.395s] -- Installing: /home/albert/ros2_ws/install/task_2_interfaces/share/task_2_interfaces/cmake/task_2_interfaces__rosidl_typesupport_introspection_cExport-noconfig.cmake
[3.395s] -- Installing: /home/albert/ros2_ws/install/task_2_interfaces/share/task_2_interfaces/cmake/task_2_interfaces__rosidl_typesupport_cExport.cmake
[3.395s] -- Installing: /home/albert/ros2_ws/install/task_2_interfaces/share/task_2_interfaces/cmake/task_2_interfaces__rosidl_typesupport_cExport-noconfig.cmake
[3.395s] -- Installing: /home/albert/ros2_ws/install/task_2_interfaces/share/task_2_interfaces/cmake/task_2_interfaces__rosidl_typesupport_introspection_cppExport.cmake
[3.395s] -- Installing: /home/albert/ros2_ws/install/task_2_interfaces/share/task_2_interfaces/cmake/task_2_interfaces__rosidl_typesupport_introspection_cppExport-noconfig.cmake
[3.395s] -- Installing: /home/albert/ros2_ws/install/task_2_interfaces/share/task_2_interfaces/cmake/task_2_interfaces__rosidl_typesupport_cppExport.cmake
[3.396s] -- Installing: /home/albert/ros2_ws/install/task_2_interfaces/share/task_2_interfaces/cmake/task_2_interfaces__rosidl_typesupport_cppExport-noconfig.cmake
[3.396s] -- Installing: /home/albert/ros2_ws/install/task_2_interfaces/share/task_2_interfaces/cmake/export_task_2_interfaces__rosidl_generator_pyExport.cmake
[3.396s] -- Installing: /home/albert/ros2_ws/install/task_2_interfaces/share/task_2_interfaces/cmake/export_task_2_interfaces__rosidl_generator_pyExport-noconfig.cmake
[3.396s] -- Installing: /home/albert/ros2_ws/install/task_2_interfaces/share/task_2_interfaces/cmake/rosidl_cmake-extras.cmake
[3.396s] -- Installing: /home/albert/ros2_ws/install/task_2_interfaces/share/task_2_interfaces/cmake/ament_cmake_export_dependencies-extras.cmake
[3.396s] -- Installing: /home/albert/ros2_ws/install/task_2_interfaces/share/task_2_interfaces/cmake/ament_cmake_export_include_directories-extras.cmake
[3.396s] -- Installing: /home/albert/ros2_ws/install/task_2_interfaces/share/task_2_interfaces/cmake/ament_cmake_export_libraries-extras.cmake
[3.396s] -- Installing: /home/albert/ros2_ws/install/task_2_interfaces/share/task_2_interfaces/cmake/ament_cmake_export_targets-extras.cmake
[3.396s] -- Installing: /home/albert/ros2_ws/install/task_2_interfaces/share/task_2_interfaces/cmake/rosidl_cmake_export_typesupport_targets-extras.cmake
[3.396s] -- Installing: /home/albert/ros2_ws/install/task_2_interfaces/share/task_2_interfaces/cmake/rosidl_cmake_export_typesupport_libraries-extras.cmake
[3.396s] -- Installing: /home/albert/ros2_ws/install/task_2_interfaces/share/task_2_interfaces/cmake/task_2_interfacesConfig.cmake
[3.396s] -- Installing: /home/albert/ros2_ws/install/task_2_interfaces/share/task_2_interfaces/cmake/task_2_interfacesConfig-version.cmake
[3.397s] -- Installing: /home/albert/ros2_ws/install/task_2_interfaces/share/task_2_interfaces/package.xml
[3.398s] Invoked command in '/home/albert/ros2_ws/build/task_2_interfaces' returned '0': CMAKE_PREFIX_PATH=/opt/ros/humble /usr/bin/cmake --install /home/albert/ros2_ws/build/task_2_interfaces
