[0.023s] Invoking command in '/home/albert/ros2_ws/build/my_project_name': /usr/bin/cmake /home/albert/ros2_ws/ME597-Spring2025/1-ROS_2_Basics/Resources/1-Lecture/Demo_2/src -DCMAKE_INSTALL_PREFIX=/home/albert/ros2_ws/install/my_project_name
[0.532s] -- The C compiler identification is GNU 11.4.0
[0.532s] -- The CXX compiler identification is GNU 11.4.0
[0.532s] -- Detecting C compiler ABI info
[0.532s] -- Detecting C compiler ABI info - done
[0.532s] -- Check for working C compiler: /usr/bin/cc - skipped
[0.532s] -- Detecting C compile features
[0.532s] -- Detecting C compile features - done
[0.532s] -- Detecting CXX compiler ABI info
[0.532s] -- Detecting CXX compiler ABI info - done
[0.533s] -- Check for working CXX compiler: /usr/bin/c++ - skipped
[0.533s] -- Detecting CXX compile features
[0.533s] -- Detecting CXX compile features - done
[0.533s] -- Configuring done
[0.533s] -- Generating done
[0.533s] -- Build files have been written to: /home/albert/ros2_ws/build/my_project_name
[0.757s] Invoked command in '/home/albert/ros2_ws/build/my_project_name' returned '0': /usr/bin/cmake /home/albert/ros2_ws/ME597-Spring2025/1-ROS_2_Basics/Resources/1-Lecture/Demo_2/src -DCMAKE_INSTALL_PREFIX=/home/albert/ros2_ws/install/my_project_name
[0.758s] Invoking command in '/home/albert/ros2_ws/build/my_project_name': /usr/bin/cmake --build /home/albert/ros2_ws/build/my_project_name -- -j12 -l12
[0.790s] [ 50%] [32mBuilding CXX object CMakeFiles/my_executable.dir/main.cpp.o[0m
[1.137s] [100%] [32m[1mLinking CXX executable my_executable[0m
[1.208s] [100%] Built target my_executable
[1.218s] Invoked command in '/home/albert/ros2_ws/build/my_project_name' returned '0': /usr/bin/cmake --build /home/albert/ros2_ws/build/my_project_name -- -j12 -l12
