[0.554s] Invoking command in '/home/albert/ros2_ws/src/task_4': PYTHONPATH=/home/albert/ros2_ws/build/task_4/prefix_override:/usr/lib/python3/dist-packages/colcon_core/task/python/colcon_distutils_commands:/home/albert/ros2_ws/install/task_4/lib/python3.10/site-packages:${PYTHONPATH} /usr/bin/python3 -W ignore:setup.py install is deprecated -W ignore:easy_install command is deprecated setup.py egg_info --egg-base ../../build/task_4 build --build-base /home/albert/ros2_ws/build/task_4/build install --record /home/albert/ros2_ws/build/task_4/install.log --single-version-externally-managed install_data
[0.767s] running egg_info
[0.767s] writing ../../build/task_4/task_4.egg-info/PKG-INFO
[0.767s] writing dependency_links to ../../build/task_4/task_4.egg-info/dependency_links.txt
[0.768s] writing entry points to ../../build/task_4/task_4.egg-info/entry_points.txt
[0.768s] writing requirements to ../../build/task_4/task_4.egg-info/requires.txt
[0.768s] writing top-level names to ../../build/task_4/task_4.egg-info/top_level.txt
[0.769s] reading manifest file '../../build/task_4/task_4.egg-info/SOURCES.txt'
[0.770s] writing manifest file '../../build/task_4/task_4.egg-info/SOURCES.txt'
[0.770s] running build
[0.770s] running build_py
[0.770s] running install
[0.770s] running install_lib
[0.771s] running install_data
[0.771s] copying launch/turtlebot4_navigator.launch.py -> /home/albert/ros2_ws/install/task_4/share/task_4/launch
[0.772s] running install_egg_info
[0.773s] removing '/home/albert/ros2_ws/install/task_4/lib/python3.10/site-packages/task_4-0.0.0-py3.10.egg-info' (and everything under it)
[0.773s] Copying ../../build/task_4/task_4.egg-info to /home/albert/ros2_ws/install/task_4/lib/python3.10/site-packages/task_4-0.0.0-py3.10.egg-info
[0.774s] running install_scripts
[0.789s] Installing Navigation script to /home/albert/ros2_ws/install/task_4/lib/task_4
[0.790s] writing list of installed files to '/home/albert/ros2_ws/build/task_4/install.log'
[0.805s] Invoked command in '/home/albert/ros2_ws/src/task_4' returned '0': PYTHONPATH=/home/albert/ros2_ws/build/task_4/prefix_override:/usr/lib/python3/dist-packages/colcon_core/task/python/colcon_distutils_commands:/home/albert/ros2_ws/install/task_4/lib/python3.10/site-packages:${PYTHONPATH} /usr/bin/python3 -W ignore:setup.py install is deprecated -W ignore:easy_install command is deprecated setup.py egg_info --egg-base ../../build/task_4 build --build-base /home/albert/ros2_ws/build/task_4/build install --record /home/albert/ros2_ws/build/task_4/install.log --single-version-externally-managed install_data
