[0.586s] Invoking command in '/home/albert/ros2_ws/src/task_4': PYTHONPATH=/home/albert/ros2_ws/build/task_4/prefix_override:/usr/lib/python3/dist-packages/colcon_core/task/python/colcon_distutils_commands:/home/albert/ros2_ws/install/task_4/lib/python3.10/site-packages:${PYTHONPATH} /usr/bin/python3 -W ignore:setup.py install is deprecated -W ignore:easy_install command is deprecated setup.py egg_info --egg-base ../../build/task_4 build --build-base /home/albert/ros2_ws/build/task_4/build install --record /home/albert/ros2_ws/build/task_4/install.log --single-version-externally-managed install_data
[0.801s] running egg_info
[0.801s] writing ../../build/task_4/task_4.egg-info/PKG-INFO
[0.801s] writing dependency_links to ../../build/task_4/task_4.egg-info/dependency_links.txt
[0.801s] writing entry points to ../../build/task_4/task_4.egg-info/entry_points.txt
[0.801s] writing requirements to ../../build/task_4/task_4.egg-info/requires.txt
[0.802s] writing top-level names to ../../build/task_4/task_4.egg-info/top_level.txt
[0.803s] reading manifest file '../../build/task_4/task_4.egg-info/SOURCES.txt'
[0.803s] writing manifest file '../../build/task_4/task_4.egg-info/SOURCES.txt'
[0.804s] running build
[0.804s] running build_py
[0.804s] running install
[0.804s] running install_lib
[0.805s] running install_data
[0.805s] running install_egg_info
[0.806s] removing '/home/albert/ros2_ws/install/task_4/lib/python3.10/site-packages/task_4-0.0.0-py3.10.egg-info' (and everything under it)
[0.807s] Copying ../../build/task_4/task_4.egg-info to /home/albert/ros2_ws/install/task_4/lib/python3.10/site-packages/task_4-0.0.0-py3.10.egg-info
[0.807s] running install_scripts
[0.825s] Installing Navigation script to /home/albert/ros2_ws/install/task_4/lib/task_4
[0.826s] writing list of installed files to '/home/albert/ros2_ws/build/task_4/install.log'
[0.852s] Invoked command in '/home/albert/ros2_ws/src/task_4' returned '0': PYTHONPATH=/home/albert/ros2_ws/build/task_4/prefix_override:/usr/lib/python3/dist-packages/colcon_core/task/python/colcon_distutils_commands:/home/albert/ros2_ws/install/task_4/lib/python3.10/site-packages:${PYTHONPATH} /usr/bin/python3 -W ignore:setup.py install is deprecated -W ignore:easy_install command is deprecated setup.py egg_info --egg-base ../../build/task_4 build --build-base /home/albert/ros2_ws/build/task_4/build install --record /home/albert/ros2_ws/build/task_4/install.log --single-version-externally-managed install_data
