[0.810s] Invoking command in '/home/albert/ros2_ws/src/task_4': PYTHONPATH=/home/albert/ros2_ws/build/task_4/prefix_override:/usr/lib/python3/dist-packages/colcon_core/task/python/colcon_distutils_commands:/home/albert/ros2_ws/install/task_4/lib/python3.10/site-packages:${PYTHONPATH} /usr/bin/python3 -W ignore:setup.py install is deprecated -W ignore:easy_install command is deprecated setup.py egg_info --egg-base ../../build/task_4 build --build-base /home/albert/ros2_ws/build/task_4/build install --record /home/albert/ros2_ws/build/task_4/install.log --single-version-externally-managed install_data
[1.102s] running egg_info
[1.102s] writing ../../build/task_4/task_4.egg-info/PKG-INFO
[1.103s] writing dependency_links to ../../build/task_4/task_4.egg-info/dependency_links.txt
[1.103s] writing entry points to ../../build/task_4/task_4.egg-info/entry_points.txt
[1.103s] writing requirements to ../../build/task_4/task_4.egg-info/requires.txt
[1.103s] writing top-level names to ../../build/task_4/task_4.egg-info/top_level.txt
[1.105s] reading manifest file '../../build/task_4/task_4.egg-info/SOURCES.txt'
[1.106s] writing manifest file '../../build/task_4/task_4.egg-info/SOURCES.txt'
[1.106s] running build
[1.106s] running build_py
[1.106s] copying task_4/auto_navigator.py -> /home/albert/ros2_ws/build/task_4/build/lib/task_4
[1.106s] running install
[1.106s] running install_lib
[1.107s] copying /home/albert/ros2_ws/build/task_4/build/lib/task_4/auto_navigator.py -> /home/albert/ros2_ws/install/task_4/lib/python3.10/site-packages/task_4
[1.108s] byte-compiling /home/albert/ros2_ws/install/task_4/lib/python3.10/site-packages/task_4/auto_navigator.py to auto_navigator.cpython-310.pyc
[1.114s] running install_data
[1.114s] running install_egg_info
[1.117s] removing '/home/albert/ros2_ws/install/task_4/lib/python3.10/site-packages/task_4-0.0.0-py3.10.egg-info' (and everything under it)
[1.117s] Copying ../../build/task_4/task_4.egg-info to /home/albert/ros2_ws/install/task_4/lib/python3.10/site-packages/task_4-0.0.0-py3.10.egg-info
[1.118s] running install_scripts
[1.140s] Installing Navigation script to /home/albert/ros2_ws/install/task_4/lib/task_4
[1.140s] writing list of installed files to '/home/albert/ros2_ws/build/task_4/install.log'
[1.160s] Invoked command in '/home/albert/ros2_ws/src/task_4' returned '0': PYTHONPATH=/home/albert/ros2_ws/build/task_4/prefix_override:/usr/lib/python3/dist-packages/colcon_core/task/python/colcon_distutils_commands:/home/albert/ros2_ws/install/task_4/lib/python3.10/site-packages:${PYTHONPATH} /usr/bin/python3 -W ignore:setup.py install is deprecated -W ignore:easy_install command is deprecated setup.py egg_info --egg-base ../../build/task_4 build --build-base /home/albert/ros2_ws/build/task_4/build install --record /home/albert/ros2_ws/build/task_4/install.log --single-version-externally-managed install_data
