[0.030s] Invoking command in '/home/albert/ros2_ws/build/task_2_interfaces': CMAKE_PREFIX_PATH=${CMAKE_PREFIX_PATH}:/home/albert/ros2_ws/install/task_4:/home/albert/ros2_ws/install/task_3:/home/albert/ros2_ws/install/task_2:/home/albert/ros2_ws/install/task_1:/opt/ros/humble /usr/bin/cmake --build /home/albert/ros2_ws/build/task_2_interfaces -- -j12 -l12
[0.640s] [  2%] Built target task_2_interfaces__cpp
[0.641s] [ 12%] Built target task_2_interfaces__rosidl_generator_c
[0.641s] [ 12%] Built target ament_cmake_python_copy_task_2_interfaces
[0.641s] [ 23%] Built target task_2_interfaces__rosidl_typesupport_cpp
[0.641s] [ 33%] Built target task_2_interfaces__rosidl_typesupport_introspection_cpp
[0.641s] [ 43%] Built target task_2_interfaces__rosidl_typesupport_fastrtps_cpp
[0.642s] [ 53%] Built target task_2_interfaces__rosidl_typesupport_c
[0.642s] [ 64%] Built target task_2_interfaces__rosidl_typesupport_introspection_c
[0.642s] [ 74%] Built target task_2_interfaces__rosidl_typesupport_fastrtps_c
[0.642s] [ 74%] Built target task_2_interfaces
[0.642s] [ 76%] Built target task_2_interfaces__py
[0.642s] [ 84%] Built target task_2_interfaces__rosidl_generator_py
[0.642s] [ 89%] Built target task_2_interfaces__rosidl_typesupport_fastrtps_c__pyext
[0.642s] [100%] Built target task_2_interfaces__rosidl_typesupport_c__pyext
[0.642s] [100%] Built target task_2_interfaces__rosidl_typesupport_introspection_c__pyext
[0.642s] running egg_info
[0.642s] writing task_2_interfaces.egg-info/PKG-INFO
[0.642s] writing dependency_links to task_2_interfaces.egg-info/dependency_links.txt
[0.642s] writing top-level names to task_2_interfaces.egg-info/top_level.txt
[0.642s] reading manifest file 'task_2_interfaces.egg-info/SOURCES.txt'
[0.642s] writing manifest file 'task_2_interfaces.egg-info/SOURCES.txt'
[0.643s] gmake[1]: *** [CMakeFiles/Makefile2:448: CMakeFiles/ament_cmake_python_build_task_2_interfaces_egg.dir/all] Interrupt
[0.643s] gmake: *** [Makefile:146: all] Interrupt
