[2.255s] Invoking command in '/home/albert/ros2_ws/src/task_4': PYTHONPATH=/home/albert/ros2_ws/build/task_4/prefix_override:/usr/lib/python3/dist-packages/colcon_core/task/python/colcon_distutils_commands:/home/albert/ros2_ws/install/task_4/lib/python3.10/site-packages:${PYTHONPATH} /usr/bin/python3 -W ignore:setup.py install is deprecated -W ignore:easy_install command is deprecated setup.py egg_info --egg-base ../../build/task_4 build --build-base /home/albert/ros2_ws/build/task_4/build install --record /home/albert/ros2_ws/build/task_4/install.log --single-version-externally-managed install_data
[3.091s] running egg_info
[3.094s] writing ../../build/task_4/task_4.egg-info/PKG-INFO
[3.095s] writing dependency_links to ../../build/task_4/task_4.egg-info/dependency_links.txt
[3.095s] writing entry points to ../../build/task_4/task_4.egg-info/entry_points.txt
[3.096s] writing requirements to ../../build/task_4/task_4.egg-info/requires.txt
[3.098s] writing top-level names to ../../build/task_4/task_4.egg-info/top_level.txt
[3.107s] reading manifest file '../../build/task_4/task_4.egg-info/SOURCES.txt'
[3.109s] writing manifest file '../../build/task_4/task_4.egg-info/SOURCES.txt'
[3.109s] running build
[3.109s] running build_py
[3.109s] copying task_4/auto_navigator.py -> /home/albert/ros2_ws/build/task_4/build/lib/task_4
[3.110s] running install
[3.110s] running install_lib
[3.114s] copying /home/albert/ros2_ws/build/task_4/build/lib/task_4/auto_navigator.py -> /home/albert/ros2_ws/install/task_4/lib/python3.10/site-packages/task_4
[3.115s] byte-compiling /home/albert/ros2_ws/install/task_4/lib/python3.10/site-packages/task_4/auto_navigator.py to auto_navigator.cpython-310.pyc
[3.133s] running install_data
[3.134s] running install_egg_info
[3.139s] removing '/home/albert/ros2_ws/install/task_4/lib/python3.10/site-packages/task_4-0.0.0-py3.10.egg-info' (and everything under it)
[3.141s] Copying ../../build/task_4/task_4.egg-info to /home/albert/ros2_ws/install/task_4/lib/python3.10/site-packages/task_4-0.0.0-py3.10.egg-info
[3.144s] running install_scripts
[3.211s] Installing Navigation script to /home/albert/ros2_ws/install/task_4/lib/task_4
[3.212s] writing list of installed files to '/home/albert/ros2_ws/build/task_4/install.log'
[3.324s] Invoked command in '/home/albert/ros2_ws/src/task_4' returned '0': PYTHONPATH=/home/albert/ros2_ws/build/task_4/prefix_override:/usr/lib/python3/dist-packages/colcon_core/task/python/colcon_distutils_commands:/home/albert/ros2_ws/install/task_4/lib/python3.10/site-packages:${PYTHONPATH} /usr/bin/python3 -W ignore:setup.py install is deprecated -W ignore:easy_install command is deprecated setup.py egg_info --egg-base ../../build/task_4 build --build-base /home/albert/ros2_ws/build/task_4/build install --record /home/albert/ros2_ws/build/task_4/install.log --single-version-externally-managed install_data
