[0.098s] DEBUG:colcon:Command line arguments: ['/usr/bin/colcon', 'build', '--packages-select', 'task_4']
[0.098s] DEBUG:colcon:Parsed command line arguments: Namespace(log_base=None, log_level=None, verb_name='build', build_base='build', install_base='install', merge_install=False, symlink_install=False, test_result_base=None, continue_on_error=False, executor='parallel', parallel_workers=12, event_handlers=None, ignore_user_meta=False, metas=['./colcon.meta'], base_paths=['.'], packages_ignore=None, packages_ignore_regex=None, paths=None, packages_up_to=None, packages_up_to_regex=None, packages_above=None, packages_above_and_dependencies=None, packages_above_depth=None, packages_select_by_dep=None, packages_skip_by_dep=None, packages_skip_up_to=None, packages_select_build_failed=False, packages_skip_build_finished=False, packages_select_test_failures=False, packages_skip_test_passed=False, packages_select=['task_4'], packages_skip=None, packages_select_regex=None, packages_skip_regex=None, packages_start=None, packages_end=None, allow_overriding=[], cmake_args=None, cmake_target=None, cmake_target_skip_unavailable=False, cmake_clean_cache=False, cmake_clean_first=False, cmake_force_configure=False, ament_cmake_args=None, catkin_cmake_args=None, catkin_skip_building_tests=False, verb_parser=<colcon_defaults.argument_parser.defaults.DefaultArgumentsDecorator object at 0x7bbe985ce050>, verb_extension=<colcon_core.verb.build.BuildVerb object at 0x7bbe987cb910>, main=<bound method BuildVerb.main of <colcon_core.verb.build.BuildVerb object at 0x7bbe987cb910>>)
[0.247s] Level 1:colcon.colcon_core.package_discovery:discover_packages(colcon_meta) check parameters
[0.247s] Level 1:colcon.colcon_core.package_discovery:discover_packages(recursive) check parameters
[0.247s] Level 1:colcon.colcon_core.package_discovery:discover_packages(ignore) check parameters
[0.247s] Level 1:colcon.colcon_core.package_discovery:discover_packages(path) check parameters
[0.247s] Level 1:colcon.colcon_core.package_discovery:discover_packages(colcon_meta) discover
[0.247s] Level 1:colcon.colcon_core.package_discovery:discover_packages(recursive) discover
[0.247s] INFO:colcon.colcon_core.package_discovery:Crawling recursively for packages in '/home/albert/ros2_ws'
[0.247s] Level 1:colcon.colcon_core.package_identification:_identify(.) by extensions ['ignore', 'ignore_ament_install']
[0.247s] Level 1:colcon.colcon_core.package_identification:_identify(.) by extension 'ignore'
[0.247s] Level 1:colcon.colcon_core.package_identification:_identify(.) by extension 'ignore_ament_install'
[0.248s] Level 1:colcon.colcon_core.package_identification:_identify(.) by extensions ['colcon_pkg']
[0.248s] Level 1:colcon.colcon_core.package_identification:_identify(.) by extension 'colcon_pkg'
[0.248s] Level 1:colcon.colcon_core.package_identification:_identify(.) by extensions ['colcon_meta']
[0.248s] Level 1:colcon.colcon_core.package_identification:_identify(.) by extension 'colcon_meta'
[0.248s] Level 1:colcon.colcon_core.package_identification:_identify(.) by extensions ['ros']
[0.248s] Level 1:colcon.colcon_core.package_identification:_identify(.) by extension 'ros'
[0.271s] Level 1:colcon.colcon_core.package_identification:_identify(.) by extensions ['cmake', 'python']
[0.271s] Level 1:colcon.colcon_core.package_identification:_identify(.) by extension 'cmake'
[0.271s] Level 1:colcon.colcon_core.package_identification:_identify(.) by extension 'python'
[0.271s] Level 1:colcon.colcon_core.package_identification:_identify(.) by extensions ['python_setup_py']
[0.271s] Level 1:colcon.colcon_core.package_identification:_identify(.) by extension 'python_setup_py'
[0.271s] Level 1:colcon.colcon_core.package_identification:_identify(ME597-Spring2025) by extensions ['ignore', 'ignore_ament_install']
[0.271s] Level 1:colcon.colcon_core.package_identification:_identify(ME597-Spring2025) by extension 'ignore'
[0.272s] Level 1:colcon.colcon_core.package_identification:_identify(ME597-Spring2025) by extension 'ignore_ament_install'
[0.272s] Level 1:colcon.colcon_core.package_identification:_identify(ME597-Spring2025) by extensions ['colcon_pkg']
[0.272s] Level 1:colcon.colcon_core.package_identification:_identify(ME597-Spring2025) by extension 'colcon_pkg'
[0.272s] Level 1:colcon.colcon_core.package_identification:_identify(ME597-Spring2025) by extensions ['colcon_meta']
[0.272s] Level 1:colcon.colcon_core.package_identification:_identify(ME597-Spring2025) by extension 'colcon_meta'
[0.272s] Level 1:colcon.colcon_core.package_identification:_identify(ME597-Spring2025) by extensions ['ros']
[0.272s] Level 1:colcon.colcon_core.package_identification:_identify(ME597-Spring2025) by extension 'ros'
[0.272s] Level 1:colcon.colcon_core.package_identification:_identify(ME597-Spring2025) by extensions ['cmake', 'python']
[0.272s] Level 1:colcon.colcon_core.package_identification:_identify(ME597-Spring2025) by extension 'cmake'
[0.272s] Level 1:colcon.colcon_core.package_identification:_identify(ME597-Spring2025) by extension 'python'
[0.272s] Level 1:colcon.colcon_core.package_identification:_identify(ME597-Spring2025) by extensions ['python_setup_py']
[0.272s] Level 1:colcon.colcon_core.package_identification:_identify(ME597-Spring2025) by extension 'python_setup_py'
[0.272s] Level 1:colcon.colcon_core.package_identification:_identify(ME597-Spring2025/0-Setup) by extensions ['ignore', 'ignore_ament_install']
[0.272s] Level 1:colcon.colcon_core.package_identification:_identify(ME597-Spring2025/0-Setup) by extension 'ignore'
[0.272s] Level 1:colcon.colcon_core.package_identification:_identify(ME597-Spring2025/0-Setup) by extension 'ignore_ament_install'
[0.272s] Level 1:colcon.colcon_core.package_identification:_identify(ME597-Spring2025/0-Setup) by extensions ['colcon_pkg']
[0.272s] Level 1:colcon.colcon_core.package_identification:_identify(ME597-Spring2025/0-Setup) by extension 'colcon_pkg'
[0.272s] Level 1:colcon.colcon_core.package_identification:_identify(ME597-Spring2025/0-Setup) by extensions ['colcon_meta']
[0.272s] Level 1:colcon.colcon_core.package_identification:_identify(ME597-Spring2025/0-Setup) by extension 'colcon_meta'
[0.272s] Level 1:colcon.colcon_core.package_identification:_identify(ME597-Spring2025/0-Setup) by extensions ['ros']
[0.272s] Level 1:colcon.colcon_core.package_identification:_identify(ME597-Spring2025/0-Setup) by extension 'ros'
[0.272s] Level 1:colcon.colcon_core.package_identification:_identify(ME597-Spring2025/0-Setup) by extensions ['cmake', 'python']
[0.272s] Level 1:colcon.colcon_core.package_identification:_identify(ME597-Spring2025/0-Setup) by extension 'cmake'
[0.272s] Level 1:colcon.colcon_core.package_identification:_identify(ME597-Spring2025/0-Setup) by extension 'python'
[0.272s] Level 1:colcon.colcon_core.package_identification:_identify(ME597-Spring2025/0-Setup) by extensions ['python_setup_py']
[0.272s] Level 1:colcon.colcon_core.package_identification:_identify(ME597-Spring2025/0-Setup) by extension 'python_setup_py'
[0.273s] Level 1:colcon.colcon_core.package_identification:_identify(ME597-Spring2025/0-Setup/Resources) by extensions ['ignore', 'ignore_ament_install']
[0.273s] Level 1:colcon.colcon_core.package_identification:_identify(ME597-Spring2025/0-Setup/Resources) by extension 'ignore'
[0.273s] Level 1:colcon.colcon_core.package_identification:_identify(ME597-Spring2025/0-Setup/Resources) by extension 'ignore_ament_install'
[0.273s] Level 1:colcon.colcon_core.package_identification:_identify(ME597-Spring2025/0-Setup/Resources) by extensions ['colcon_pkg']
[0.273s] Level 1:colcon.colcon_core.package_identification:_identify(ME597-Spring2025/0-Setup/Resources) by extension 'colcon_pkg'
[0.273s] Level 1:colcon.colcon_core.package_identification:_identify(ME597-Spring2025/0-Setup/Resources) by extensions ['colcon_meta']
[0.273s] Level 1:colcon.colcon_core.package_identification:_identify(ME597-Spring2025/0-Setup/Resources) by extension 'colcon_meta'
[0.273s] Level 1:colcon.colcon_core.package_identification:_identify(ME597-Spring2025/0-Setup/Resources) by extensions ['ros']
[0.273s] Level 1:colcon.colcon_core.package_identification:_identify(ME597-Spring2025/0-Setup/Resources) by extension 'ros'
[0.273s] Level 1:colcon.colcon_core.package_identification:_identify(ME597-Spring2025/0-Setup/Resources) by extensions ['cmake', 'python']
[0.273s] Level 1:colcon.colcon_core.package_identification:_identify(ME597-Spring2025/0-Setup/Resources) by extension 'cmake'
[0.273s] Level 1:colcon.colcon_core.package_identification:_identify(ME597-Spring2025/0-Setup/Resources) by extension 'python'
[0.273s] Level 1:colcon.colcon_core.package_identification:_identify(ME597-Spring2025/0-Setup/Resources) by extensions ['python_setup_py']
[0.273s] Level 1:colcon.colcon_core.package_identification:_identify(ME597-Spring2025/0-Setup/Resources) by extension 'python_setup_py'
[0.273s] Level 1:colcon.colcon_core.package_identification:_identify(ME597-Spring2025/1-ROS_2_Basics) by extensions ['ignore', 'ignore_ament_install']
[0.273s] Level 1:colcon.colcon_core.package_identification:_identify(ME597-Spring2025/1-ROS_2_Basics) by extension 'ignore'
[0.273s] Level 1:colcon.colcon_core.package_identification:_identify(ME597-Spring2025/1-ROS_2_Basics) by extension 'ignore_ament_install'
[0.273s] Level 1:colcon.colcon_core.package_identification:_identify(ME597-Spring2025/1-ROS_2_Basics) by extensions ['colcon_pkg']
[0.273s] Level 1:colcon.colcon_core.package_identification:_identify(ME597-Spring2025/1-ROS_2_Basics) by extension 'colcon_pkg'
[0.273s] Level 1:colcon.colcon_core.package_identification:_identify(ME597-Spring2025/1-ROS_2_Basics) by extensions ['colcon_meta']
[0.273s] Level 1:colcon.colcon_core.package_identification:_identify(ME597-Spring2025/1-ROS_2_Basics) by extension 'colcon_meta'
[0.273s] Level 1:colcon.colcon_core.package_identification:_identify(ME597-Spring2025/1-ROS_2_Basics) by extensions ['ros']
[0.273s] Level 1:colcon.colcon_core.package_identification:_identify(ME597-Spring2025/1-ROS_2_Basics) by extension 'ros'
[0.274s] Level 1:colcon.colcon_core.package_identification:_identify(ME597-Spring2025/1-ROS_2_Basics) by extensions ['cmake', 'python']
[0.274s] Level 1:colcon.colcon_core.package_identification:_identify(ME597-Spring2025/1-ROS_2_Basics) by extension 'cmake'
[0.274s] Level 1:colcon.colcon_core.package_identification:_identify(ME597-Spring2025/1-ROS_2_Basics) by extension 'python'
[0.274s] Level 1:colcon.colcon_core.package_identification:_identify(ME597-Spring2025/1-ROS_2_Basics) by extensions ['python_setup_py']
[0.274s] Level 1:colcon.colcon_core.package_identification:_identify(ME597-Spring2025/1-ROS_2_Basics) by extension 'python_setup_py'
[0.274s] Level 1:colcon.colcon_core.package_identification:_identify(ME597-Spring2025/1-ROS_2_Basics/Resources) by extensions ['ignore', 'ignore_ament_install']
[0.274s] Level 1:colcon.colcon_core.package_identification:_identify(ME597-Spring2025/1-ROS_2_Basics/Resources) by extension 'ignore'
[0.274s] Level 1:colcon.colcon_core.package_identification:_identify(ME597-Spring2025/1-ROS_2_Basics/Resources) by extension 'ignore_ament_install'
[0.274s] Level 1:colcon.colcon_core.package_identification:_identify(ME597-Spring2025/1-ROS_2_Basics/Resources) by extensions ['colcon_pkg']
[0.274s] Level 1:colcon.colcon_core.package_identification:_identify(ME597-Spring2025/1-ROS_2_Basics/Resources) by extension 'colcon_pkg'
[0.274s] Level 1:colcon.colcon_core.package_identification:_identify(ME597-Spring2025/1-ROS_2_Basics/Resources) by extensions ['colcon_meta']
[0.274s] Level 1:colcon.colcon_core.package_identification:_identify(ME597-Spring2025/1-ROS_2_Basics/Resources) by extension 'colcon_meta'
[0.274s] Level 1:colcon.colcon_core.package_identification:_identify(ME597-Spring2025/1-ROS_2_Basics/Resources) by extensions ['ros']
[0.274s] Level 1:colcon.colcon_core.package_identification:_identify(ME597-Spring2025/1-ROS_2_Basics/Resources) by extension 'ros'
[0.274s] Level 1:colcon.colcon_core.package_identification:_identify(ME597-Spring2025/1-ROS_2_Basics/Resources) by extensions ['cmake', 'python']
[0.274s] Level 1:colcon.colcon_core.package_identification:_identify(ME597-Spring2025/1-ROS_2_Basics/Resources) by extension 'cmake'
[0.274s] Level 1:colcon.colcon_core.package_identification:_identify(ME597-Spring2025/1-ROS_2_Basics/Resources) by extension 'python'
[0.274s] Level 1:colcon.colcon_core.package_identification:_identify(ME597-Spring2025/1-ROS_2_Basics/Resources) by extensions ['python_setup_py']
[0.274s] Level 1:colcon.colcon_core.package_identification:_identify(ME597-Spring2025/1-ROS_2_Basics/Resources) by extension 'python_setup_py'
[0.274s] Level 1:colcon.colcon_core.package_identification:_identify(ME597-Spring2025/1-ROS_2_Basics/Resources/1-Lecture) by extensions ['ignore', 'ignore_ament_install']
[0.274s] Level 1:colcon.colcon_core.package_identification:_identify(ME597-Spring2025/1-ROS_2_Basics/Resources/1-Lecture) by extension 'ignore'
[0.274s] Level 1:colcon.colcon_core.package_identification:_identify(ME597-Spring2025/1-ROS_2_Basics/Resources/1-Lecture) by extension 'ignore_ament_install'
[0.274s] Level 1:colcon.colcon_core.package_identification:_identify(ME597-Spring2025/1-ROS_2_Basics/Resources/1-Lecture) by extensions ['colcon_pkg']
[0.274s] Level 1:colcon.colcon_core.package_identification:_identify(ME597-Spring2025/1-ROS_2_Basics/Resources/1-Lecture) by extension 'colcon_pkg'
[0.275s] Level 1:colcon.colcon_core.package_identification:_identify(ME597-Spring2025/1-ROS_2_Basics/Resources/1-Lecture) by extensions ['colcon_meta']
[0.275s] Level 1:colcon.colcon_core.package_identification:_identify(ME597-Spring2025/1-ROS_2_Basics/Resources/1-Lecture) by extension 'colcon_meta'
[0.275s] Level 1:colcon.colcon_core.package_identification:_identify(ME597-Spring2025/1-ROS_2_Basics/Resources/1-Lecture) by extensions ['ros']
[0.275s] Level 1:colcon.colcon_core.package_identification:_identify(ME597-Spring2025/1-ROS_2_Basics/Resources/1-Lecture) by extension 'ros'
[0.275s] Level 1:colcon.colcon_core.package_identification:_identify(ME597-Spring2025/1-ROS_2_Basics/Resources/1-Lecture) by extensions ['cmake', 'python']
[0.275s] Level 1:colcon.colcon_core.package_identification:_identify(ME597-Spring2025/1-ROS_2_Basics/Resources/1-Lecture) by extension 'cmake'
[0.275s] Level 1:colcon.colcon_core.package_identification:_identify(ME597-Spring2025/1-ROS_2_Basics/Resources/1-Lecture) by extension 'python'
[0.275s] Level 1:colcon.colcon_core.package_identification:_identify(ME597-Spring2025/1-ROS_2_Basics/Resources/1-Lecture) by extensions ['python_setup_py']
[0.275s] Level 1:colcon.colcon_core.package_identification:_identify(ME597-Spring2025/1-ROS_2_Basics/Resources/1-Lecture) by extension 'python_setup_py'
[0.275s] Level 1:colcon.colcon_core.package_identification:_identify(ME597-Spring2025/1-ROS_2_Basics/Resources/1-Lecture/Demo_1) by extensions ['ignore', 'ignore_ament_install']
[0.275s] Level 1:colcon.colcon_core.package_identification:_identify(ME597-Spring2025/1-ROS_2_Basics/Resources/1-Lecture/Demo_1) by extension 'ignore'
[0.275s] Level 1:colcon.colcon_core.package_identification:_identify(ME597-Spring2025/1-ROS_2_Basics/Resources/1-Lecture/Demo_1) by extension 'ignore_ament_install'
[0.275s] Level 1:colcon.colcon_core.package_identification:_identify(ME597-Spring2025/1-ROS_2_Basics/Resources/1-Lecture/Demo_1) by extensions ['colcon_pkg']
[0.275s] Level 1:colcon.colcon_core.package_identification:_identify(ME597-Spring2025/1-ROS_2_Basics/Resources/1-Lecture/Demo_1) by extension 'colcon_pkg'
[0.275s] Level 1:colcon.colcon_core.package_identification:_identify(ME597-Spring2025/1-ROS_2_Basics/Resources/1-Lecture/Demo_1) by extensions ['colcon_meta']
[0.275s] Level 1:colcon.colcon_core.package_identification:_identify(ME597-Spring2025/1-ROS_2_Basics/Resources/1-Lecture/Demo_1) by extension 'colcon_meta'
[0.275s] Level 1:colcon.colcon_core.package_identification:_identify(ME597-Spring2025/1-ROS_2_Basics/Resources/1-Lecture/Demo_1) by extensions ['ros']
[0.275s] Level 1:colcon.colcon_core.package_identification:_identify(ME597-Spring2025/1-ROS_2_Basics/Resources/1-Lecture/Demo_1) by extension 'ros'
[0.275s] Level 1:colcon.colcon_core.package_identification:_identify(ME597-Spring2025/1-ROS_2_Basics/Resources/1-Lecture/Demo_1) by extensions ['cmake', 'python']
[0.275s] Level 1:colcon.colcon_core.package_identification:_identify(ME597-Spring2025/1-ROS_2_Basics/Resources/1-Lecture/Demo_1) by extension 'cmake'
[0.275s] Level 1:colcon.colcon_core.package_identification:_identify(ME597-Spring2025/1-ROS_2_Basics/Resources/1-Lecture/Demo_1) by extension 'python'
[0.275s] Level 1:colcon.colcon_core.package_identification:_identify(ME597-Spring2025/1-ROS_2_Basics/Resources/1-Lecture/Demo_1) by extensions ['python_setup_py']
[0.275s] Level 1:colcon.colcon_core.package_identification:_identify(ME597-Spring2025/1-ROS_2_Basics/Resources/1-Lecture/Demo_1) by extension 'python_setup_py'
[0.275s] Level 1:colcon.colcon_core.package_identification:_identify(ME597-Spring2025/1-ROS_2_Basics/Resources/1-Lecture/Demo_2) by extensions ['ignore', 'ignore_ament_install']
[0.276s] Level 1:colcon.colcon_core.package_identification:_identify(ME597-Spring2025/1-ROS_2_Basics/Resources/1-Lecture/Demo_2) by extension 'ignore'
[0.276s] Level 1:colcon.colcon_core.package_identification:_identify(ME597-Spring2025/1-ROS_2_Basics/Resources/1-Lecture/Demo_2) by extension 'ignore_ament_install'
[0.276s] Level 1:colcon.colcon_core.package_identification:_identify(ME597-Spring2025/1-ROS_2_Basics/Resources/1-Lecture/Demo_2) by extensions ['colcon_pkg']
[0.276s] Level 1:colcon.colcon_core.package_identification:_identify(ME597-Spring2025/1-ROS_2_Basics/Resources/1-Lecture/Demo_2) by extension 'colcon_pkg'
[0.276s] Level 1:colcon.colcon_core.package_identification:_identify(ME597-Spring2025/1-ROS_2_Basics/Resources/1-Lecture/Demo_2) by extensions ['colcon_meta']
[0.276s] Level 1:colcon.colcon_core.package_identification:_identify(ME597-Spring2025/1-ROS_2_Basics/Resources/1-Lecture/Demo_2) by extension 'colcon_meta'
[0.276s] Level 1:colcon.colcon_core.package_identification:_identify(ME597-Spring2025/1-ROS_2_Basics/Resources/1-Lecture/Demo_2) by extensions ['ros']
[0.276s] Level 1:colcon.colcon_core.package_identification:_identify(ME597-Spring2025/1-ROS_2_Basics/Resources/1-Lecture/Demo_2) by extension 'ros'
[0.276s] Level 1:colcon.colcon_core.package_identification:_identify(ME597-Spring2025/1-ROS_2_Basics/Resources/1-Lecture/Demo_2) by extensions ['cmake', 'python']
[0.276s] Level 1:colcon.colcon_core.package_identification:_identify(ME597-Spring2025/1-ROS_2_Basics/Resources/1-Lecture/Demo_2) by extension 'cmake'
[0.276s] Level 1:colcon.colcon_core.package_identification:_identify(ME597-Spring2025/1-ROS_2_Basics/Resources/1-Lecture/Demo_2) by extension 'python'
[0.276s] Level 1:colcon.colcon_core.package_identification:_identify(ME597-Spring2025/1-ROS_2_Basics/Resources/1-Lecture/Demo_2) by extensions ['python_setup_py']
[0.276s] Level 1:colcon.colcon_core.package_identification:_identify(ME597-Spring2025/1-ROS_2_Basics/Resources/1-Lecture/Demo_2) by extension 'python_setup_py'
[0.276s] Level 1:colcon.colcon_core.package_identification:_identify(ME597-Spring2025/1-ROS_2_Basics/Resources/1-Lecture/Demo_2/src) by extensions ['ignore', 'ignore_ament_install']
[0.276s] Level 1:colcon.colcon_core.package_identification:_identify(ME597-Spring2025/1-ROS_2_Basics/Resources/1-Lecture/Demo_2/src) by extension 'ignore'
[0.276s] Level 1:colcon.colcon_core.package_identification:_identify(ME597-Spring2025/1-ROS_2_Basics/Resources/1-Lecture/Demo_2/src) by extension 'ignore_ament_install'
[0.276s] Level 1:colcon.colcon_core.package_identification:_identify(ME597-Spring2025/1-ROS_2_Basics/Resources/1-Lecture/Demo_2/src) by extensions ['colcon_pkg']
[0.276s] Level 1:colcon.colcon_core.package_identification:_identify(ME597-Spring2025/1-ROS_2_Basics/Resources/1-Lecture/Demo_2/src) by extension 'colcon_pkg'
[0.276s] Level 1:colcon.colcon_core.package_identification:_identify(ME597-Spring2025/1-ROS_2_Basics/Resources/1-Lecture/Demo_2/src) by extensions ['colcon_meta']
[0.276s] Level 1:colcon.colcon_core.package_identification:_identify(ME597-Spring2025/1-ROS_2_Basics/Resources/1-Lecture/Demo_2/src) by extension 'colcon_meta'
[0.276s] Level 1:colcon.colcon_core.package_identification:_identify(ME597-Spring2025/1-ROS_2_Basics/Resources/1-Lecture/Demo_2/src) by extensions ['ros']
[0.276s] Level 1:colcon.colcon_core.package_identification:_identify(ME597-Spring2025/1-ROS_2_Basics/Resources/1-Lecture/Demo_2/src) by extension 'ros'
[0.276s] Level 1:colcon.colcon_core.package_identification:_identify(ME597-Spring2025/1-ROS_2_Basics/Resources/1-Lecture/Demo_2/src) by extensions ['cmake', 'python']
[0.276s] Level 1:colcon.colcon_core.package_identification:_identify(ME597-Spring2025/1-ROS_2_Basics/Resources/1-Lecture/Demo_2/src) by extension 'cmake'
[0.277s] Level 1:colcon.colcon_core.package_identification:_identify(ME597-Spring2025/1-ROS_2_Basics/Resources/1-Lecture/Demo_2/src) by extension 'python'
[0.277s] DEBUG:colcon.colcon_core.package_identification:Package 'ME597-Spring2025/1-ROS_2_Basics/Resources/1-Lecture/Demo_2/src' with type 'cmake' and name 'my_project_name'
[0.277s] Level 1:colcon.colcon_core.package_identification:_identify(ME597-Spring2025/2-Kinematics_&_Control) by extensions ['ignore', 'ignore_ament_install']
[0.278s] Level 1:colcon.colcon_core.package_identification:_identify(ME597-Spring2025/2-Kinematics_&_Control) by extension 'ignore'
[0.278s] Level 1:colcon.colcon_core.package_identification:_identify(ME597-Spring2025/2-Kinematics_&_Control) by extension 'ignore_ament_install'
[0.278s] Level 1:colcon.colcon_core.package_identification:_identify(ME597-Spring2025/2-Kinematics_&_Control) by extensions ['colcon_pkg']
[0.278s] Level 1:colcon.colcon_core.package_identification:_identify(ME597-Spring2025/2-Kinematics_&_Control) by extension 'colcon_pkg'
[0.278s] Level 1:colcon.colcon_core.package_identification:_identify(ME597-Spring2025/2-Kinematics_&_Control) by extensions ['colcon_meta']
[0.278s] Level 1:colcon.colcon_core.package_identification:_identify(ME597-Spring2025/2-Kinematics_&_Control) by extension 'colcon_meta'
[0.278s] Level 1:colcon.colcon_core.package_identification:_identify(ME597-Spring2025/2-Kinematics_&_Control) by extensions ['ros']
[0.278s] Level 1:colcon.colcon_core.package_identification:_identify(ME597-Spring2025/2-Kinematics_&_Control) by extension 'ros'
[0.278s] Level 1:colcon.colcon_core.package_identification:_identify(ME597-Spring2025/2-Kinematics_&_Control) by extensions ['cmake', 'python']
[0.278s] Level 1:colcon.colcon_core.package_identification:_identify(ME597-Spring2025/2-Kinematics_&_Control) by extension 'cmake'
[0.278s] Level 1:colcon.colcon_core.package_identification:_identify(ME597-Spring2025/2-Kinematics_&_Control) by extension 'python'
[0.278s] Level 1:colcon.colcon_core.package_identification:_identify(ME597-Spring2025/2-Kinematics_&_Control) by extensions ['python_setup_py']
[0.278s] Level 1:colcon.colcon_core.package_identification:_identify(ME597-Spring2025/2-Kinematics_&_Control) by extension 'python_setup_py'
[0.278s] Level 1:colcon.colcon_core.package_identification:_identify(ME597-Spring2025/2-Kinematics_&_Control/Resources) by extensions ['ignore', 'ignore_ament_install']
[0.278s] Level 1:colcon.colcon_core.package_identification:_identify(ME597-Spring2025/2-Kinematics_&_Control/Resources) by extension 'ignore'
[0.278s] Level 1:colcon.colcon_core.package_identification:_identify(ME597-Spring2025/2-Kinematics_&_Control/Resources) by extension 'ignore_ament_install'
[0.278s] Level 1:colcon.colcon_core.package_identification:_identify(ME597-Spring2025/2-Kinematics_&_Control/Resources) by extensions ['colcon_pkg']
[0.278s] Level 1:colcon.colcon_core.package_identification:_identify(ME597-Spring2025/2-Kinematics_&_Control/Resources) by extension 'colcon_pkg'
[0.278s] Level 1:colcon.colcon_core.package_identification:_identify(ME597-Spring2025/2-Kinematics_&_Control/Resources) by extensions ['colcon_meta']
[0.278s] Level 1:colcon.colcon_core.package_identification:_identify(ME597-Spring2025/2-Kinematics_&_Control/Resources) by extension 'colcon_meta'
[0.278s] Level 1:colcon.colcon_core.package_identification:_identify(ME597-Spring2025/2-Kinematics_&_Control/Resources) by extensions ['ros']
[0.278s] Level 1:colcon.colcon_core.package_identification:_identify(ME597-Spring2025/2-Kinematics_&_Control/Resources) by extension 'ros'
[0.278s] Level 1:colcon.colcon_core.package_identification:_identify(ME597-Spring2025/2-Kinematics_&_Control/Resources) by extensions ['cmake', 'python']
[0.278s] Level 1:colcon.colcon_core.package_identification:_identify(ME597-Spring2025/2-Kinematics_&_Control/Resources) by extension 'cmake'
[0.278s] Level 1:colcon.colcon_core.package_identification:_identify(ME597-Spring2025/2-Kinematics_&_Control/Resources) by extension 'python'
[0.279s] Level 1:colcon.colcon_core.package_identification:_identify(ME597-Spring2025/2-Kinematics_&_Control/Resources) by extensions ['python_setup_py']
[0.279s] Level 1:colcon.colcon_core.package_identification:_identify(ME597-Spring2025/2-Kinematics_&_Control/Resources) by extension 'python_setup_py'
[0.279s] Level 1:colcon.colcon_core.package_identification:_identify(ME597-Spring2025/2-Kinematics_&_Control/Resources/images) by extensions ['ignore', 'ignore_ament_install']
[0.279s] Level 1:colcon.colcon_core.package_identification:_identify(ME597-Spring2025/2-Kinematics_&_Control/Resources/images) by extension 'ignore'
[0.279s] Level 1:colcon.colcon_core.package_identification:_identify(ME597-Spring2025/2-Kinematics_&_Control/Resources/images) by extension 'ignore_ament_install'
[0.279s] Level 1:colcon.colcon_core.package_identification:_identify(ME597-Spring2025/2-Kinematics_&_Control/Resources/images) by extensions ['colcon_pkg']
[0.279s] Level 1:colcon.colcon_core.package_identification:_identify(ME597-Spring2025/2-Kinematics_&_Control/Resources/images) by extension 'colcon_pkg'
[0.279s] Level 1:colcon.colcon_core.package_identification:_identify(ME597-Spring2025/2-Kinematics_&_Control/Resources/images) by extensions ['colcon_meta']
[0.279s] Level 1:colcon.colcon_core.package_identification:_identify(ME597-Spring2025/2-Kinematics_&_Control/Resources/images) by extension 'colcon_meta'
[0.279s] Level 1:colcon.colcon_core.package_identification:_identify(ME597-Spring2025/2-Kinematics_&_Control/Resources/images) by extensions ['ros']
[0.279s] Level 1:colcon.colcon_core.package_identification:_identify(ME597-Spring2025/2-Kinematics_&_Control/Resources/images) by extension 'ros'
[0.279s] Level 1:colcon.colcon_core.package_identification:_identify(ME597-Spring2025/2-Kinematics_&_Control/Resources/images) by extensions ['cmake', 'python']
[0.279s] Level 1:colcon.colcon_core.package_identification:_identify(ME597-Spring2025/2-Kinematics_&_Control/Resources/images) by extension 'cmake'
[0.279s] Level 1:colcon.colcon_core.package_identification:_identify(ME597-Spring2025/2-Kinematics_&_Control/Resources/images) by extension 'python'
[0.279s] Level 1:colcon.colcon_core.package_identification:_identify(ME597-Spring2025/2-Kinematics_&_Control/Resources/images) by extensions ['python_setup_py']
[0.279s] Level 1:colcon.colcon_core.package_identification:_identify(ME597-Spring2025/2-Kinematics_&_Control/Resources/images) by extension 'python_setup_py'
[0.279s] Level 1:colcon.colcon_core.package_identification:_identify(ME597-Spring2025/3-Navigation) by extensions ['ignore', 'ignore_ament_install']
[0.279s] Level 1:colcon.colcon_core.package_identification:_identify(ME597-Spring2025/3-Navigation) by extension 'ignore'
[0.279s] Level 1:colcon.colcon_core.package_identification:_identify(ME597-Spring2025/3-Navigation) by extension 'ignore_ament_install'
[0.279s] Level 1:colcon.colcon_core.package_identification:_identify(ME597-Spring2025/3-Navigation) by extensions ['colcon_pkg']
[0.279s] Level 1:colcon.colcon_core.package_identification:_identify(ME597-Spring2025/3-Navigation) by extension 'colcon_pkg'
[0.279s] Level 1:colcon.colcon_core.package_identification:_identify(ME597-Spring2025/3-Navigation) by extensions ['colcon_meta']
[0.279s] Level 1:colcon.colcon_core.package_identification:_identify(ME597-Spring2025/3-Navigation) by extension 'colcon_meta'
[0.279s] Level 1:colcon.colcon_core.package_identification:_identify(ME597-Spring2025/3-Navigation) by extensions ['ros']
[0.280s] Level 1:colcon.colcon_core.package_identification:_identify(ME597-Spring2025/3-Navigation) by extension 'ros'
[0.280s] Level 1:colcon.colcon_core.package_identification:_identify(ME597-Spring2025/3-Navigation) by extensions ['cmake', 'python']
[0.280s] Level 1:colcon.colcon_core.package_identification:_identify(ME597-Spring2025/3-Navigation) by extension 'cmake'
[0.280s] Level 1:colcon.colcon_core.package_identification:_identify(ME597-Spring2025/3-Navigation) by extension 'python'
[0.280s] Level 1:colcon.colcon_core.package_identification:_identify(ME597-Spring2025/3-Navigation) by extensions ['python_setup_py']
[0.280s] Level 1:colcon.colcon_core.package_identification:_identify(ME597-Spring2025/3-Navigation) by extension 'python_setup_py'
[0.280s] Level 1:colcon.colcon_core.package_identification:_identify(ME597-Spring2025/3-Navigation/Resources) by extensions ['ignore', 'ignore_ament_install']
[0.280s] Level 1:colcon.colcon_core.package_identification:_identify(ME597-Spring2025/3-Navigation/Resources) by extension 'ignore'
[0.280s] Level 1:colcon.colcon_core.package_identification:_identify(ME597-Spring2025/3-Navigation/Resources) by extension 'ignore_ament_install'
[0.280s] Level 1:colcon.colcon_core.package_identification:_identify(ME597-Spring2025/3-Navigation/Resources) by extensions ['colcon_pkg']
[0.280s] Level 1:colcon.colcon_core.package_identification:_identify(ME597-Spring2025/3-Navigation/Resources) by extension 'colcon_pkg'
[0.280s] Level 1:colcon.colcon_core.package_identification:_identify(ME597-Spring2025/3-Navigation/Resources) by extensions ['colcon_meta']
[0.280s] Level 1:colcon.colcon_core.package_identification:_identify(ME597-Spring2025/3-Navigation/Resources) by extension 'colcon_meta'
[0.280s] Level 1:colcon.colcon_core.package_identification:_identify(ME597-Spring2025/3-Navigation/Resources) by extensions ['ros']
[0.280s] Level 1:colcon.colcon_core.package_identification:_identify(ME597-Spring2025/3-Navigation/Resources) by extension 'ros'
[0.280s] Level 1:colcon.colcon_core.package_identification:_identify(ME597-Spring2025/3-Navigation/Resources) by extensions ['cmake', 'python']
[0.280s] Level 1:colcon.colcon_core.package_identification:_identify(ME597-Spring2025/3-Navigation/Resources) by extension 'cmake'
[0.280s] Level 1:colcon.colcon_core.package_identification:_identify(ME597-Spring2025/3-Navigation/Resources) by extension 'python'
[0.280s] Level 1:colcon.colcon_core.package_identification:_identify(ME597-Spring2025/3-Navigation/Resources) by extensions ['python_setup_py']
[0.280s] Level 1:colcon.colcon_core.package_identification:_identify(ME597-Spring2025/3-Navigation/Resources) by extension 'python_setup_py'
[0.280s] Level 1:colcon.colcon_core.package_identification:_identify(ME597-Spring2025/4-Perception) by extensions ['ignore', 'ignore_ament_install']
[0.280s] Level 1:colcon.colcon_core.package_identification:_identify(ME597-Spring2025/4-Perception) by extension 'ignore'
[0.280s] Level 1:colcon.colcon_core.package_identification:_identify(ME597-Spring2025/4-Perception) by extension 'ignore_ament_install'
[0.280s] Level 1:colcon.colcon_core.package_identification:_identify(ME597-Spring2025/4-Perception) by extensions ['colcon_pkg']
[0.281s] Level 1:colcon.colcon_core.package_identification:_identify(ME597-Spring2025/4-Perception) by extension 'colcon_pkg'
[0.281s] Level 1:colcon.colcon_core.package_identification:_identify(ME597-Spring2025/4-Perception) by extensions ['colcon_meta']
[0.281s] Level 1:colcon.colcon_core.package_identification:_identify(ME597-Spring2025/4-Perception) by extension 'colcon_meta'
[0.281s] Level 1:colcon.colcon_core.package_identification:_identify(ME597-Spring2025/4-Perception) by extensions ['ros']
[0.281s] Level 1:colcon.colcon_core.package_identification:_identify(ME597-Spring2025/4-Perception) by extension 'ros'
[0.281s] Level 1:colcon.colcon_core.package_identification:_identify(ME597-Spring2025/4-Perception) by extensions ['cmake', 'python']
[0.281s] Level 1:colcon.colcon_core.package_identification:_identify(ME597-Spring2025/4-Perception) by extension 'cmake'
[0.281s] Level 1:colcon.colcon_core.package_identification:_identify(ME597-Spring2025/4-Perception) by extension 'python'
[0.281s] Level 1:colcon.colcon_core.package_identification:_identify(ME597-Spring2025/4-Perception) by extensions ['python_setup_py']
[0.281s] Level 1:colcon.colcon_core.package_identification:_identify(ME597-Spring2025/4-Perception) by extension 'python_setup_py'
[0.281s] Level 1:colcon.colcon_core.package_identification:_identify(ME597-Spring2025/4-Perception/Resources) by extensions ['ignore', 'ignore_ament_install']
[0.281s] Level 1:colcon.colcon_core.package_identification:_identify(ME597-Spring2025/4-Perception/Resources) by extension 'ignore'
[0.281s] Level 1:colcon.colcon_core.package_identification:_identify(ME597-Spring2025/4-Perception/Resources) by extension 'ignore_ament_install'
[0.281s] Level 1:colcon.colcon_core.package_identification:_identify(ME597-Spring2025/4-Perception/Resources) by extensions ['colcon_pkg']
[0.281s] Level 1:colcon.colcon_core.package_identification:_identify(ME597-Spring2025/4-Perception/Resources) by extension 'colcon_pkg'
[0.281s] Level 1:colcon.colcon_core.package_identification:_identify(ME597-Spring2025/4-Perception/Resources) by extensions ['colcon_meta']
[0.281s] Level 1:colcon.colcon_core.package_identification:_identify(ME597-Spring2025/4-Perception/Resources) by extension 'colcon_meta'
[0.281s] Level 1:colcon.colcon_core.package_identification:_identify(ME597-Spring2025/4-Perception/Resources) by extensions ['ros']
[0.281s] Level 1:colcon.colcon_core.package_identification:_identify(ME597-Spring2025/4-Perception/Resources) by extension 'ros'
[0.281s] Level 1:colcon.colcon_core.package_identification:_identify(ME597-Spring2025/4-Perception/Resources) by extensions ['cmake', 'python']
[0.281s] Level 1:colcon.colcon_core.package_identification:_identify(ME597-Spring2025/4-Perception/Resources) by extension 'cmake'
[0.281s] Level 1:colcon.colcon_core.package_identification:_identify(ME597-Spring2025/4-Perception/Resources) by extension 'python'
[0.281s] Level 1:colcon.colcon_core.package_identification:_identify(ME597-Spring2025/4-Perception/Resources) by extensions ['python_setup_py']
[0.281s] Level 1:colcon.colcon_core.package_identification:_identify(ME597-Spring2025/4-Perception/Resources) by extension 'python_setup_py'
[0.281s] Level 1:colcon.colcon_core.package_identification:_identify(ME597-Spring2025/4-Perception/Resources/images) by extensions ['ignore', 'ignore_ament_install']
[0.282s] Level 1:colcon.colcon_core.package_identification:_identify(ME597-Spring2025/4-Perception/Resources/images) by extension 'ignore'
[0.282s] Level 1:colcon.colcon_core.package_identification:_identify(ME597-Spring2025/4-Perception/Resources/images) by extension 'ignore_ament_install'
[0.282s] Level 1:colcon.colcon_core.package_identification:_identify(ME597-Spring2025/4-Perception/Resources/images) by extensions ['colcon_pkg']
[0.282s] Level 1:colcon.colcon_core.package_identification:_identify(ME597-Spring2025/4-Perception/Resources/images) by extension 'colcon_pkg'
[0.282s] Level 1:colcon.colcon_core.package_identification:_identify(ME597-Spring2025/4-Perception/Resources/images) by extensions ['colcon_meta']
[0.282s] Level 1:colcon.colcon_core.package_identification:_identify(ME597-Spring2025/4-Perception/Resources/images) by extension 'colcon_meta'
[0.282s] Level 1:colcon.colcon_core.package_identification:_identify(ME597-Spring2025/4-Perception/Resources/images) by extensions ['ros']
[0.282s] Level 1:colcon.colcon_core.package_identification:_identify(ME597-Spring2025/4-Perception/Resources/images) by extension 'ros'
[0.282s] Level 1:colcon.colcon_core.package_identification:_identify(ME597-Spring2025/4-Perception/Resources/images) by extensions ['cmake', 'python']
[0.282s] Level 1:colcon.colcon_core.package_identification:_identify(ME597-Spring2025/4-Perception/Resources/images) by extension 'cmake'
[0.282s] Level 1:colcon.colcon_core.package_identification:_identify(ME597-Spring2025/4-Perception/Resources/images) by extension 'python'
[0.282s] Level 1:colcon.colcon_core.package_identification:_identify(ME597-Spring2025/4-Perception/Resources/images) by extensions ['python_setup_py']
[0.282s] Level 1:colcon.colcon_core.package_identification:_identify(ME597-Spring2025/4-Perception/Resources/images) by extension 'python_setup_py'
[0.282s] Level 1:colcon.colcon_core.package_identification:_identify(build) by extensions ['ignore', 'ignore_ament_install']
[0.282s] Level 1:colcon.colcon_core.package_identification:_identify(build) by extension 'ignore'
[0.282s] Level 1:colcon.colcon_core.package_identification:_identify(build) ignored
[0.282s] Level 1:colcon.colcon_core.package_identification:_identify(install) by extensions ['ignore', 'ignore_ament_install']
[0.282s] Level 1:colcon.colcon_core.package_identification:_identify(install) by extension 'ignore'
[0.282s] Level 1:colcon.colcon_core.package_identification:_identify(install) ignored
[0.283s] Level 1:colcon.colcon_core.package_identification:_identify(log) by extensions ['ignore', 'ignore_ament_install']
[0.283s] Level 1:colcon.colcon_core.package_identification:_identify(log) by extension 'ignore'
[0.283s] Level 1:colcon.colcon_core.package_identification:_identify(log) ignored
[0.283s] Level 1:colcon.colcon_core.package_identification:_identify(src) by extensions ['ignore', 'ignore_ament_install']
[0.283s] Level 1:colcon.colcon_core.package_identification:_identify(src) by extension 'ignore'
[0.283s] Level 1:colcon.colcon_core.package_identification:_identify(src) by extension 'ignore_ament_install'
[0.283s] Level 1:colcon.colcon_core.package_identification:_identify(src) by extensions ['colcon_pkg']
[0.283s] Level 1:colcon.colcon_core.package_identification:_identify(src) by extension 'colcon_pkg'
[0.283s] Level 1:colcon.colcon_core.package_identification:_identify(src) by extensions ['colcon_meta']
[0.283s] Level 1:colcon.colcon_core.package_identification:_identify(src) by extension 'colcon_meta'
[0.283s] Level 1:colcon.colcon_core.package_identification:_identify(src) by extensions ['ros']
[0.283s] Level 1:colcon.colcon_core.package_identification:_identify(src) by extension 'ros'
[0.283s] Level 1:colcon.colcon_core.package_identification:_identify(src) by extensions ['cmake', 'python']
[0.283s] Level 1:colcon.colcon_core.package_identification:_identify(src) by extension 'cmake'
[0.283s] Level 1:colcon.colcon_core.package_identification:_identify(src) by extension 'python'
[0.283s] Level 1:colcon.colcon_core.package_identification:_identify(src) by extensions ['python_setup_py']
[0.283s] Level 1:colcon.colcon_core.package_identification:_identify(src) by extension 'python_setup_py'
[0.283s] Level 1:colcon.colcon_core.package_identification:_identify(src/task_1) by extensions ['ignore', 'ignore_ament_install']
[0.283s] Level 1:colcon.colcon_core.package_identification:_identify(src/task_1) by extension 'ignore'
[0.283s] Level 1:colcon.colcon_core.package_identification:_identify(src/task_1) by extension 'ignore_ament_install'
[0.283s] Level 1:colcon.colcon_core.package_identification:_identify(src/task_1) by extensions ['colcon_pkg']
[0.283s] Level 1:colcon.colcon_core.package_identification:_identify(src/task_1) by extension 'colcon_pkg'
[0.283s] Level 1:colcon.colcon_core.package_identification:_identify(src/task_1) by extensions ['colcon_meta']
[0.283s] Level 1:colcon.colcon_core.package_identification:_identify(src/task_1) by extension 'colcon_meta'
[0.284s] Level 1:colcon.colcon_core.package_identification:_identify(src/task_1) by extensions ['ros']
[0.284s] Level 1:colcon.colcon_core.package_identification:_identify(src/task_1) by extension 'ros'
[0.285s] DEBUG:colcon.colcon_core.package_identification:Package 'src/task_1' with type 'ros.ament_python' and name 'task_1'
[0.285s] Level 1:colcon.colcon_core.package_identification:_identify(src/task_2) by extensions ['ignore', 'ignore_ament_install']
[0.285s] Level 1:colcon.colcon_core.package_identification:_identify(src/task_2) by extension 'ignore'
[0.286s] Level 1:colcon.colcon_core.package_identification:_identify(src/task_2) by extension 'ignore_ament_install'
[0.286s] Level 1:colcon.colcon_core.package_identification:_identify(src/task_2) by extensions ['colcon_pkg']
[0.286s] Level 1:colcon.colcon_core.package_identification:_identify(src/task_2) by extension 'colcon_pkg'
[0.286s] Level 1:colcon.colcon_core.package_identification:_identify(src/task_2) by extensions ['colcon_meta']
[0.286s] Level 1:colcon.colcon_core.package_identification:_identify(src/task_2) by extension 'colcon_meta'
[0.286s] Level 1:colcon.colcon_core.package_identification:_identify(src/task_2) by extensions ['ros']
[0.286s] Level 1:colcon.colcon_core.package_identification:_identify(src/task_2) by extension 'ros'
[0.286s] DEBUG:colcon.colcon_core.package_identification:Package 'src/task_2' with type 'ros.ament_python' and name 'task_2'
[0.286s] Level 1:colcon.colcon_core.package_identification:_identify(src/task_2_interfaces) by extensions ['ignore', 'ignore_ament_install']
[0.286s] Level 1:colcon.colcon_core.package_identification:_identify(src/task_2_interfaces) by extension 'ignore'
[0.286s] Level 1:colcon.colcon_core.package_identification:_identify(src/task_2_interfaces) by extension 'ignore_ament_install'
[0.286s] Level 1:colcon.colcon_core.package_identification:_identify(src/task_2_interfaces) by extensions ['colcon_pkg']
[0.286s] Level 1:colcon.colcon_core.package_identification:_identify(src/task_2_interfaces) by extension 'colcon_pkg'
[0.286s] Level 1:colcon.colcon_core.package_identification:_identify(src/task_2_interfaces) by extensions ['colcon_meta']
[0.286s] Level 1:colcon.colcon_core.package_identification:_identify(src/task_2_interfaces) by extension 'colcon_meta'
[0.287s] Level 1:colcon.colcon_core.package_identification:_identify(src/task_2_interfaces) by extensions ['ros']
[0.287s] Level 1:colcon.colcon_core.package_identification:_identify(src/task_2_interfaces) by extension 'ros'
[0.287s] DEBUG:colcon.colcon_core.package_identification:Package 'src/task_2_interfaces' with type 'ros.ament_cmake' and name 'task_2_interfaces'
[0.287s] Level 1:colcon.colcon_core.package_identification:_identify(src/task_3) by extensions ['ignore', 'ignore_ament_install']
[0.287s] Level 1:colcon.colcon_core.package_identification:_identify(src/task_3) by extension 'ignore'
[0.287s] Level 1:colcon.colcon_core.package_identification:_identify(src/task_3) by extension 'ignore_ament_install'
[0.287s] Level 1:colcon.colcon_core.package_identification:_identify(src/task_3) by extensions ['colcon_pkg']
[0.287s] Level 1:colcon.colcon_core.package_identification:_identify(src/task_3) by extension 'colcon_pkg'
[0.287s] Level 1:colcon.colcon_core.package_identification:_identify(src/task_3) by extensions ['colcon_meta']
[0.287s] Level 1:colcon.colcon_core.package_identification:_identify(src/task_3) by extension 'colcon_meta'
[0.287s] Level 1:colcon.colcon_core.package_identification:_identify(src/task_3) by extensions ['ros']
[0.287s] Level 1:colcon.colcon_core.package_identification:_identify(src/task_3) by extension 'ros'
[0.288s] DEBUG:colcon.colcon_core.package_identification:Package 'src/task_3' with type 'ros.ament_python' and name 'task_3'
[0.288s] Level 1:colcon.colcon_core.package_identification:_identify(src/task_4) by extensions ['ignore', 'ignore_ament_install']
[0.288s] Level 1:colcon.colcon_core.package_identification:_identify(src/task_4) by extension 'ignore'
[0.288s] Level 1:colcon.colcon_core.package_identification:_identify(src/task_4) by extension 'ignore_ament_install'
[0.288s] Level 1:colcon.colcon_core.package_identification:_identify(src/task_4) by extensions ['colcon_pkg']
[0.288s] Level 1:colcon.colcon_core.package_identification:_identify(src/task_4) by extension 'colcon_pkg'
[0.288s] Level 1:colcon.colcon_core.package_identification:_identify(src/task_4) by extensions ['colcon_meta']
[0.288s] Level 1:colcon.colcon_core.package_identification:_identify(src/task_4) by extension 'colcon_meta'
[0.288s] Level 1:colcon.colcon_core.package_identification:_identify(src/task_4) by extensions ['ros']
[0.288s] Level 1:colcon.colcon_core.package_identification:_identify(src/task_4) by extension 'ros'
[0.289s] DEBUG:colcon.colcon_core.package_identification:Package 'src/task_4' with type 'ros.ament_python' and name 'task_4'
[0.289s] Level 1:colcon.colcon_core.package_discovery:discover_packages(recursive) using defaults
[0.289s] Level 1:colcon.colcon_core.package_discovery:discover_packages(ignore) discover
[0.289s] Level 1:colcon.colcon_core.package_discovery:discover_packages(ignore) using defaults
[0.289s] Level 1:colcon.colcon_core.package_discovery:discover_packages(path) discover
[0.289s] Level 1:colcon.colcon_core.package_discovery:discover_packages(path) using defaults
[0.304s] INFO:colcon.colcon_core.package_selection:Skipping not selected package 'my_project_name' in 'ME597-Spring2025/1-ROS_2_Basics/Resources/1-Lecture/Demo_2/src'
[0.304s] INFO:colcon.colcon_core.package_selection:Skipping not selected package 'task_1' in 'src/task_1'
[0.304s] INFO:colcon.colcon_core.package_selection:Skipping not selected package 'task_2_interfaces' in 'src/task_2_interfaces'
[0.304s] INFO:colcon.colcon_core.package_selection:Skipping not selected package 'task_3' in 'src/task_3'
[0.304s] INFO:colcon.colcon_core.package_selection:Skipping not selected package 'task_2' in 'src/task_2'
[0.304s] Level 1:colcon.colcon_core.package_discovery:discover_packages(prefix_path) check parameters
[0.304s] Level 1:colcon.colcon_core.package_discovery:discover_packages(prefix_path) discover
[0.305s] DEBUG:colcon.colcon_installed_package_information.package_discovery:Found 6 installed packages in /home/albert/ros2_ws/install
[0.307s] DEBUG:colcon.colcon_installed_package_information.package_discovery:Found 333 installed packages in /opt/ros/humble
[0.308s] Level 1:colcon.colcon_core.package_discovery:discover_packages(prefix_path) using defaults
[0.341s] Level 5:colcon.colcon_core.verb:set package 'task_4' build argument 'cmake_args' from command line to 'None'
[0.341s] Level 5:colcon.colcon_core.verb:set package 'task_4' build argument 'cmake_target' from command line to 'None'
[0.341s] Level 5:colcon.colcon_core.verb:set package 'task_4' build argument 'cmake_target_skip_unavailable' from command line to 'False'
[0.341s] Level 5:colcon.colcon_core.verb:set package 'task_4' build argument 'cmake_clean_cache' from command line to 'False'
[0.341s] Level 5:colcon.colcon_core.verb:set package 'task_4' build argument 'cmake_clean_first' from command line to 'False'
[0.341s] Level 5:colcon.colcon_core.verb:set package 'task_4' build argument 'cmake_force_configure' from command line to 'False'
[0.341s] Level 5:colcon.colcon_core.verb:set package 'task_4' build argument 'ament_cmake_args' from command line to 'None'
[0.341s] Level 5:colcon.colcon_core.verb:set package 'task_4' build argument 'catkin_cmake_args' from command line to 'None'
[0.341s] Level 5:colcon.colcon_core.verb:set package 'task_4' build argument 'catkin_skip_building_tests' from command line to 'False'
[0.341s] DEBUG:colcon.colcon_core.verb:Building package 'task_4' with the following arguments: {'ament_cmake_args': None, 'build_base': '/home/albert/ros2_ws/build/task_4', 'catkin_cmake_args': None, 'catkin_skip_building_tests': False, 'cmake_args': None, 'cmake_clean_cache': False, 'cmake_clean_first': False, 'cmake_force_configure': False, 'cmake_target': None, 'cmake_target_skip_unavailable': False, 'install_base': '/home/albert/ros2_ws/install/task_4', 'merge_install': False, 'path': '/home/albert/ros2_ws/src/task_4', 'symlink_install': False, 'test_result_base': None}
[0.342s] INFO:colcon.colcon_core.executor:Executing jobs using 'parallel' executor
[0.342s] DEBUG:colcon.colcon_parallel_executor.executor.parallel:run_until_complete
[0.343s] INFO:colcon.colcon_ros.task.ament_python.build:Building ROS package in '/home/albert/ros2_ws/src/task_4' with build type 'ament_python'
[0.343s] Level 1:colcon.colcon_core.shell:create_environment_hook('task_4', 'ament_prefix_path')
[0.344s] INFO:colcon.colcon_core.plugin_system:Skipping extension 'colcon_core.shell.bat': Not used on non-Windows systems
[0.345s] INFO:colcon.colcon_core.shell:Creating environment hook '/home/albert/ros2_ws/install/task_4/share/task_4/hook/ament_prefix_path.ps1'
[0.345s] INFO:colcon.colcon_core.shell:Creating environment descriptor '/home/albert/ros2_ws/install/task_4/share/task_4/hook/ament_prefix_path.dsv'
[0.345s] INFO:colcon.colcon_core.shell:Creating environment hook '/home/albert/ros2_ws/install/task_4/share/task_4/hook/ament_prefix_path.sh'
[0.346s] INFO:colcon.colcon_core.shell:Skip shell extension 'powershell' for command environment: Not usable outside of PowerShell
[0.346s] DEBUG:colcon.colcon_core.shell:Skip shell extension 'dsv' for command environment
[0.587s] INFO:colcon.colcon_core.task.python.build:Building Python package in '/home/albert/ros2_ws/src/task_4'
[0.587s] INFO:colcon.colcon_core.shell:Skip shell extension 'powershell' for command environment: Not usable outside of PowerShell
[0.587s] DEBUG:colcon.colcon_core.shell:Skip shell extension 'dsv' for command environment
[0.906s] DEBUG:colcon.colcon_core.event_handler.log_command:Invoking command in '/home/albert/ros2_ws/src/task_4': PYTHONPATH=/home/albert/ros2_ws/build/task_4/prefix_override:/usr/lib/python3/dist-packages/colcon_core/task/python/colcon_distutils_commands:/home/albert/ros2_ws/install/task_4/lib/python3.10/site-packages:${PYTHONPATH} /usr/bin/python3 -W ignore:setup.py install is deprecated -W ignore:easy_install command is deprecated setup.py egg_info --egg-base ../../build/task_4 build --build-base /home/albert/ros2_ws/build/task_4/build install --record /home/albert/ros2_ws/build/task_4/install.log --single-version-externally-managed install_data
[1.170s] DEBUG:colcon.colcon_core.event_handler.log_command:Invoked command in '/home/albert/ros2_ws/src/task_4' returned '0': PYTHONPATH=/home/albert/ros2_ws/build/task_4/prefix_override:/usr/lib/python3/dist-packages/colcon_core/task/python/colcon_distutils_commands:/home/albert/ros2_ws/install/task_4/lib/python3.10/site-packages:${PYTHONPATH} /usr/bin/python3 -W ignore:setup.py install is deprecated -W ignore:easy_install command is deprecated setup.py egg_info --egg-base ../../build/task_4 build --build-base /home/albert/ros2_ws/build/task_4/build install --record /home/albert/ros2_ws/build/task_4/install.log --single-version-externally-managed install_data
[1.171s] Level 1:colcon.colcon_core.environment:checking '/home/albert/ros2_ws/install/task_4' for CMake module files
[1.172s] Level 1:colcon.colcon_core.environment:checking '/home/albert/ros2_ws/install/task_4' for CMake config files
[1.173s] Level 1:colcon.colcon_core.environment:checking '/home/albert/ros2_ws/install/task_4/lib'
[1.173s] Level 1:colcon.colcon_core.environment:checking '/home/albert/ros2_ws/install/task_4/bin'
[1.173s] Level 1:colcon.colcon_core.environment:checking '/home/albert/ros2_ws/install/task_4/lib/pkgconfig/task_4.pc'
[1.173s] Level 1:colcon.colcon_core.environment:checking '/home/albert/ros2_ws/install/task_4/lib/python3.10/site-packages'
[1.173s] Level 1:colcon.colcon_core.shell:create_environment_hook('task_4', 'pythonpath')
[1.174s] INFO:colcon.colcon_core.shell:Creating environment hook '/home/albert/ros2_ws/install/task_4/share/task_4/hook/pythonpath.ps1'
[1.174s] INFO:colcon.colcon_core.shell:Creating environment descriptor '/home/albert/ros2_ws/install/task_4/share/task_4/hook/pythonpath.dsv'
[1.175s] INFO:colcon.colcon_core.shell:Creating environment hook '/home/albert/ros2_ws/install/task_4/share/task_4/hook/pythonpath.sh'
[1.175s] Level 1:colcon.colcon_core.environment:checking '/home/albert/ros2_ws/install/task_4/bin'
[1.175s] Level 1:colcon.colcon_core.environment:create_environment_scripts_only(task_4)
[1.176s] INFO:colcon.colcon_core.shell:Creating package script '/home/albert/ros2_ws/install/task_4/share/task_4/package.ps1'
[1.177s] INFO:colcon.colcon_core.shell:Creating package descriptor '/home/albert/ros2_ws/install/task_4/share/task_4/package.dsv'
[1.178s] INFO:colcon.colcon_core.shell:Creating package script '/home/albert/ros2_ws/install/task_4/share/task_4/package.sh'
[1.178s] INFO:colcon.colcon_core.shell:Creating package script '/home/albert/ros2_ws/install/task_4/share/task_4/package.bash'
[1.179s] INFO:colcon.colcon_core.shell:Creating package script '/home/albert/ros2_ws/install/task_4/share/task_4/package.zsh'
[1.179s] Level 1:colcon.colcon_core.environment:create_file_with_runtime_dependencies(/home/albert/ros2_ws/install/task_4/share/colcon-core/packages/task_4)
[1.180s] DEBUG:colcon.colcon_parallel_executor.executor.parallel:closing loop
[1.180s] DEBUG:colcon.colcon_parallel_executor.executor.parallel:loop closed
[1.180s] DEBUG:colcon.colcon_parallel_executor.executor.parallel:run_until_complete finished with '0'
[1.180s] DEBUG:colcon.colcon_core.event_reactor:joining thread
[1.184s] INFO:colcon.colcon_core.plugin_system:Skipping extension 'colcon_notification.desktop_notification.terminal_notifier': Not used on non-Darwin systems
[1.184s] INFO:colcon.colcon_core.plugin_system:Skipping extension 'colcon_notification.desktop_notification.win32': Not used on non-Windows systems
[1.184s] INFO:colcon.colcon_notification.desktop_notification:Sending desktop notification using 'notify2'
[1.201s] DEBUG:colcon.colcon_core.event_reactor:joined thread
[1.202s] INFO:colcon.colcon_core.shell:Creating prefix script '/home/albert/ros2_ws/install/local_setup.ps1'
[1.202s] INFO:colcon.colcon_core.shell:Creating prefix util module '/home/albert/ros2_ws/install/_local_setup_util_ps1.py'
[1.204s] INFO:colcon.colcon_core.shell:Creating prefix chain script '/home/albert/ros2_ws/install/setup.ps1'
[1.205s] INFO:colcon.colcon_core.shell:Creating prefix script '/home/albert/ros2_ws/install/local_setup.sh'
[1.205s] INFO:colcon.colcon_core.shell:Creating prefix util module '/home/albert/ros2_ws/install/_local_setup_util_sh.py'
[1.206s] INFO:colcon.colcon_core.shell:Creating prefix chain script '/home/albert/ros2_ws/install/setup.sh'
[1.207s] INFO:colcon.colcon_core.shell:Creating prefix script '/home/albert/ros2_ws/install/local_setup.bash'
[1.207s] INFO:colcon.colcon_core.shell:Creating prefix chain script '/home/albert/ros2_ws/install/setup.bash'
[1.208s] INFO:colcon.colcon_core.shell:Creating prefix script '/home/albert/ros2_ws/install/local_setup.zsh'
[1.208s] INFO:colcon.colcon_core.shell:Creating prefix chain script '/home/albert/ros2_ws/install/setup.zsh'
