[1.210s] Invoking command in '/home/albert/ros2_ws/src/task_3': PYTHONPATH=/home/albert/ros2_ws/build/task_3/prefix_override:/usr/lib/python3/dist-packages/colcon_core/task/python/colcon_distutils_commands:/home/albert/ros2_ws/install/task_3/lib/python3.10/site-packages:${PYTHONPATH} /usr/bin/python3 -W ignore:setup.py install is deprecated -W ignore:easy_install command is deprecated setup.py egg_info --egg-base ../../build/task_3 build --build-base /home/albert/ros2_ws/build/task_3/build install --record /home/albert/ros2_ws/build/task_3/install.log --single-version-externally-managed install_data
[1.457s] running egg_info
[1.458s] writing ../../build/task_3/task_3.egg-info/PKG-INFO
[1.458s] writing dependency_links to ../../build/task_3/task_3.egg-info/dependency_links.txt
[1.458s] writing entry points to ../../build/task_3/task_3.egg-info/entry_points.txt
[1.458s] writing requirements to ../../build/task_3/task_3.egg-info/requires.txt
[1.458s] writing top-level names to ../../build/task_3/task_3.egg-info/top_level.txt
[1.460s] reading manifest file '../../build/task_3/task_3.egg-info/SOURCES.txt'
[1.460s] adding license file 'LICENSE'
[1.461s] writing manifest file '../../build/task_3/task_3.egg-info/SOURCES.txt'
[1.461s] running build
[1.461s] running build_py
[1.461s] copying task_3/find_angle.py -> /home/albert/ros2_ws/build/task_3/build/lib/task_3
[1.461s] running install
[1.462s] running install_lib
[1.462s] copying /home/albert/ros2_ws/build/task_3/build/lib/task_3/find_angle.py -> /home/albert/ros2_ws/install/task_3/lib/python3.10/site-packages/task_3
[1.463s] byte-compiling /home/albert/ros2_ws/install/task_3/lib/python3.10/site-packages/task_3/find_angle.py to find_angle.cpython-310.pyc
[1.463s] running install_data
[1.463s] running install_egg_info
[1.465s] removing '/home/albert/ros2_ws/install/task_3/lib/python3.10/site-packages/task_3-0.0.0-py3.10.egg-info' (and everything under it)
[1.465s] Copying ../../build/task_3/task_3.egg-info to /home/albert/ros2_ws/install/task_3/lib/python3.10/site-packages/task_3-0.0.0-py3.10.egg-info
[1.466s] running install_scripts
[1.485s] Installing pid_speed_controller script to /home/albert/ros2_ws/install/task_3/lib/task_3
[1.485s] writing list of installed files to '/home/albert/ros2_ws/build/task_3/install.log'
